#! /c/Source/iverilog-install/bin/vvp
:ivl_version "12.0 (devel)" "(s20150603-1539-g2693dd32b)";
:ivl_delay_selection "TYPICAL";
:vpi_time_precision + 0;
:vpi_module "C:\iverilog\lib\ivl\system.vpi";
:vpi_module "C:\iverilog\lib\ivl\vhdl_sys.vpi";
:vpi_module "C:\iverilog\lib\ivl\vhdl_textio.vpi";
:vpi_module "C:\iverilog\lib\ivl\v2005_math.vpi";
:vpi_module "C:\iverilog\lib\ivl\va_math.vpi";
S_00000265ddf92510 .scope module, "ALU" "ALU" 2 1;
 .timescale 0 0;
    .port_info 0 /INPUT 1 "clk";
    .port_info 1 /INPUT 1 "reset";
    .port_info 2 /INPUT 32 "primaryOperand";
    .port_info 3 /INPUT 32 "secondaryOperand";
    .port_info 4 /INPUT 4 "operation";
    .port_info 5 /OUTPUT 32 "result";
    .port_info 6 /OUTPUT 3 "flags";
o00000265ddfd2f78 .functor BUFZ 1, C4<z>; HiZ drive
v00000265ddf926a0_0 .net "clk", 0 0, o00000265ddfd2f78;  0 drivers
v00000265ddf92740_0 .var "flags", 2 0;
o00000265ddfd2fd8 .functor BUFZ 4, C4<zzzz>; HiZ drive
v00000265ddf927e0_0 .net "operation", 3 0, o00000265ddfd2fd8;  0 drivers
o00000265ddfd3008 .functor BUFZ 32, C4<zzzzzzzzzzzzzzzzzzzzzzzzzzzzzzzz>; HiZ drive
v00000265ddf92880_0 .net "primaryOperand", 31 0, o00000265ddfd3008;  0 drivers
o00000265ddfd3038 .functor BUFZ 1, C4<z>; HiZ drive
v00000265ddfc2d60_0 .net "reset", 0 0, o00000265ddfd3038;  0 drivers
v00000265ddfc4210_0 .var "result", 31 0;
o00000265ddfd3098 .functor BUFZ 32, C4<zzzzzzzzzzzzzzzzzzzzzzzzzzzzzzzz>; HiZ drive
v00000265ddfc42b0_0 .net "secondaryOperand", 31 0, o00000265ddfd3098;  0 drivers
E_00000265ddfb5d90 .event posedge, v00000265ddf926a0_0;
    .scope S_00000265ddf92510;
T_0 ;
    %wait E_00000265ddfb5d90;
    %pushi/vec4 0, 0, 32;
    %store/vec4 v00000265ddfc4210_0, 0, 32;
    %load/vec4 v00000265ddf927e0_0;
    %dup/vec4;
    %pushi/vec4 12, 0, 4;
    %cmp/u;
    %jmp/1 T_0.0, 6;
    %dup/vec4;
    %pushi/vec4 1, 0, 4;
    %cmp/u;
    %jmp/1 T_0.1, 6;
    %dup/vec4;
    %pushi/vec4 2, 0, 4;
    %cmp/u;
    %jmp/1 T_0.2, 6;
    %dup/vec4;
    %pushi/vec4 3, 0, 4;
    %cmp/u;
    %jmp/1 T_0.3, 6;
    %dup/vec4;
    %pushi/vec4 4, 0, 4;
    %cmp/u;
    %jmp/1 T_0.4, 6;
    %dup/vec4;
    %pushi/vec4 5, 0, 4;
    %cmp/u;
    %jmp/1 T_0.5, 6;
    %dup/vec4;
    %pushi/vec4 6, 0, 4;
    %cmp/u;
    %jmp/1 T_0.6, 6;
    %dup/vec4;
    %pushi/vec4 7, 0, 4;
    %cmp/u;
    %jmp/1 T_0.7, 6;
    %dup/vec4;
    %pushi/vec4 9, 0, 4;
    %cmp/u;
    %jmp/1 T_0.8, 6;
    %dup/vec4;
    %pushi/vec4 10, 0, 4;
    %cmp/u;
    %jmp/1 T_0.9, 6;
    %dup/vec4;
    %pushi/vec4 11, 0, 4;
    %cmp/u;
    %jmp/1 T_0.10, 6;
    %dup/vec4;
    %pushi/vec4 8, 0, 4;
    %cmp/u;
    %jmp/1 T_0.11, 6;
    %pushi/vec4 0, 0, 32;
    %store/vec4 v00000265ddfc4210_0, 0, 32;
    %pushi/vec4 0, 0, 1;
    %ix/load 4, 1, 0;
    %flag_set/imm 4, 0;
    %store/vec4 v00000265ddf92740_0, 4, 1;
    %pushi/vec4 0, 0, 1;
    %ix/load 4, 0, 0;
    %flag_set/imm 4, 0;
    %store/vec4 v00000265ddf92740_0, 4, 1;
    %jmp T_0.13;
T_0.0 ;
    %load/vec4 v00000265ddfc42b0_0;
    %store/vec4 v00000265ddfc4210_0, 0, 32;
    %pushi/vec4 0, 0, 1;
    %ix/load 4, 1, 0;
    %flag_set/imm 4, 0;
    %store/vec4 v00000265ddf92740_0, 4, 1;
    %load/vec4 v00000265ddfc4210_0;
    %parti/s 1, 15, 5;
    %ix/load 4, 0, 0;
    %flag_set/imm 4, 0;
    %store/vec4 v00000265ddf92740_0, 4, 1;
    %jmp T_0.13;
T_0.1 ;
    %load/vec4 v00000265ddf92880_0;
    %load/vec4 v00000265ddfc42b0_0;
    %add;
    %store/vec4 v00000265ddfc4210_0, 0, 32;
    %load/vec4 v00000265ddfc4210_0;
    %parti/s 1, 16, 6;
    %ix/load 4, 1, 0;
    %flag_set/imm 4, 0;
    %store/vec4 v00000265ddf92740_0, 4, 1;
    %load/vec4 v00000265ddfc4210_0;
    %parti/s 1, 15, 5;
    %ix/load 4, 0, 0;
    %flag_set/imm 4, 0;
    %store/vec4 v00000265ddf92740_0, 4, 1;
    %jmp T_0.13;
T_0.2 ;
    %load/vec4 v00000265ddf92880_0;
    %load/vec4 v00000265ddfc42b0_0;
    %sub;
    %store/vec4 v00000265ddfc4210_0, 0, 32;
    %load/vec4 v00000265ddfc4210_0;
    %parti/s 1, 16, 6;
    %ix/load 4, 1, 0;
    %flag_set/imm 4, 0;
    %store/vec4 v00000265ddf92740_0, 4, 1;
    %load/vec4 v00000265ddfc4210_0;
    %parti/s 1, 15, 5;
    %ix/load 4, 0, 0;
    %flag_set/imm 4, 0;
    %store/vec4 v00000265ddf92740_0, 4, 1;
    %jmp T_0.13;
T_0.3 ;
    %load/vec4 v00000265ddf92880_0;
    %load/vec4 v00000265ddfc42b0_0;
    %mul;
    %store/vec4 v00000265ddfc4210_0, 0, 32;
    %pushi/vec4 0, 0, 1;
    %ix/load 4, 1, 0;
    %flag_set/imm 4, 0;
    %store/vec4 v00000265ddf92740_0, 4, 1;
    %load/vec4 v00000265ddfc4210_0;
    %parti/s 1, 31, 6;
    %ix/load 4, 0, 0;
    %flag_set/imm 4, 0;
    %store/vec4 v00000265ddf92740_0, 4, 1;
    %jmp T_0.13;
T_0.4 ;
    %load/vec4 v00000265ddf92880_0;
    %load/vec4 v00000265ddfc42b0_0;
    %and;
    %store/vec4 v00000265ddfc4210_0, 0, 32;
    %pushi/vec4 0, 0, 1;
    %ix/load 4, 1, 0;
    %flag_set/imm 4, 0;
    %store/vec4 v00000265ddf92740_0, 4, 1;
    %load/vec4 v00000265ddfc4210_0;
    %parti/s 1, 15, 5;
    %ix/load 4, 0, 0;
    %flag_set/imm 4, 0;
    %store/vec4 v00000265ddf92740_0, 4, 1;
    %jmp T_0.13;
T_0.5 ;
    %load/vec4 v00000265ddf92880_0;
    %load/vec4 v00000265ddfc42b0_0;
    %or;
    %store/vec4 v00000265ddfc4210_0, 0, 32;
    %pushi/vec4 0, 0, 1;
    %ix/load 4, 1, 0;
    %flag_set/imm 4, 0;
    %store/vec4 v00000265ddf92740_0, 4, 1;
    %load/vec4 v00000265ddfc4210_0;
    %parti/s 1, 15, 5;
    %ix/load 4, 0, 0;
    %flag_set/imm 4, 0;
    %store/vec4 v00000265ddf92740_0, 4, 1;
    %jmp T_0.13;
T_0.6 ;
    %load/vec4 v00000265ddf92880_0;
    %ix/load 4, 1, 0;
    %flag_set/imm 4, 0;
    %shiftr 4;
    %store/vec4 v00000265ddfc4210_0, 0, 32;
    %load/vec4 v00000265ddf92880_0;
    %parti/s 1, 0, 2;
    %ix/load 4, 1, 0;
    %flag_set/imm 4, 0;
    %store/vec4 v00000265ddf92740_0, 4, 1;
    %load/vec4 v00000265ddfc4210_0;
    %parti/s 1, 15, 5;
    %ix/load 4, 0, 0;
    %flag_set/imm 4, 0;
    %store/vec4 v00000265ddf92740_0, 4, 1;
    %jmp T_0.13;
T_0.7 ;
    %load/vec4 v00000265ddf92880_0;
    %ix/load 4, 1, 0;
    %flag_set/imm 4, 0;
    %shiftl 4;
    %store/vec4 v00000265ddfc4210_0, 0, 32;
    %load/vec4 v00000265ddf92880_0;
    %parti/s 1, 15, 5;
    %ix/load 4, 1, 0;
    %flag_set/imm 4, 0;
    %store/vec4 v00000265ddf92740_0, 4, 1;
    %load/vec4 v00000265ddfc4210_0;
    %parti/s 1, 15, 5;
    %ix/load 4, 0, 0;
    %flag_set/imm 4, 0;
    %store/vec4 v00000265ddf92740_0, 4, 1;
    %jmp T_0.13;
T_0.8 ;
    %load/vec4 v00000265ddf92880_0;
    %ix/load 4, 1, 0;
    %flag_set/imm 4, 0;
    %shiftr 4;
    %store/vec4 v00000265ddfc4210_0, 0, 32;
    %load/vec4 v00000265ddf92880_0;
    %parti/s 1, 0, 2;
    %ix/load 4, 1, 0;
    %flag_set/imm 4, 0;
    %store/vec4 v00000265ddf92740_0, 4, 1;
    %load/vec4 v00000265ddfc4210_0;
    %parti/s 1, 15, 5;
    %ix/load 4, 0, 0;
    %flag_set/imm 4, 0;
    %store/vec4 v00000265ddf92740_0, 4, 1;
    %jmp T_0.13;
T_0.9 ;
    %load/vec4 v00000265ddf92880_0;
    %ix/load 4, 1, 0;
    %flag_set/imm 4, 0;
    %shiftl 4;
    %store/vec4 v00000265ddfc4210_0, 0, 32;
    %load/vec4 v00000265ddf92880_0;
    %parti/s 1, 15, 5;
    %ix/load 4, 1, 0;
    %flag_set/imm 4, 0;
    %store/vec4 v00000265ddf92740_0, 4, 1;
    %load/vec4 v00000265ddfc4210_0;
    %parti/s 1, 15, 5;
    %ix/load 4, 0, 0;
    %flag_set/imm 4, 0;
    %store/vec4 v00000265ddf92740_0, 4, 1;
    %jmp T_0.13;
T_0.10 ;
    %load/vec4 v00000265ddf92880_0;
    %inv;
    %store/vec4 v00000265ddfc4210_0, 0, 32;
    %load/vec4 v00000265ddfc4210_0;
    %addi 1, 0, 32;
    %store/vec4 v00000265ddfc4210_0, 0, 32;
    %pushi/vec4 0, 0, 1;
    %ix/load 4, 1, 0;
    %flag_set/imm 4, 0;
    %store/vec4 v00000265ddf92740_0, 4, 1;
    %load/vec4 v00000265ddfc4210_0;
    %parti/s 1, 15, 5;
    %ix/load 4, 0, 0;
    %flag_set/imm 4, 0;
    %store/vec4 v00000265ddf92740_0, 4, 1;
    %jmp T_0.13;
T_0.11 ;
    %load/vec4 v00000265ddf92880_0;
    %inv;
    %store/vec4 v00000265ddfc4210_0, 0, 32;
    %pushi/vec4 0, 0, 1;
    %ix/load 4, 1, 0;
    %flag_set/imm 4, 0;
    %store/vec4 v00000265ddf92740_0, 4, 1;
    %load/vec4 v00000265ddfc4210_0;
    %parti/s 1, 15, 5;
    %ix/load 4, 0, 0;
    %flag_set/imm 4, 0;
    %store/vec4 v00000265ddf92740_0, 4, 1;
    %jmp T_0.13;
T_0.13 ;
    %pop/vec4 1;
    %load/vec4 v00000265ddf927e0_0;
    %cmpi/e 3, 0, 4;
    %jmp/0xz  T_0.14, 4;
    %load/vec4 v00000265ddfc4210_0;
    %cmpi/e 0, 0, 32;
    %flag_mov 8, 4;
    %jmp/0 T_0.16, 8;
    %pushi/vec4 1, 0, 1;
    %jmp/1 T_0.17, 8;
T_0.16 ; End of true expr.
    %pushi/vec4 0, 0, 1;
    %jmp/0 T_0.17, 8;
 ; End of false expr.
    %blend;
T_0.17;
    %ix/load 4, 2, 0;
    %flag_set/imm 4, 0;
    %store/vec4 v00000265ddf92740_0, 4, 1;
    %jmp T_0.15;
T_0.14 ;
    %load/vec4 v00000265ddfc4210_0;
    %parti/s 16, 0, 2;
    %pad/u 32;
    %cmpi/e 0, 0, 32;
    %flag_mov 8, 4;
    %jmp/0 T_0.18, 8;
    %pushi/vec4 1, 0, 1;
    %jmp/1 T_0.19, 8;
T_0.18 ; End of true expr.
    %pushi/vec4 0, 0, 1;
    %jmp/0 T_0.19, 8;
 ; End of false expr.
    %blend;
T_0.19;
    %ix/load 4, 2, 0;
    %flag_set/imm 4, 0;
    %store/vec4 v00000265ddf92740_0, 4, 1;
T_0.15 ;
    %jmp T_0;
    .thread T_0;
# The file index is used to find the file name in the following table.
:file_names 3;
    "N/A";
    "<interactive>";
    "ALU.v";
