#! /c/Source/iverilog-install/bin/vvp
:ivl_version "12.0 (devel)" "(s20150603-1539-g2693dd32b)";
:ivl_delay_selection "TYPICAL";
:vpi_time_precision + 0;
:vpi_module "C:\iverilog\lib\ivl\system.vpi";
:vpi_module "C:\iverilog\lib\ivl\vhdl_sys.vpi";
:vpi_module "C:\iverilog\lib\ivl\vhdl_textio.vpi";
:vpi_module "C:\iverilog\lib\ivl\v2005_math.vpi";
:vpi_module "C:\iverilog\lib\ivl\va_math.vpi";
S_000002398c6c6420 .scope module, "ALU_control" "ALU_control" 2 1;
 .timescale 0 0;
    .port_info 0 /OUTPUT 4 "operation";
    .port_info 1 /INPUT 6 "F";
    .port_info 2 /INPUT 2 "ALUOp";
v000002398c6c65b0_0 .net "ALUControl", 7 0, L_000002398c6cbc00;  1 drivers
o000002398c716fc8 .functor BUFZ 2, C4<zz>; HiZ drive
v000002398c6c6650_0 .net "ALUOp", 1 0, o000002398c716fc8;  0 drivers
o000002398c716ff8 .functor BUFZ 6, C4<zzzzzz>; HiZ drive
v000002398c6c66f0_0 .net "F", 5 0, o000002398c716ff8;  0 drivers
v000002398c6c6790_0 .var "operation", 3 0;
E_000002398c6cc220 .event anyedge, v000002398c6c65b0_0;
L_000002398c6cbc00 .concat [ 6 2 0 0], o000002398c716ff8, o000002398c716fc8;
    .scope S_000002398c6c6420;
T_0 ;
    %wait E_000002398c6cc220;
    %load/vec4 v000002398c6c65b0_0;
    %dup/vec4;
    %pushi/vec4 255, 63, 8;
    %cmp/x;
    %jmp/1 T_0.0, 4;
    %dup/vec4;
    %pushi/vec4 160, 0, 8;
    %cmp/x;
    %jmp/1 T_0.1, 4;
    %dup/vec4;
    %pushi/vec4 162, 0, 8;
    %cmp/x;
    %jmp/1 T_0.2, 4;
    %dup/vec4;
    %pushi/vec4 152, 0, 8;
    %cmp/x;
    %jmp/1 T_0.3, 4;
    %dup/vec4;
    %pushi/vec4 164, 0, 8;
    %cmp/x;
    %jmp/1 T_0.4, 4;
    %dup/vec4;
    %pushi/vec4 165, 0, 8;
    %cmp/x;
    %jmp/1 T_0.5, 4;
    %dup/vec4;
    %pushi/vec4 130, 0, 8;
    %cmp/x;
    %jmp/1 T_0.6, 4;
    %dup/vec4;
    %pushi/vec4 128, 0, 8;
    %cmp/x;
    %jmp/1 T_0.7, 4;
    %dup/vec4;
    %pushi/vec4 170, 0, 8;
    %cmp/x;
    %jmp/1 T_0.8, 4;
    %dup/vec4;
    %pushi/vec4 63, 63, 8;
    %cmp/x;
    %jmp/1 T_0.9, 4;
    %dup/vec4;
    %pushi/vec4 127, 63, 8;
    %cmp/x;
    %jmp/1 T_0.10, 4;
    %pushi/vec4 0, 0, 4;
    %store/vec4 v000002398c6c6790_0, 0, 4;
    %jmp T_0.12;
T_0.0 ;
    %pushi/vec4 1, 0, 4;
    %store/vec4 v000002398c6c6790_0, 0, 4;
    %jmp T_0.12;
T_0.1 ;
    %pushi/vec4 1, 0, 4;
    %store/vec4 v000002398c6c6790_0, 0, 4;
    %jmp T_0.12;
T_0.2 ;
    %pushi/vec4 2, 0, 4;
    %store/vec4 v000002398c6c6790_0, 0, 4;
    %jmp T_0.12;
T_0.3 ;
    %pushi/vec4 3, 0, 4;
    %store/vec4 v000002398c6c6790_0, 0, 4;
    %jmp T_0.12;
T_0.4 ;
    %pushi/vec4 4, 0, 4;
    %store/vec4 v000002398c6c6790_0, 0, 4;
    %jmp T_0.12;
T_0.5 ;
    %pushi/vec4 5, 0, 4;
    %store/vec4 v000002398c6c6790_0, 0, 4;
    %jmp T_0.12;
T_0.6 ;
    %pushi/vec4 6, 0, 4;
    %store/vec4 v000002398c6c6790_0, 0, 4;
    %jmp T_0.12;
T_0.7 ;
    %pushi/vec4 7, 0, 4;
    %store/vec4 v000002398c6c6790_0, 0, 4;
    %jmp T_0.12;
T_0.8 ;
    %pushi/vec4 0, 0, 4;
    %store/vec4 v000002398c6c6790_0, 0, 4;
    %jmp T_0.12;
T_0.9 ;
    %pushi/vec4 1, 0, 4;
    %store/vec4 v000002398c6c6790_0, 0, 4;
    %jmp T_0.12;
T_0.10 ;
    %pushi/vec4 2, 0, 4;
    %store/vec4 v000002398c6c6790_0, 0, 4;
    %jmp T_0.12;
T_0.12 ;
    %pop/vec4 1;
    %jmp T_0;
    .thread T_0, $push;
# The file index is used to find the file name in the following table.
:file_names 3;
    "N/A";
    "<interactive>";
    "ALU_control.v";
