#! /c/Source/iverilog-install/bin/vvp
:ivl_version "12.0 (devel)" "(s20150603-1539-g2693dd32b)";
:ivl_delay_selection "TYPICAL";
:vpi_time_precision + 0;
:vpi_module "C:\iverilog\lib\ivl\system.vpi";
:vpi_module "C:\iverilog\lib\ivl\vhdl_sys.vpi";
:vpi_module "C:\iverilog\lib\ivl\vhdl_textio.vpi";
:vpi_module "C:\iverilog\lib\ivl\v2005_math.vpi";
:vpi_module "C:\iverilog\lib\ivl\va_math.vpi";
S_000001d6999463c0 .scope module, "data_memory" "data_memory" 2 1;
 .timescale 0 0;
    .port_info 0 /INPUT 1 "clk";
    .port_info 1 /INPUT 32 "address";
    .port_info 2 /INPUT 32 "write_data";
    .port_info 3 /INPUT 1 "e_write_mem";
    .port_info 4 /OUTPUT 32 "read_data";
L_000001d6999467d0 .functor BUFZ 32, L_000001d69994bb10, C4<00000000000000000000000000000000>, C4<00000000000000000000000000000000>, C4<00000000000000000000000000000000>;
v000001d699946db0_0 .net *"_ivl_0", 31 0, L_000001d69994bb10;  1 drivers
o000001d699806fe8 .functor BUFZ 32, C4<zzzzzzzzzzzzzzzzzzzzzzzzzzzzzzzz>; HiZ drive
v000001d699946a20_0 .net "address", 31 0, o000001d699806fe8;  0 drivers
o000001d699807018 .functor BUFZ 1, C4<z>; HiZ drive
v000001d699946550_0 .net "clk", 0 0, o000001d699807018;  0 drivers
v000001d6999465f0 .array "data_memory", 1023 0, 31 0;
o000001d699807048 .functor BUFZ 1, C4<z>; HiZ drive
v000001d699946690_0 .net "e_write_mem", 0 0, o000001d699807048;  0 drivers
v000001d699946730_0 .var/i "i", 31 0;
v000001d69994b9d0_0 .net "read_data", 31 0, L_000001d6999467d0;  1 drivers
o000001d6998070d8 .functor BUFZ 32, C4<zzzzzzzzzzzzzzzzzzzzzzzzzzzzzzzz>; HiZ drive
v000001d69994ba70_0 .net "write_data", 31 0, o000001d6998070d8;  0 drivers
E_000001d699806b30 .event posedge, v000001d699946550_0;
L_000001d69994bb10 .array/port v000001d6999465f0, o000001d699806fe8;
    .scope S_000001d6999463c0;
T_0 ;
    %pushi/vec4 0, 0, 32;
    %store/vec4 v000001d699946730_0, 0, 32;
T_0.0 ;
    %load/vec4 v000001d699946730_0;
    %cmpi/s 1024, 0, 32;
    %jmp/0xz T_0.1, 5;
    %pushi/vec4 0, 0, 32;
    %ix/getv/s 3, v000001d699946730_0;
    %ix/load 4, 0, 0; Constant delay
    %assign/vec4/a/d v000001d6999465f0, 0, 4;
    %load/vec4 v000001d699946730_0;
    %addi 1, 0, 32;
    %store/vec4 v000001d699946730_0, 0, 32;
    %jmp T_0.0;
T_0.1 ;
    %end;
    .thread T_0;
    .scope S_000001d6999463c0;
T_1 ;
    %wait E_000001d699806b30;
    %load/vec4 v000001d699946690_0;
    %flag_set/vec4 8;
    %jmp/0xz  T_1.0, 8;
    %load/vec4 v000001d69994ba70_0;
    %ix/getv 3, v000001d699946a20_0;
    %ix/load 4, 0, 0; Constant delay
    %assign/vec4/a/d v000001d6999465f0, 0, 4;
T_1.0 ;
    %jmp T_1;
    .thread T_1;
# The file index is used to find the file name in the following table.
:file_names 3;
    "N/A";
    "<interactive>";
    "data_memory.v";
