#! /c/Source/iverilog-install/bin/vvp
:ivl_version "12.0 (devel)" "(s20150603-1539-g2693dd32b)";
:ivl_delay_selection "TYPICAL";
:vpi_time_precision + 0;
:vpi_module "C:\iverilog\lib\ivl\system.vpi";
:vpi_module "C:\iverilog\lib\ivl\vhdl_sys.vpi";
:vpi_module "C:\iverilog\lib\ivl\vhdl_textio.vpi";
:vpi_module "C:\iverilog\lib\ivl\v2005_math.vpi";
:vpi_module "C:\iverilog\lib\ivl\va_math.vpi";
S_000001938b102510 .scope module, "initialize_stall" "initialize_stall" 2 1;
 .timescale 0 0;
    .port_info 0 /INPUT 32 "PC";
    .port_info 1 /INPUT 1 "stall0";
    .port_info 2 /OUTPUT 1 "stall";
o000001938b1367d8 .functor BUFZ 32, C4<zzzzzzzzzzzzzzzzzzzzzzzzzzzzzzzz>; HiZ drive
v000001938b102ce0_0 .net "PC", 31 0, o000001938b1367d8;  0 drivers
L_000001938b17bc48 .functor BUFT 1, C4<00000000000000000000000000000000>, C4<0>, C4<0>, C4<0>;
v000001938b102f00_0 .net/2u *"_ivl_0", 31 0, L_000001938b17bc48;  1 drivers
v000001938b1026a0_0 .net *"_ivl_2", 0 0, L_000001938b2ad630;  1 drivers
L_000001938b17bc90 .functor BUFT 1, C4<0>, C4<0>, C4<0>, C4<0>;
v000001938b102740_0 .net/2u *"_ivl_4", 0 0, L_000001938b17bc90;  1 drivers
o000001938b136898 .functor BUFZ 1, C4<z>; HiZ drive
v000001938b1027e0_0 .net "stall", 0 0, o000001938b136898;  0 drivers
v000001938b102880_0 .net "stall0", 0 0, L_000001938b2ad6d0;  1 drivers
L_000001938b2ad630 .cmp/eq 32, o000001938b1367d8, L_000001938b17bc48;
L_000001938b2ad6d0 .functor MUXZ 1, o000001938b136898, L_000001938b17bc90, L_000001938b2ad630, C4<>;
# The file index is used to find the file name in the following table.
:file_names 3;
    "N/A";
    "<interactive>";
    "initialize_stall.v";
