#! /c/Source/iverilog-install/bin/vvp
:ivl_version "12.0 (devel)" "(s20150603-1539-g2693dd32b)";
:ivl_delay_selection "TYPICAL";
:vpi_time_precision + 0;
:vpi_module "C:\iverilog\lib\ivl\system.vpi";
:vpi_module "C:\iverilog\lib\ivl\vhdl_sys.vpi";
:vpi_module "C:\iverilog\lib\ivl\vhdl_textio.vpi";
:vpi_module "C:\iverilog\lib\ivl\v2005_math.vpi";
:vpi_module "C:\iverilog\lib\ivl\va_math.vpi";
S_00000271370263c0 .scope module, "intruction_memory" "intruction_memory" 2 1;
 .timescale 0 0;
    .port_info 0 /INPUT 32 "address";
    .port_info 1 /OUTPUT 32 "instruction";
L_0000027136f248c0 .functor BUFZ 32, L_000002713702dcb0, C4<00000000000000000000000000000000>, C4<00000000000000000000000000000000>, C4<00000000000000000000000000000000>;
v00000271370266e0_0 .net *"_ivl_0", 31 0, L_000002713702dcb0;  1 drivers
o0000027136f27018 .functor BUFZ 32, C4<zzzzzzzzzzzzzzzzzzzzzzzzzzzzzzzz>; HiZ drive
v0000027137026780_0 .net "address", 31 0, o0000027136f27018;  0 drivers
v000002713702db70 .array "ins_memory", 0 1023, 31 0;
v000002713702dc10_0 .net "instruction", 31 0, L_0000027136f248c0;  1 drivers
L_000002713702dcb0 .array/port v000002713702db70, o0000027136f27018;
S_0000027137026550 .scope begin, "$ivl_for_loop0" "$ivl_for_loop0" 2 7, 2 7 0, S_00000271370263c0;
 .timescale 0 0;
v0000027137026b90_0 .var/i "i", 31 0;
    .scope S_00000271370263c0;
T_0 ;
    %fork t_1, S_0000027137026550;
    %jmp t_0;
    .scope S_0000027137026550;
t_1 ;
    %pushi/vec4 0, 0, 32;
    %store/vec4 v0000027137026b90_0, 0, 32;
T_0.0 ;
    %load/vec4 v0000027137026b90_0;
    %cmpi/s 256, 0, 32;
    %jmp/0xz T_0.1, 5;
    %pushi/vec4 0, 0, 32;
    %ix/getv/s 3, v0000027137026b90_0;
    %ix/load 4, 0, 0; Constant delay
    %assign/vec4/a/d v000002713702db70, 0, 4;
    ; show_stmt_assign_vector: Get l-value for compressed += operand
    %load/vec4 v0000027137026b90_0;
    %pushi/vec4 1, 0, 32;
    %add;
    %store/vec4 v0000027137026b90_0, 0, 32;
    %jmp T_0.0;
T_0.1 ;
    %end;
    .scope S_00000271370263c0;
t_0 %join;
    %end;
    .thread T_0;
# The file index is used to find the file name in the following table.
:file_names 3;
    "N/A";
    "<interactive>";
    "intruction_memory.v";
