#! /c/Source/iverilog-install/bin/vvp
:ivl_version "12.0 (devel)" "(s20150603-1539-g2693dd32b)";
:ivl_delay_selection "TYPICAL";
:vpi_time_precision + 0;
:vpi_module "C:\iverilog\lib\ivl\system.vpi";
:vpi_module "C:\iverilog\lib\ivl\vhdl_sys.vpi";
:vpi_module "C:\iverilog\lib\ivl\vhdl_textio.vpi";
:vpi_module "C:\iverilog\lib\ivl\v2005_math.vpi";
:vpi_module "C:\iverilog\lib\ivl\va_math.vpi";
S_0000029be2c32510 .scope module, "instruction_fetch" "instruction_fetch" 2 1;
 .timescale 0 0;
    .port_info 0 /INPUT 32 "pc";
    .port_info 1 /OUTPUT 32 "instruction";
L_0000029be2bda480 .functor BUFZ 32, v0000029be2ca9e20_0, C4<00000000000000000000000000000000>, C4<00000000000000000000000000000000>, C4<00000000000000000000000000000000>;
v0000029be2c328d0_0 .var "character", 7 0;
v0000029be2ca9c40_0 .var/i "fd", 31 0;
v0000029be2ca9ce0_0 .net "instruction", 31 0, L_0000029be2bda480;  1 drivers
o0000029be2c670c8 .functor BUFZ 32, C4<zzzzzzzzzzzzzzzzzzzzzzzzzzzzzzzz>; HiZ drive
v0000029be2ca9d80_0 .net "pc", 31 0, o0000029be2c670c8;  0 drivers
v0000029be2ca9e20_0 .var "temp", 31 0;
E_0000029be2bdc3a0 .event anyedge, v0000029be2ca9d80_0;
S_0000029be2c326a0 .scope begin, "$ivl_for_loop0" "$ivl_for_loop0" 2 13, 2 13 0, S_0000029be2c32510;
 .timescale 0 0;
v0000029be2c32830_0 .var/i "i", 31 0;
S_0000029be2bdb890 .scope begin, "$ivl_for_loop1" "$ivl_for_loop1" 2 14, 2 14 0, S_0000029be2c326a0;
 .timescale 0 0;
v0000029be2c32ce0_0 .var/i "j", 31 0;
    .scope S_0000029be2c32510;
T_0 ;
    %wait E_0000029be2bdc3a0;
    %vpi_func 2 12 "$fopen" 32, "./my_file.txt", "r" {0 0 0};
    %store/vec4 v0000029be2ca9c40_0, 0, 32;
    %fork t_1, S_0000029be2c326a0;
    %jmp t_0;
    .scope S_0000029be2c326a0;
t_1 ;
    %pushi/vec4 0, 0, 32;
    %store/vec4 v0000029be2c32830_0, 0, 32;
T_0.0 ;
    %load/vec4 v0000029be2c32830_0;
    %load/vec4 v0000029be2ca9d80_0;
    %cmp/u;
    %flag_or 5, 4;
    %jmp/0xz T_0.1, 5;
    %fork t_3, S_0000029be2bdb890;
    %jmp t_2;
    .scope S_0000029be2bdb890;
t_3 ;
    %pushi/vec4 0, 0, 32;
    %store/vec4 v0000029be2c32ce0_0, 0, 32;
T_0.2 ;
    %load/vec4 v0000029be2c32ce0_0;
    %cmpi/s 32, 0, 32;
    %jmp/0xz T_0.3, 5;
    %vpi_func 2 15 "$fgetc" 32, v0000029be2ca9c40_0 {0 0 0};
    %subi 48, 0, 32;
    %pad/s 8;
    %store/vec4 v0000029be2c328d0_0, 0, 8;
    %load/vec4 v0000029be2c328d0_0;
    %parti/s 1, 0, 2;
    %pushi/vec4 31, 0, 32;
    %load/vec4 v0000029be2c32ce0_0;
    %sub;
    %ix/vec4/s 4;
    %store/vec4 v0000029be2ca9e20_0, 4, 1;
    ; show_stmt_assign_vector: Get l-value for compressed += operand
    %load/vec4 v0000029be2c32ce0_0;
    %pushi/vec4 1, 0, 32;
    %add;
    %store/vec4 v0000029be2c32ce0_0, 0, 32;
    %jmp T_0.2;
T_0.3 ;
    %end;
    .scope S_0000029be2c326a0;
t_2 %join;
    ; show_stmt_assign_vector: Get l-value for compressed += operand
    %load/vec4 v0000029be2c32830_0;
    %pushi/vec4 1, 0, 32;
    %add;
    %store/vec4 v0000029be2c32830_0, 0, 32;
    %jmp T_0.0;
T_0.1 ;
    %end;
    .scope S_0000029be2c32510;
t_0 %join;
    %vpi_call 2 22 "$fclose", v0000029be2ca9c40_0 {0 0 0};
    %jmp T_0;
    .thread T_0, $push;
# The file index is used to find the file name in the following table.
:file_names 3;
    "N/A";
    "<interactive>";
    "instruction_fetch.v";
