#! /c/Source/iverilog-install/bin/vvp
:ivl_version "12.0 (devel)" "(s20150603-1539-g2693dd32b)";
:ivl_delay_selection "TYPICAL";
:vpi_time_precision - 15;
:vpi_module "C:\iverilog\lib\ivl\system.vpi";
:vpi_module "C:\iverilog\lib\ivl\vhdl_sys.vpi";
:vpi_module "C:\iverilog\lib\ivl\vhdl_textio.vpi";
:vpi_module "C:\iverilog\lib\ivl\v2005_math.vpi";
:vpi_module "C:\iverilog\lib\ivl\va_math.vpi";
S_0000019152f037f0 .scope module, "ALU" "ALU" 2 1;
 .timescale -12 -15;
    .port_info 0 /INPUT 1 "clk";
    .port_info 1 /INPUT 1 "reset";
    .port_info 2 /INPUT 16 "primaryOperand";
    .port_info 3 /INPUT 16 "secondaryOperand";
    .port_info 4 /INPUT 4 "operation";
    .port_info 5 /OUTPUT 32 "result";
    .port_info 6 /OUTPUT 3 "flags";
o0000019152f03f98 .functor BUFZ 1, C4<z>; HiZ drive
v0000019152c69390_0 .net "clk", 0 0, o0000019152f03f98;  0 drivers
v0000019152f03b10_0 .var "flags", 2 0;
o0000019152f03ff8 .functor BUFZ 4, C4<zzzz>; HiZ drive
v0000019152f03bb0_0 .net "operation", 3 0, o0000019152f03ff8;  0 drivers
o0000019152f04028 .functor BUFZ 16, C4<zzzzzzzzzzzzzzzz>; HiZ drive
v0000019152ef4320_0 .net "primaryOperand", 15 0, o0000019152f04028;  0 drivers
o0000019152f04058 .functor BUFZ 1, C4<z>; HiZ drive
v0000019152ef43c0_0 .net "reset", 0 0, o0000019152f04058;  0 drivers
v0000019152ef4460_0 .var "result", 31 0;
o0000019152f040b8 .functor BUFZ 16, C4<zzzzzzzzzzzzzzzz>; HiZ drive
v0000019152ef4500_0 .net "secondaryOperand", 15 0, o0000019152f040b8;  0 drivers
E_0000019152ef50f0 .event anyedge, v0000019152c69390_0;
S_0000019152f03980 .scope module, "main" "main" 3 4;
 .timescale -12 -15;
    .scope S_0000019152f037f0;
T_0 ;
    %wait E_0000019152ef50f0;
    %pushi/vec4 0, 0, 32;
    %store/vec4 v0000019152ef4460_0, 0, 32;
    %load/vec4 v0000019152f03bb0_0;
    %dup/vec4;
    %pushi/vec4 12, 0, 4;
    %cmp/u;
    %jmp/1 T_0.0, 6;
    %dup/vec4;
    %pushi/vec4 1, 0, 4;
    %cmp/u;
    %jmp/1 T_0.1, 6;
    %dup/vec4;
    %pushi/vec4 2, 0, 4;
    %cmp/u;
    %jmp/1 T_0.2, 6;
    %dup/vec4;
    %pushi/vec4 3, 0, 4;
    %cmp/u;
    %jmp/1 T_0.3, 6;
    %dup/vec4;
    %pushi/vec4 4, 0, 4;
    %cmp/u;
    %jmp/1 T_0.4, 6;
    %dup/vec4;
    %pushi/vec4 5, 0, 4;
    %cmp/u;
    %jmp/1 T_0.5, 6;
    %dup/vec4;
    %pushi/vec4 6, 0, 4;
    %cmp/u;
    %jmp/1 T_0.6, 6;
    %dup/vec4;
    %pushi/vec4 7, 0, 4;
    %cmp/u;
    %jmp/1 T_0.7, 6;
    %dup/vec4;
    %pushi/vec4 9, 0, 4;
    %cmp/u;
    %jmp/1 T_0.8, 6;
    %dup/vec4;
    %pushi/vec4 10, 0, 4;
    %cmp/u;
    %jmp/1 T_0.9, 6;
    %dup/vec4;
    %pushi/vec4 11, 0, 4;
    %cmp/u;
    %jmp/1 T_0.10, 6;
    %dup/vec4;
    %pushi/vec4 8, 0, 4;
    %cmp/u;
    %jmp/1 T_0.11, 6;
    %pushi/vec4 0, 0, 32;
    %store/vec4 v0000019152ef4460_0, 0, 32;
    %pushi/vec4 0, 0, 1;
    %ix/load 4, 1, 0;
    %flag_set/imm 4, 0;
    %store/vec4 v0000019152f03b10_0, 4, 1;
    %pushi/vec4 0, 0, 1;
    %ix/load 4, 0, 0;
    %flag_set/imm 4, 0;
    %store/vec4 v0000019152f03b10_0, 4, 1;
    %jmp T_0.13;
T_0.0 ;
    %load/vec4 v0000019152ef4500_0;
    %ix/load 4, 0, 0;
    %flag_set/imm 4, 0;
    %store/vec4 v0000019152ef4460_0, 4, 16;
    %pushi/vec4 0, 0, 1;
    %ix/load 4, 1, 0;
    %flag_set/imm 4, 0;
    %store/vec4 v0000019152f03b10_0, 4, 1;
    %load/vec4 v0000019152ef4460_0;
    %parti/s 1, 15, 5;
    %ix/load 4, 0, 0;
    %flag_set/imm 4, 0;
    %store/vec4 v0000019152f03b10_0, 4, 1;
    %jmp T_0.13;
T_0.1 ;
    %load/vec4 v0000019152ef4320_0;
    %pad/u 17;
    %load/vec4 v0000019152ef4500_0;
    %pad/u 17;
    %add;
    %ix/load 4, 0, 0;
    %flag_set/imm 4, 0;
    %store/vec4 v0000019152ef4460_0, 4, 17;
    %load/vec4 v0000019152ef4460_0;
    %parti/s 1, 16, 6;
    %ix/load 4, 1, 0;
    %flag_set/imm 4, 0;
    %store/vec4 v0000019152f03b10_0, 4, 1;
    %load/vec4 v0000019152ef4460_0;
    %parti/s 1, 15, 5;
    %ix/load 4, 0, 0;
    %flag_set/imm 4, 0;
    %store/vec4 v0000019152f03b10_0, 4, 1;
    %jmp T_0.13;
T_0.2 ;
    %load/vec4 v0000019152ef4320_0;
    %pad/u 17;
    %load/vec4 v0000019152ef4500_0;
    %pad/u 17;
    %sub;
    %ix/load 4, 0, 0;
    %flag_set/imm 4, 0;
    %store/vec4 v0000019152ef4460_0, 4, 17;
    %load/vec4 v0000019152ef4460_0;
    %parti/s 1, 16, 6;
    %ix/load 4, 1, 0;
    %flag_set/imm 4, 0;
    %store/vec4 v0000019152f03b10_0, 4, 1;
    %load/vec4 v0000019152ef4460_0;
    %parti/s 1, 15, 5;
    %ix/load 4, 0, 0;
    %flag_set/imm 4, 0;
    %store/vec4 v0000019152f03b10_0, 4, 1;
    %jmp T_0.13;
T_0.3 ;
    %load/vec4 v0000019152ef4320_0;
    %pad/u 32;
    %load/vec4 v0000019152ef4500_0;
    %pad/u 32;
    %mul;
    %store/vec4 v0000019152ef4460_0, 0, 32;
    %pushi/vec4 0, 0, 1;
    %ix/load 4, 1, 0;
    %flag_set/imm 4, 0;
    %store/vec4 v0000019152f03b10_0, 4, 1;
    %load/vec4 v0000019152ef4460_0;
    %parti/s 1, 31, 6;
    %ix/load 4, 0, 0;
    %flag_set/imm 4, 0;
    %store/vec4 v0000019152f03b10_0, 4, 1;
    %jmp T_0.13;
T_0.4 ;
    %load/vec4 v0000019152ef4320_0;
    %load/vec4 v0000019152ef4500_0;
    %and;
    %ix/load 4, 0, 0;
    %flag_set/imm 4, 0;
    %store/vec4 v0000019152ef4460_0, 4, 16;
    %pushi/vec4 0, 0, 1;
    %ix/load 4, 1, 0;
    %flag_set/imm 4, 0;
    %store/vec4 v0000019152f03b10_0, 4, 1;
    %load/vec4 v0000019152ef4460_0;
    %parti/s 1, 15, 5;
    %ix/load 4, 0, 0;
    %flag_set/imm 4, 0;
    %store/vec4 v0000019152f03b10_0, 4, 1;
    %jmp T_0.13;
T_0.5 ;
    %load/vec4 v0000019152ef4320_0;
    %load/vec4 v0000019152ef4500_0;
    %or;
    %ix/load 4, 0, 0;
    %flag_set/imm 4, 0;
    %store/vec4 v0000019152ef4460_0, 4, 16;
    %pushi/vec4 0, 0, 1;
    %ix/load 4, 1, 0;
    %flag_set/imm 4, 0;
    %store/vec4 v0000019152f03b10_0, 4, 1;
    %load/vec4 v0000019152ef4460_0;
    %parti/s 1, 15, 5;
    %ix/load 4, 0, 0;
    %flag_set/imm 4, 0;
    %store/vec4 v0000019152f03b10_0, 4, 1;
    %jmp T_0.13;
T_0.6 ;
    %load/vec4 v0000019152ef4320_0;
    %ix/load 4, 1, 0;
    %flag_set/imm 4, 0;
    %shiftr 4;
    %ix/load 4, 0, 0;
    %flag_set/imm 4, 0;
    %store/vec4 v0000019152ef4460_0, 4, 16;
    %load/vec4 v0000019152ef4320_0;
    %parti/s 1, 0, 2;
    %ix/load 4, 1, 0;
    %flag_set/imm 4, 0;
    %store/vec4 v0000019152f03b10_0, 4, 1;
    %load/vec4 v0000019152ef4460_0;
    %parti/s 1, 15, 5;
    %ix/load 4, 0, 0;
    %flag_set/imm 4, 0;
    %store/vec4 v0000019152f03b10_0, 4, 1;
    %jmp T_0.13;
T_0.7 ;
    %load/vec4 v0000019152ef4320_0;
    %ix/load 4, 1, 0;
    %flag_set/imm 4, 0;
    %shiftl 4;
    %ix/load 4, 0, 0;
    %flag_set/imm 4, 0;
    %store/vec4 v0000019152ef4460_0, 4, 16;
    %load/vec4 v0000019152ef4320_0;
    %parti/s 1, 15, 5;
    %ix/load 4, 1, 0;
    %flag_set/imm 4, 0;
    %store/vec4 v0000019152f03b10_0, 4, 1;
    %load/vec4 v0000019152ef4460_0;
    %parti/s 1, 15, 5;
    %ix/load 4, 0, 0;
    %flag_set/imm 4, 0;
    %store/vec4 v0000019152f03b10_0, 4, 1;
    %jmp T_0.13;
T_0.8 ;
    %load/vec4 v0000019152ef4320_0;
    %ix/load 4, 1, 0;
    %flag_set/imm 4, 0;
    %shiftr 4;
    %ix/load 4, 0, 0;
    %flag_set/imm 4, 0;
    %store/vec4 v0000019152ef4460_0, 4, 16;
    %load/vec4 v0000019152ef4320_0;
    %parti/s 1, 0, 2;
    %ix/load 4, 1, 0;
    %flag_set/imm 4, 0;
    %store/vec4 v0000019152f03b10_0, 4, 1;
    %load/vec4 v0000019152ef4460_0;
    %parti/s 1, 15, 5;
    %ix/load 4, 0, 0;
    %flag_set/imm 4, 0;
    %store/vec4 v0000019152f03b10_0, 4, 1;
    %jmp T_0.13;
T_0.9 ;
    %load/vec4 v0000019152ef4320_0;
    %ix/load 4, 1, 0;
    %flag_set/imm 4, 0;
    %shiftl 4;
    %ix/load 4, 0, 0;
    %flag_set/imm 4, 0;
    %store/vec4 v0000019152ef4460_0, 4, 16;
    %load/vec4 v0000019152ef4320_0;
    %parti/s 1, 15, 5;
    %ix/load 4, 1, 0;
    %flag_set/imm 4, 0;
    %store/vec4 v0000019152f03b10_0, 4, 1;
    %load/vec4 v0000019152ef4460_0;
    %parti/s 1, 15, 5;
    %ix/load 4, 0, 0;
    %flag_set/imm 4, 0;
    %store/vec4 v0000019152f03b10_0, 4, 1;
    %jmp T_0.13;
T_0.10 ;
    %load/vec4 v0000019152ef4320_0;
    %pad/u 32;
    %inv;
    %store/vec4 v0000019152ef4460_0, 0, 32;
    %load/vec4 v0000019152ef4460_0;
    %addi 1, 0, 32;
    %store/vec4 v0000019152ef4460_0, 0, 32;
    %pushi/vec4 0, 0, 1;
    %ix/load 4, 1, 0;
    %flag_set/imm 4, 0;
    %store/vec4 v0000019152f03b10_0, 4, 1;
    %load/vec4 v0000019152ef4460_0;
    %parti/s 1, 15, 5;
    %ix/load 4, 0, 0;
    %flag_set/imm 4, 0;
    %store/vec4 v0000019152f03b10_0, 4, 1;
    %jmp T_0.13;
T_0.11 ;
    %load/vec4 v0000019152ef4320_0;
    %pad/u 32;
    %inv;
    %store/vec4 v0000019152ef4460_0, 0, 32;
    %pushi/vec4 0, 0, 1;
    %ix/load 4, 1, 0;
    %flag_set/imm 4, 0;
    %store/vec4 v0000019152f03b10_0, 4, 1;
    %load/vec4 v0000019152ef4460_0;
    %parti/s 1, 15, 5;
    %ix/load 4, 0, 0;
    %flag_set/imm 4, 0;
    %store/vec4 v0000019152f03b10_0, 4, 1;
    %jmp T_0.13;
T_0.13 ;
    %pop/vec4 1;
    %load/vec4 v0000019152f03bb0_0;
    %cmpi/e 3, 0, 4;
    %jmp/0xz  T_0.14, 4;
    %load/vec4 v0000019152ef4460_0;
    %cmpi/e 0, 0, 32;
    %flag_mov 8, 4;
    %jmp/0 T_0.16, 8;
    %pushi/vec4 1, 0, 1;
    %jmp/1 T_0.17, 8;
T_0.16 ; End of true expr.
    %pushi/vec4 0, 0, 1;
    %jmp/0 T_0.17, 8;
 ; End of false expr.
    %blend;
T_0.17;
    %ix/load 4, 2, 0;
    %flag_set/imm 4, 0;
    %store/vec4 v0000019152f03b10_0, 4, 1;
    %jmp T_0.15;
T_0.14 ;
    %load/vec4 v0000019152ef4460_0;
    %parti/s 16, 0, 2;
    %cmpi/e 0, 0, 16;
    %flag_mov 8, 4;
    %jmp/0 T_0.18, 8;
    %pushi/vec4 1, 0, 1;
    %jmp/1 T_0.19, 8;
T_0.18 ; End of true expr.
    %pushi/vec4 0, 0, 1;
    %jmp/0 T_0.19, 8;
 ; End of false expr.
    %blend;
T_0.19;
    %ix/load 4, 2, 0;
    %flag_set/imm 4, 0;
    %store/vec4 v0000019152f03b10_0, 4, 1;
T_0.15 ;
    %jmp T_0;
    .thread T_0, $push;
# The file index is used to find the file name in the following table.
:file_names 4;
    "N/A";
    "<interactive>";
    "./ALU.v";
    "main.v";
