#! /c/Source/iverilog-install/bin/vvp
:ivl_version "12.0 (devel)" "(s20150603-1539-g2693dd32b)";
:ivl_delay_selection "TYPICAL";
:vpi_time_precision + 0;
:vpi_module "C:\iverilog\lib\ivl\system.vpi";
:vpi_module "C:\iverilog\lib\ivl\vhdl_sys.vpi";
:vpi_module "C:\iverilog\lib\ivl\vhdl_textio.vpi";
:vpi_module "C:\iverilog\lib\ivl\v2005_math.vpi";
:vpi_module "C:\iverilog\lib\ivl\va_math.vpi";
S_0000025f39b364d0 .scope module, "makeNop" "makeNop" 2 1;
 .timescale 0 0;
    .port_info 0 /INPUT 1 "stall";
    .port_info 1 /INPUT 1 "stall1";
    .port_info 2 /INPUT 1 "stall2";
    .port_info 3 /INPUT 1 "RegDst";
    .port_info 4 /INPUT 1 "Jump";
    .port_info 5 /INPUT 1 "Branch";
    .port_info 6 /INPUT 1 "MemWrite";
    .port_info 7 /INPUT 1 "MemToReg";
    .port_info 8 /INPUT 1 "ALUSrc";
    .port_info 9 /INPUT 1 "RegWrite";
    .port_info 10 /INPUT 5 "rd";
    .port_info 11 /INPUT 5 "rt";
    .port_info 12 /OUTPUT 1 "RegDst0";
    .port_info 13 /OUTPUT 1 "Jump0";
    .port_info 14 /OUTPUT 1 "Branch0";
    .port_info 15 /OUTPUT 1 "MemWrite0";
    .port_info 16 /OUTPUT 1 "MemToReg0";
    .port_info 17 /OUTPUT 1 "ALUSrc0";
    .port_info 18 /OUTPUT 1 "RegWrite0";
    .port_info 19 /OUTPUT 5 "rd0";
    .port_info 20 /OUTPUT 5 "rt0";
o0000025f39b8b828 .functor BUFZ 1, C4<z>; HiZ drive
o0000025f39b8b858 .functor BUFZ 1, C4<z>; HiZ drive
L_0000025f39b7aec0 .functor OR 1, o0000025f39b8b828, o0000025f39b8b858, C4<0>, C4<0>;
o0000025f39b8b888 .functor BUFZ 1, C4<z>; HiZ drive
L_0000025f39b7b1d0 .functor OR 1, L_0000025f39b7aec0, o0000025f39b8b888, C4<0>, C4<0>;
L_0000025f39b7b400 .functor OR 1, o0000025f39b8b828, o0000025f39b8b858, C4<0>, C4<0>;
L_0000025f39b7b010 .functor OR 1, L_0000025f39b7b400, o0000025f39b8b888, C4<0>, C4<0>;
L_0000025f39b7af30 .functor OR 1, o0000025f39b8b828, o0000025f39b8b858, C4<0>, C4<0>;
L_0000025f39b7b470 .functor OR 1, L_0000025f39b7af30, o0000025f39b8b888, C4<0>, C4<0>;
L_0000025f39b7b080 .functor OR 1, o0000025f39b8b828, o0000025f39b8b858, C4<0>, C4<0>;
L_0000025f39b7b2b0 .functor OR 1, L_0000025f39b7b080, o0000025f39b8b888, C4<0>, C4<0>;
L_0000025f39b7b240 .functor OR 1, o0000025f39b8b828, o0000025f39b8b858, C4<0>, C4<0>;
L_0000025f39b7b0f0 .functor OR 1, L_0000025f39b7b240, o0000025f39b8b888, C4<0>, C4<0>;
L_0000025f39b7b4e0 .functor OR 1, o0000025f39b8b828, o0000025f39b8b858, C4<0>, C4<0>;
L_0000025f39b7b550 .functor OR 1, L_0000025f39b7b4e0, o0000025f39b8b888, C4<0>, C4<0>;
L_0000025f39b84280 .functor OR 1, o0000025f39b8b828, o0000025f39b8b858, C4<0>, C4<0>;
L_0000025f39b83e90 .functor OR 1, L_0000025f39b84280, o0000025f39b8b888, C4<0>, C4<0>;
L_0000025f39b83950 .functor OR 1, o0000025f39b8b828, o0000025f39b8b858, C4<0>, C4<0>;
L_0000025f39b83c60 .functor OR 1, L_0000025f39b83950, o0000025f39b8b888, C4<0>, C4<0>;
L_0000025f39b83e20 .functor OR 1, o0000025f39b8b828, o0000025f39b8b858, C4<0>, C4<0>;
L_0000025f39b84130 .functor OR 1, L_0000025f39b83e20, o0000025f39b8b888, C4<0>, C4<0>;
o0000025f39b8afb8 .functor BUFZ 1, C4<z>; HiZ drive
v0000025f39b79cb0_0 .net "ALUSrc", 0 0, o0000025f39b8afb8;  0 drivers
v0000025f39b7a110_0 .net "ALUSrc0", 0 0, L_0000025f39bd74e0;  1 drivers
o0000025f39b8b018 .functor BUFZ 1, C4<z>; HiZ drive
v0000025f39b798f0_0 .net "Branch", 0 0, o0000025f39b8b018;  0 drivers
v0000025f39b795d0_0 .net "Branch0", 0 0, L_0000025f39bd76c0;  1 drivers
o0000025f39b8b078 .functor BUFZ 1, C4<z>; HiZ drive
v0000025f39b79a30_0 .net "Jump", 0 0, o0000025f39b8b078;  0 drivers
v0000025f39b79df0_0 .net "Jump0", 0 0, L_0000025f39bd73a0;  1 drivers
o0000025f39b8b0d8 .functor BUFZ 1, C4<z>; HiZ drive
v0000025f39bd6220_0 .net "MemToReg", 0 0, o0000025f39b8b0d8;  0 drivers
v0000025f39bd7b20_0 .net "MemToReg0", 0 0, L_0000025f39bd7440;  1 drivers
o0000025f39b8b138 .functor BUFZ 1, C4<z>; HiZ drive
v0000025f39bd7940_0 .net "MemWrite", 0 0, o0000025f39b8b138;  0 drivers
v0000025f39bd6040_0 .net "MemWrite0", 0 0, L_0000025f39bd5d20;  1 drivers
o0000025f39b8b198 .functor BUFZ 1, C4<z>; HiZ drive
v0000025f39bd6d60_0 .net "RegDst", 0 0, o0000025f39b8b198;  0 drivers
v0000025f39bd6180_0 .net "RegDst0", 0 0, L_0000025f39bd7260;  1 drivers
o0000025f39b8b1f8 .functor BUFZ 1, C4<z>; HiZ drive
v0000025f39bd62c0_0 .net "RegWrite", 0 0, o0000025f39b8b1f8;  0 drivers
v0000025f39bd7300_0 .net "RegWrite0", 0 0, L_0000025f39bd7580;  1 drivers
v0000025f39bd5c80_0 .net *"_ivl_1", 0 0, L_0000025f39b7aec0;  1 drivers
v0000025f39bd60e0_0 .net *"_ivl_11", 0 0, L_0000025f39b7b010;  1 drivers
L_0000025f39bdfca0 .functor BUFT 1, C4<0>, C4<0>, C4<0>, C4<0>;
v0000025f39bd6b80_0 .net/2u *"_ivl_12", 0 0, L_0000025f39bdfca0;  1 drivers
v0000025f39bd7120_0 .net *"_ivl_17", 0 0, L_0000025f39b7af30;  1 drivers
v0000025f39bd5dc0_0 .net *"_ivl_19", 0 0, L_0000025f39b7b470;  1 drivers
L_0000025f39bdfce8 .functor BUFT 1, C4<0>, C4<0>, C4<0>, C4<0>;
v0000025f39bd6cc0_0 .net/2u *"_ivl_20", 0 0, L_0000025f39bdfce8;  1 drivers
v0000025f39bd6ea0_0 .net *"_ivl_25", 0 0, L_0000025f39b7b080;  1 drivers
v0000025f39bd6360_0 .net *"_ivl_27", 0 0, L_0000025f39b7b2b0;  1 drivers
L_0000025f39bdfd30 .functor BUFT 1, C4<0>, C4<0>, C4<0>, C4<0>;
v0000025f39bd6400_0 .net/2u *"_ivl_28", 0 0, L_0000025f39bdfd30;  1 drivers
v0000025f39bd6c20_0 .net *"_ivl_3", 0 0, L_0000025f39b7b1d0;  1 drivers
v0000025f39bd6f40_0 .net *"_ivl_33", 0 0, L_0000025f39b7b240;  1 drivers
v0000025f39bd5f00_0 .net *"_ivl_35", 0 0, L_0000025f39b7b0f0;  1 drivers
L_0000025f39bdfd78 .functor BUFT 1, C4<0>, C4<0>, C4<0>, C4<0>;
v0000025f39bd5fa0_0 .net/2u *"_ivl_36", 0 0, L_0000025f39bdfd78;  1 drivers
L_0000025f39bdfc58 .functor BUFT 1, C4<0>, C4<0>, C4<0>, C4<0>;
v0000025f39bd64a0_0 .net/2u *"_ivl_4", 0 0, L_0000025f39bdfc58;  1 drivers
v0000025f39bd6540_0 .net *"_ivl_41", 0 0, L_0000025f39b7b4e0;  1 drivers
v0000025f39bd65e0_0 .net *"_ivl_43", 0 0, L_0000025f39b7b550;  1 drivers
L_0000025f39bdfdc0 .functor BUFT 1, C4<0>, C4<0>, C4<0>, C4<0>;
v0000025f39bd7a80_0 .net/2u *"_ivl_44", 0 0, L_0000025f39bdfdc0;  1 drivers
v0000025f39bd6900_0 .net *"_ivl_49", 0 0, L_0000025f39b84280;  1 drivers
v0000025f39bd5e60_0 .net *"_ivl_51", 0 0, L_0000025f39b83e90;  1 drivers
L_0000025f39bdfe08 .functor BUFT 1, C4<0>, C4<0>, C4<0>, C4<0>;
v0000025f39bd7760_0 .net/2u *"_ivl_52", 0 0, L_0000025f39bdfe08;  1 drivers
v0000025f39bd6680_0 .net *"_ivl_57", 0 0, L_0000025f39b83950;  1 drivers
v0000025f39bd6720_0 .net *"_ivl_59", 0 0, L_0000025f39b83c60;  1 drivers
L_0000025f39bdfe50 .functor BUFT 1, C4<00000>, C4<0>, C4<0>, C4<0>;
v0000025f39bd6e00_0 .net/2u *"_ivl_60", 4 0, L_0000025f39bdfe50;  1 drivers
v0000025f39bd67c0_0 .net *"_ivl_65", 0 0, L_0000025f39b83e20;  1 drivers
v0000025f39bd6a40_0 .net *"_ivl_67", 0 0, L_0000025f39b84130;  1 drivers
L_0000025f39bdfe98 .functor BUFT 1, C4<00000>, C4<0>, C4<0>, C4<0>;
v0000025f39bd7800_0 .net/2u *"_ivl_68", 4 0, L_0000025f39bdfe98;  1 drivers
v0000025f39bd6860_0 .net *"_ivl_9", 0 0, L_0000025f39b7b400;  1 drivers
o0000025f39b8b768 .functor BUFZ 5, C4<zzzzz>; HiZ drive
v0000025f39bd79e0_0 .net "rd", 4 0, o0000025f39b8b768;  0 drivers
v0000025f39bd69a0_0 .net "rd0", 4 0, L_0000025f39bd7620;  1 drivers
o0000025f39b8b7c8 .functor BUFZ 5, C4<zzzzz>; HiZ drive
v0000025f39bd6ae0_0 .net "rt", 4 0, o0000025f39b8b7c8;  0 drivers
v0000025f39bd6fe0_0 .net "rt0", 4 0, L_0000025f39c29950;  1 drivers
v0000025f39bd7080_0 .net "stall", 0 0, o0000025f39b8b828;  0 drivers
v0000025f39bd71c0_0 .net "stall1", 0 0, o0000025f39b8b858;  0 drivers
v0000025f39bd78a0_0 .net "stall2", 0 0, o0000025f39b8b888;  0 drivers
L_0000025f39bd7260 .functor MUXZ 1, o0000025f39b8b198, L_0000025f39bdfc58, L_0000025f39b7b1d0, C4<>;
L_0000025f39bd73a0 .functor MUXZ 1, o0000025f39b8b078, L_0000025f39bdfca0, L_0000025f39b7b010, C4<>;
L_0000025f39bd76c0 .functor MUXZ 1, o0000025f39b8b018, L_0000025f39bdfce8, L_0000025f39b7b470, C4<>;
L_0000025f39bd5d20 .functor MUXZ 1, o0000025f39b8b138, L_0000025f39bdfd30, L_0000025f39b7b2b0, C4<>;
L_0000025f39bd7440 .functor MUXZ 1, o0000025f39b8b0d8, L_0000025f39bdfd78, L_0000025f39b7b0f0, C4<>;
L_0000025f39bd74e0 .functor MUXZ 1, o0000025f39b8afb8, L_0000025f39bdfdc0, L_0000025f39b7b550, C4<>;
L_0000025f39bd7580 .functor MUXZ 1, o0000025f39b8b1f8, L_0000025f39bdfe08, L_0000025f39b83e90, C4<>;
L_0000025f39bd7620 .functor MUXZ 5, o0000025f39b8b768, L_0000025f39bdfe50, L_0000025f39b83c60, C4<>;
L_0000025f39c29950 .functor MUXZ 5, o0000025f39b8b7c8, L_0000025f39bdfe98, L_0000025f39b84130, C4<>;
# The file index is used to find the file name in the following table.
:file_names 3;
    "N/A";
    "<interactive>";
    "makeNop.v";
