#! /c/Source/iverilog-install/bin/vvp
:ivl_version "12.0 (devel)" "(s20150603-1539-g2693dd32b)";
:ivl_delay_selection "TYPICAL";
:vpi_time_precision + 0;
:vpi_module "C:\iverilog\lib\ivl\system.vpi";
:vpi_module "C:\iverilog\lib\ivl\vhdl_sys.vpi";
:vpi_module "C:\iverilog\lib\ivl\vhdl_textio.vpi";
:vpi_module "C:\iverilog\lib\ivl\v2005_math.vpi";
:vpi_module "C:\iverilog\lib\ivl\va_math.vpi";
S_000001cee6af38d0 .scope module, "mux2x1_32" "mux2x1_32" 2 5;
 .timescale 0 0;
    .port_info 0 /OUTPUT 32 "Y";
    .port_info 1 /INPUT 32 "D0";
    .port_info 2 /INPUT 32 "D1";
    .port_info 3 /INPUT 1 "S";
o000001cee6b5d5a8 .functor BUFZ 32, C4<zzzzzzzzzzzzzzzzzzzzzzzzzzzzzzzz>; HiZ drive
v000001cee6bb1d70_0 .net "D0", 31 0, o000001cee6b5d5a8;  0 drivers
o000001cee6b5d5d8 .functor BUFZ 32, C4<zzzzzzzzzzzzzzzzzzzzzzzzzzzzzzzz>; HiZ drive
v000001cee6bb0830_0 .net "D1", 31 0, o000001cee6b5d5d8;  0 drivers
o000001cee6b599d8 .functor BUFZ 1, C4<z>; HiZ drive
v000001cee6bb1af0_0 .net "S", 0 0, o000001cee6b599d8;  0 drivers
v000001cee6bafbb0_0 .net "Y", 31 0, L_000001cee6bbb8c0;  1 drivers
L_000001cee6bafe30 .part o000001cee6b5d5a8, 0, 1;
L_000001cee6bb0290 .part o000001cee6b5d5d8, 0, 1;
L_000001cee6baf9d0 .part o000001cee6b5d5a8, 1, 1;
L_000001cee6bafa70 .part o000001cee6b5d5d8, 1, 1;
L_000001cee6bafcf0 .part o000001cee6b5d5a8, 2, 1;
L_000001cee6bafd90 .part o000001cee6b5d5d8, 2, 1;
L_000001cee6bafed0 .part o000001cee6b5d5a8, 3, 1;
L_000001cee6bb00b0 .part o000001cee6b5d5d8, 3, 1;
L_000001cee6bb0150 .part o000001cee6b5d5a8, 4, 1;
L_000001cee6bb01f0 .part o000001cee6b5d5d8, 4, 1;
L_000001cee6bb0330 .part o000001cee6b5d5a8, 5, 1;
L_000001cee6bb03d0 .part o000001cee6b5d5d8, 5, 1;
L_000001cee6bb0510 .part o000001cee6b5d5a8, 6, 1;
L_000001cee6bb0650 .part o000001cee6b5d5d8, 6, 1;
L_000001cee6bb05b0 .part o000001cee6b5d5a8, 7, 1;
L_000001cee6bb2db0 .part o000001cee6b5d5d8, 7, 1;
L_000001cee6bb23b0 .part o000001cee6b5d5a8, 8, 1;
L_000001cee6bb21d0 .part o000001cee6b5d5d8, 8, 1;
L_000001cee6bb2c70 .part o000001cee6b5d5a8, 9, 1;
L_000001cee6bb2bd0 .part o000001cee6b5d5d8, 9, 1;
L_000001cee6bb28b0 .part o000001cee6b5d5a8, 10, 1;
L_000001cee6bb2f90 .part o000001cee6b5d5d8, 10, 1;
L_000001cee6bb2d10 .part o000001cee6b5d5a8, 11, 1;
L_000001cee6bb1ff0 .part o000001cee6b5d5d8, 11, 1;
L_000001cee6bb33f0 .part o000001cee6b5d5a8, 12, 1;
L_000001cee6bb2e50 .part o000001cee6b5d5d8, 12, 1;
L_000001cee6bb2a90 .part o000001cee6b5d5a8, 13, 1;
L_000001cee6bb30d0 .part o000001cee6b5d5d8, 13, 1;
L_000001cee6bb3490 .part o000001cee6b5d5a8, 14, 1;
L_000001cee6bb2450 .part o000001cee6b5d5d8, 14, 1;
L_000001cee6bb2ef0 .part o000001cee6b5d5a8, 15, 1;
L_000001cee6bb3030 .part o000001cee6b5d5d8, 15, 1;
L_000001cee6bb3210 .part o000001cee6b5d5a8, 16, 1;
L_000001cee6bb3170 .part o000001cee6b5d5d8, 16, 1;
L_000001cee6bb3530 .part o000001cee6b5d5a8, 17, 1;
L_000001cee6bb26d0 .part o000001cee6b5d5d8, 17, 1;
L_000001cee6bb32b0 .part o000001cee6b5d5a8, 18, 1;
L_000001cee6bb3350 .part o000001cee6b5d5d8, 18, 1;
L_000001cee6bb2130 .part o000001cee6b5d5a8, 19, 1;
L_000001cee6bb2270 .part o000001cee6b5d5d8, 19, 1;
L_000001cee6bb35d0 .part o000001cee6b5d5a8, 20, 1;
L_000001cee6bb2310 .part o000001cee6b5d5d8, 20, 1;
L_000001cee6bb24f0 .part o000001cee6b5d5a8, 21, 1;
L_000001cee6bb3670 .part o000001cee6b5d5d8, 21, 1;
L_000001cee6bb2090 .part o000001cee6b5d5a8, 22, 1;
L_000001cee6bb2590 .part o000001cee6b5d5d8, 22, 1;
L_000001cee6bb2630 .part o000001cee6b5d5a8, 23, 1;
L_000001cee6bb2810 .part o000001cee6b5d5d8, 23, 1;
L_000001cee6bb2770 .part o000001cee6b5d5a8, 24, 1;
L_000001cee6bb2950 .part o000001cee6b5d5d8, 24, 1;
L_000001cee6bb29f0 .part o000001cee6b5d5a8, 25, 1;
L_000001cee6bb2b30 .part o000001cee6b5d5d8, 25, 1;
L_000001cee6bbb1e0 .part o000001cee6b5d5a8, 26, 1;
L_000001cee6bbace0 .part o000001cee6b5d5d8, 26, 1;
L_000001cee6bbb5a0 .part o000001cee6b5d5a8, 27, 1;
L_000001cee6bb9ca0 .part o000001cee6b5d5d8, 27, 1;
L_000001cee6bbbdc0 .part o000001cee6b5d5a8, 28, 1;
L_000001cee6bba060 .part o000001cee6b5d5d8, 28, 1;
L_000001cee6bbac40 .part o000001cee6b5d5a8, 29, 1;
L_000001cee6bb9c00 .part o000001cee6b5d5d8, 29, 1;
L_000001cee6bbaf60 .part o000001cee6b5d5a8, 30, 1;
L_000001cee6bba560 .part o000001cee6b5d5d8, 30, 1;
LS_000001cee6bbb8c0_0_0 .concat8 [ 1 1 1 1], L_000001cee6b4f8e0, L_000001cee6b4faa0, L_000001cee6bb4200, L_000001cee6bb3f60;
LS_000001cee6bbb8c0_0_4 .concat8 [ 1 1 1 1], L_000001cee6bb37f0, L_000001cee6bb4660, L_000001cee6bb46d0, L_000001cee6bb4350;
LS_000001cee6bbb8c0_0_8 .concat8 [ 1 1 1 1], L_000001cee6bb3cc0, L_000001cee6bb40b0, L_000001cee6bb6880, L_000001cee6bb7290;
LS_000001cee6bbb8c0_0_12 .concat8 [ 1 1 1 1], L_000001cee6bb6ab0, L_000001cee6bb7300, L_000001cee6bb6c70, L_000001cee6bb7450;
LS_000001cee6bbb8c0_0_16 .concat8 [ 1 1 1 1], L_000001cee6bb7610, L_000001cee6bb6c00, L_000001cee6bb6e30, L_000001cee6b1f5c0;
LS_000001cee6bbb8c0_0_20 .concat8 [ 1 1 1 1], L_000001cee6b1f160, L_000001cee6b1f7f0, L_000001cee6b1efa0, L_000001cee6b1f010;
LS_000001cee6bbb8c0_0_24 .concat8 [ 1 1 1 1], L_000001cee6b1f2b0, L_000001cee6b1fb00, L_000001cee6b1f080, L_000001cee6b1f240;
LS_000001cee6bbb8c0_0_28 .concat8 [ 1 1 1 1], L_000001cee6bbdbc0, L_000001cee6bbddf0, L_000001cee6bbe1e0, L_000001cee6bbe330;
LS_000001cee6bbb8c0_1_0 .concat8 [ 4 4 4 4], LS_000001cee6bbb8c0_0_0, LS_000001cee6bbb8c0_0_4, LS_000001cee6bbb8c0_0_8, LS_000001cee6bbb8c0_0_12;
LS_000001cee6bbb8c0_1_4 .concat8 [ 4 4 4 4], LS_000001cee6bbb8c0_0_16, LS_000001cee6bbb8c0_0_20, LS_000001cee6bbb8c0_0_24, LS_000001cee6bbb8c0_0_28;
L_000001cee6bbb8c0 .concat8 [ 16 16 0 0], LS_000001cee6bbb8c0_1_0, LS_000001cee6bbb8c0_1_4;
L_000001cee6bb9d40 .part o000001cee6b5d5a8, 31, 1;
L_000001cee6bb9b60 .part o000001cee6b5d5d8, 31, 1;
S_000001cee6af1c40 .scope module, "mux0" "mux2x1_1" 2 9, 2 44 0, S_000001cee6af38d0;
 .timescale 0 0;
    .port_info 0 /OUTPUT 1 "Y";
    .port_info 1 /INPUT 1 "D0";
    .port_info 2 /INPUT 1 "D1";
    .port_info 3 /INPUT 1 "S";
L_000001cee6b4ff00 .functor AND 1, L_000001cee6bb0290, o000001cee6b599d8, C4<1>, C4<1>;
L_000001cee6b4ff70 .functor AND 1, L_000001cee6bafe30, L_000001cee6b4f870, C4<1>, C4<1>;
L_000001cee6b4f870 .functor NOT 1, o000001cee6b599d8, C4<0>, C4<0>, C4<0>;
L_000001cee6b4f8e0 .functor OR 1, L_000001cee6b4ff00, L_000001cee6b4ff70, C4<0>, C4<0>;
v000001cee6b2c490_0 .net "D0", 0 0, L_000001cee6bafe30;  1 drivers
v000001cee6b2c710_0 .net "D1", 0 0, L_000001cee6bb0290;  1 drivers
v000001cee6b2d110_0 .net "S", 0 0, o000001cee6b599d8;  alias, 0 drivers
v000001cee6b36e70_0 .net "Sbar", 0 0, L_000001cee6b4f870;  1 drivers
v000001cee6b37050_0 .net "T1", 0 0, L_000001cee6b4ff00;  1 drivers
v000001cee6b375f0_0 .net "T2", 0 0, L_000001cee6b4ff70;  1 drivers
v000001cee6b37690_0 .net "Y", 0 0, L_000001cee6b4f8e0;  1 drivers
S_000001cee6af1dd0 .scope module, "mux1" "mux2x1_1" 2 10, 2 44 0, S_000001cee6af38d0;
 .timescale 0 0;
    .port_info 0 /OUTPUT 1 "Y";
    .port_info 1 /INPUT 1 "D0";
    .port_info 2 /INPUT 1 "D1";
    .port_info 3 /INPUT 1 "S";
L_000001cee6b4f950 .functor AND 1, L_000001cee6bafa70, o000001cee6b599d8, C4<1>, C4<1>;
L_000001cee6b4f9c0 .functor AND 1, L_000001cee6baf9d0, L_000001cee6b4fa30, C4<1>, C4<1>;
L_000001cee6b4fa30 .functor NOT 1, o000001cee6b599d8, C4<0>, C4<0>, C4<0>;
L_000001cee6b4faa0 .functor OR 1, L_000001cee6b4f950, L_000001cee6b4f9c0, C4<0>, C4<0>;
v000001cee6b37ff0_0 .net "D0", 0 0, L_000001cee6baf9d0;  1 drivers
v000001cee6b38270_0 .net "D1", 0 0, L_000001cee6bafa70;  1 drivers
v000001cee6b38590_0 .net "S", 0 0, o000001cee6b599d8;  alias, 0 drivers
v000001cee6b164e0_0 .net "Sbar", 0 0, L_000001cee6b4fa30;  1 drivers
v000001cee6b15d60_0 .net "T1", 0 0, L_000001cee6b4f950;  1 drivers
v000001cee6b15900_0 .net "T2", 0 0, L_000001cee6b4f9c0;  1 drivers
v000001cee6b159a0_0 .net "Y", 0 0, L_000001cee6b4faa0;  1 drivers
S_000001cee6b979c0 .scope module, "mux10" "mux2x1_1" 2 19, 2 44 0, S_000001cee6af38d0;
 .timescale 0 0;
    .port_info 0 /OUTPUT 1 "Y";
    .port_info 1 /INPUT 1 "D0";
    .port_info 2 /INPUT 1 "D1";
    .port_info 3 /INPUT 1 "S";
L_000001cee6bb3da0 .functor AND 1, L_000001cee6bb2f90, o000001cee6b599d8, C4<1>, C4<1>;
L_000001cee6bb4120 .functor AND 1, L_000001cee6bb28b0, L_000001cee6bb4040, C4<1>, C4<1>;
L_000001cee6bb4040 .functor NOT 1, o000001cee6b599d8, C4<0>, C4<0>, C4<0>;
L_000001cee6bb6880 .functor OR 1, L_000001cee6bb3da0, L_000001cee6bb4120, C4<0>, C4<0>;
v000001cee6b44110_0 .net "D0", 0 0, L_000001cee6bb28b0;  1 drivers
v000001cee6b43ad0_0 .net "D1", 0 0, L_000001cee6bb2f90;  1 drivers
v000001cee6b437b0_0 .net "S", 0 0, o000001cee6b599d8;  alias, 0 drivers
v000001cee6b1c7f0_0 .net "Sbar", 0 0, L_000001cee6bb4040;  1 drivers
v000001cee6b985a0_0 .net "T1", 0 0, L_000001cee6bb3da0;  1 drivers
v000001cee6b99400_0 .net "T2", 0 0, L_000001cee6bb4120;  1 drivers
v000001cee6b99180_0 .net "Y", 0 0, L_000001cee6bb6880;  1 drivers
S_000001cee6b3e7c0 .scope module, "mux11" "mux2x1_1" 2 20, 2 44 0, S_000001cee6af38d0;
 .timescale 0 0;
    .port_info 0 /OUTPUT 1 "Y";
    .port_info 1 /INPUT 1 "D0";
    .port_info 2 /INPUT 1 "D1";
    .port_info 3 /INPUT 1 "S";
L_000001cee6bb7370 .functor AND 1, L_000001cee6bb1ff0, o000001cee6b599d8, C4<1>, C4<1>;
L_000001cee6bb68f0 .functor AND 1, L_000001cee6bb2d10, L_000001cee6bb6ff0, C4<1>, C4<1>;
L_000001cee6bb6ff0 .functor NOT 1, o000001cee6b599d8, C4<0>, C4<0>, C4<0>;
L_000001cee6bb7290 .functor OR 1, L_000001cee6bb7370, L_000001cee6bb68f0, C4<0>, C4<0>;
v000001cee6b97c40_0 .net "D0", 0 0, L_000001cee6bb2d10;  1 drivers
v000001cee6b98be0_0 .net "D1", 0 0, L_000001cee6bb1ff0;  1 drivers
v000001cee6b986e0_0 .net "S", 0 0, o000001cee6b599d8;  alias, 0 drivers
v000001cee6b98e60_0 .net "Sbar", 0 0, L_000001cee6bb6ff0;  1 drivers
v000001cee6b992c0_0 .net "T1", 0 0, L_000001cee6bb7370;  1 drivers
v000001cee6b97e20_0 .net "T2", 0 0, L_000001cee6bb68f0;  1 drivers
v000001cee6b994a0_0 .net "Y", 0 0, L_000001cee6bb7290;  1 drivers
S_000001cee6b3e950 .scope module, "mux12" "mux2x1_1" 2 21, 2 44 0, S_000001cee6af38d0;
 .timescale 0 0;
    .port_info 0 /OUTPUT 1 "Y";
    .port_info 1 /INPUT 1 "D0";
    .port_info 2 /INPUT 1 "D1";
    .port_info 3 /INPUT 1 "S";
L_000001cee6bb7140 .functor AND 1, L_000001cee6bb2e50, o000001cee6b599d8, C4<1>, C4<1>;
L_000001cee6bb71b0 .functor AND 1, L_000001cee6bb33f0, L_000001cee6bb6f80, C4<1>, C4<1>;
L_000001cee6bb6f80 .functor NOT 1, o000001cee6b599d8, C4<0>, C4<0>, C4<0>;
L_000001cee6bb6ab0 .functor OR 1, L_000001cee6bb7140, L_000001cee6bb71b0, C4<0>, C4<0>;
v000001cee6b97d80_0 .net "D0", 0 0, L_000001cee6bb33f0;  1 drivers
v000001cee6b98a00_0 .net "D1", 0 0, L_000001cee6bb2e50;  1 drivers
v000001cee6b97ce0_0 .net "S", 0 0, o000001cee6b599d8;  alias, 0 drivers
v000001cee6b97ec0_0 .net "Sbar", 0 0, L_000001cee6bb6f80;  1 drivers
v000001cee6b97f60_0 .net "T1", 0 0, L_000001cee6bb7140;  1 drivers
v000001cee6b98000_0 .net "T2", 0 0, L_000001cee6bb71b0;  1 drivers
v000001cee6b988c0_0 .net "Y", 0 0, L_000001cee6bb6ab0;  1 drivers
S_000001cee6b3eae0 .scope module, "mux13" "mux2x1_1" 2 22, 2 44 0, S_000001cee6af38d0;
 .timescale 0 0;
    .port_info 0 /OUTPUT 1 "Y";
    .port_info 1 /INPUT 1 "D0";
    .port_info 2 /INPUT 1 "D1";
    .port_info 3 /INPUT 1 "S";
L_000001cee6bb7530 .functor AND 1, L_000001cee6bb30d0, o000001cee6b599d8, C4<1>, C4<1>;
L_000001cee6bb7680 .functor AND 1, L_000001cee6bb2a90, L_000001cee6bb7060, C4<1>, C4<1>;
L_000001cee6bb7060 .functor NOT 1, o000001cee6b599d8, C4<0>, C4<0>, C4<0>;
L_000001cee6bb7300 .functor OR 1, L_000001cee6bb7530, L_000001cee6bb7680, C4<0>, C4<0>;
v000001cee6b990e0_0 .net "D0", 0 0, L_000001cee6bb2a90;  1 drivers
v000001cee6b98b40_0 .net "D1", 0 0, L_000001cee6bb30d0;  1 drivers
v000001cee6b98fa0_0 .net "S", 0 0, o000001cee6b599d8;  alias, 0 drivers
v000001cee6b997c0_0 .net "Sbar", 0 0, L_000001cee6bb7060;  1 drivers
v000001cee6b98460_0 .net "T1", 0 0, L_000001cee6bb7530;  1 drivers
v000001cee6b98780_0 .net "T2", 0 0, L_000001cee6bb7680;  1 drivers
v000001cee6b99360_0 .net "Y", 0 0, L_000001cee6bb7300;  1 drivers
S_000001cee6b3ec70 .scope module, "mux14" "mux2x1_1" 2 23, 2 44 0, S_000001cee6af38d0;
 .timescale 0 0;
    .port_info 0 /OUTPUT 1 "Y";
    .port_info 1 /INPUT 1 "D0";
    .port_info 2 /INPUT 1 "D1";
    .port_info 3 /INPUT 1 "S";
L_000001cee6bb75a0 .functor AND 1, L_000001cee6bb2450, o000001cee6b599d8, C4<1>, C4<1>;
L_000001cee6bb70d0 .functor AND 1, L_000001cee6bb3490, L_000001cee6bb6d50, C4<1>, C4<1>;
L_000001cee6bb6d50 .functor NOT 1, o000001cee6b599d8, C4<0>, C4<0>, C4<0>;
L_000001cee6bb6c70 .functor OR 1, L_000001cee6bb75a0, L_000001cee6bb70d0, C4<0>, C4<0>;
v000001cee6b98f00_0 .net "D0", 0 0, L_000001cee6bb3490;  1 drivers
v000001cee6b98640_0 .net "D1", 0 0, L_000001cee6bb2450;  1 drivers
v000001cee6b999a0_0 .net "S", 0 0, o000001cee6b599d8;  alias, 0 drivers
v000001cee6b98c80_0 .net "Sbar", 0 0, L_000001cee6bb6d50;  1 drivers
v000001cee6b99040_0 .net "T1", 0 0, L_000001cee6bb75a0;  1 drivers
v000001cee6b99860_0 .net "T2", 0 0, L_000001cee6bb70d0;  1 drivers
v000001cee6b980a0_0 .net "Y", 0 0, L_000001cee6bb6c70;  1 drivers
S_000001cee6ba8090 .scope module, "mux15" "mux2x1_1" 2 24, 2 44 0, S_000001cee6af38d0;
 .timescale 0 0;
    .port_info 0 /OUTPUT 1 "Y";
    .port_info 1 /INPUT 1 "D0";
    .port_info 2 /INPUT 1 "D1";
    .port_info 3 /INPUT 1 "S";
L_000001cee6bb7220 .functor AND 1, L_000001cee6bb3030, o000001cee6b599d8, C4<1>, C4<1>;
L_000001cee6bb73e0 .functor AND 1, L_000001cee6bb2ef0, L_000001cee6bb69d0, C4<1>, C4<1>;
L_000001cee6bb69d0 .functor NOT 1, o000001cee6b599d8, C4<0>, C4<0>, C4<0>;
L_000001cee6bb7450 .functor OR 1, L_000001cee6bb7220, L_000001cee6bb73e0, C4<0>, C4<0>;
v000001cee6b98aa0_0 .net "D0", 0 0, L_000001cee6bb2ef0;  1 drivers
v000001cee6b98820_0 .net "D1", 0 0, L_000001cee6bb3030;  1 drivers
v000001cee6b99900_0 .net "S", 0 0, o000001cee6b599d8;  alias, 0 drivers
v000001cee6b99540_0 .net "Sbar", 0 0, L_000001cee6bb69d0;  1 drivers
v000001cee6b99a40_0 .net "T1", 0 0, L_000001cee6bb7220;  1 drivers
v000001cee6b98d20_0 .net "T2", 0 0, L_000001cee6bb73e0;  1 drivers
v000001cee6b98960_0 .net "Y", 0 0, L_000001cee6bb7450;  1 drivers
S_000001cee6ba8220 .scope module, "mux16" "mux2x1_1" 2 25, 2 44 0, S_000001cee6af38d0;
 .timescale 0 0;
    .port_info 0 /OUTPUT 1 "Y";
    .port_info 1 /INPUT 1 "D0";
    .port_info 2 /INPUT 1 "D1";
    .port_info 3 /INPUT 1 "S";
L_000001cee6bb6960 .functor AND 1, L_000001cee6bb3170, o000001cee6b599d8, C4<1>, C4<1>;
L_000001cee6bb74c0 .functor AND 1, L_000001cee6bb3210, L_000001cee6bb6b20, C4<1>, C4<1>;
L_000001cee6bb6b20 .functor NOT 1, o000001cee6b599d8, C4<0>, C4<0>, C4<0>;
L_000001cee6bb7610 .functor OR 1, L_000001cee6bb6960, L_000001cee6bb74c0, C4<0>, C4<0>;
v000001cee6b98dc0_0 .net "D0", 0 0, L_000001cee6bb3210;  1 drivers
v000001cee6b995e0_0 .net "D1", 0 0, L_000001cee6bb3170;  1 drivers
v000001cee6b99220_0 .net "S", 0 0, o000001cee6b599d8;  alias, 0 drivers
v000001cee6b99680_0 .net "Sbar", 0 0, L_000001cee6bb6b20;  1 drivers
v000001cee6b99720_0 .net "T1", 0 0, L_000001cee6bb6960;  1 drivers
v000001cee6b97ba0_0 .net "T2", 0 0, L_000001cee6bb74c0;  1 drivers
v000001cee6b98140_0 .net "Y", 0 0, L_000001cee6bb7610;  1 drivers
S_000001cee6ba83b0 .scope module, "mux17" "mux2x1_1" 2 26, 2 44 0, S_000001cee6af38d0;
 .timescale 0 0;
    .port_info 0 /OUTPUT 1 "Y";
    .port_info 1 /INPUT 1 "D0";
    .port_info 2 /INPUT 1 "D1";
    .port_info 3 /INPUT 1 "S";
L_000001cee6bb6a40 .functor AND 1, L_000001cee6bb26d0, o000001cee6b599d8, C4<1>, C4<1>;
L_000001cee6bb76f0 .functor AND 1, L_000001cee6bb3530, L_000001cee6bb6810, C4<1>, C4<1>;
L_000001cee6bb6810 .functor NOT 1, o000001cee6b599d8, C4<0>, C4<0>, C4<0>;
L_000001cee6bb6c00 .functor OR 1, L_000001cee6bb6a40, L_000001cee6bb76f0, C4<0>, C4<0>;
v000001cee6b981e0_0 .net "D0", 0 0, L_000001cee6bb3530;  1 drivers
v000001cee6b98280_0 .net "D1", 0 0, L_000001cee6bb26d0;  1 drivers
v000001cee6b98320_0 .net "S", 0 0, o000001cee6b599d8;  alias, 0 drivers
v000001cee6b98500_0 .net "Sbar", 0 0, L_000001cee6bb6810;  1 drivers
v000001cee6b983c0_0 .net "T1", 0 0, L_000001cee6bb6a40;  1 drivers
v000001cee6b9c5c0_0 .net "T2", 0 0, L_000001cee6bb76f0;  1 drivers
v000001cee6b9bee0_0 .net "Y", 0 0, L_000001cee6bb6c00;  1 drivers
S_000001cee6b9db80 .scope module, "mux18" "mux2x1_1" 2 27, 2 44 0, S_000001cee6af38d0;
 .timescale 0 0;
    .port_info 0 /OUTPUT 1 "Y";
    .port_info 1 /INPUT 1 "D0";
    .port_info 2 /INPUT 1 "D1";
    .port_info 3 /INPUT 1 "S";
L_000001cee6bb6b90 .functor AND 1, L_000001cee6bb3350, o000001cee6b599d8, C4<1>, C4<1>;
L_000001cee6bb6ce0 .functor AND 1, L_000001cee6bb32b0, L_000001cee6bb6dc0, C4<1>, C4<1>;
L_000001cee6bb6dc0 .functor NOT 1, o000001cee6b599d8, C4<0>, C4<0>, C4<0>;
L_000001cee6bb6e30 .functor OR 1, L_000001cee6bb6b90, L_000001cee6bb6ce0, C4<0>, C4<0>;
v000001cee6b9d380_0 .net "D0", 0 0, L_000001cee6bb32b0;  1 drivers
v000001cee6b9c700_0 .net "D1", 0 0, L_000001cee6bb3350;  1 drivers
v000001cee6b9c7a0_0 .net "S", 0 0, o000001cee6b599d8;  alias, 0 drivers
v000001cee6b9bf80_0 .net "Sbar", 0 0, L_000001cee6bb6dc0;  1 drivers
v000001cee6b9cd40_0 .net "T1", 0 0, L_000001cee6bb6b90;  1 drivers
v000001cee6b9cde0_0 .net "T2", 0 0, L_000001cee6bb6ce0;  1 drivers
v000001cee6b9c660_0 .net "Y", 0 0, L_000001cee6bb6e30;  1 drivers
S_000001cee6b9dd10 .scope module, "mux19" "mux2x1_1" 2 28, 2 44 0, S_000001cee6af38d0;
 .timescale 0 0;
    .port_info 0 /OUTPUT 1 "Y";
    .port_info 1 /INPUT 1 "D0";
    .port_info 2 /INPUT 1 "D1";
    .port_info 3 /INPUT 1 "S";
L_000001cee6bb6ea0 .functor AND 1, L_000001cee6bb2270, o000001cee6b599d8, C4<1>, C4<1>;
L_000001cee6bb6f10 .functor AND 1, L_000001cee6bb2130, L_000001cee6b1f470, C4<1>, C4<1>;
L_000001cee6b1f470 .functor NOT 1, o000001cee6b599d8, C4<0>, C4<0>, C4<0>;
L_000001cee6b1f5c0 .functor OR 1, L_000001cee6bb6ea0, L_000001cee6bb6f10, C4<0>, C4<0>;
v000001cee6b9d9c0_0 .net "D0", 0 0, L_000001cee6bb2130;  1 drivers
v000001cee6b9d560_0 .net "D1", 0 0, L_000001cee6bb2270;  1 drivers
v000001cee6b9c020_0 .net "S", 0 0, o000001cee6b599d8;  alias, 0 drivers
v000001cee6b9c0c0_0 .net "Sbar", 0 0, L_000001cee6b1f470;  1 drivers
v000001cee6b9c840_0 .net "T1", 0 0, L_000001cee6bb6ea0;  1 drivers
v000001cee6b9c160_0 .net "T2", 0 0, L_000001cee6bb6f10;  1 drivers
v000001cee6b9ca20_0 .net "Y", 0 0, L_000001cee6b1f5c0;  1 drivers
S_000001cee6b9dea0 .scope module, "mux2" "mux2x1_1" 2 11, 2 44 0, S_000001cee6af38d0;
 .timescale 0 0;
    .port_info 0 /OUTPUT 1 "Y";
    .port_info 1 /INPUT 1 "D0";
    .port_info 2 /INPUT 1 "D1";
    .port_info 3 /INPUT 1 "S";
L_000001cee6bb3e80 .functor AND 1, L_000001cee6bafd90, o000001cee6b599d8, C4<1>, C4<1>;
L_000001cee6bb3b70 .functor AND 1, L_000001cee6bafcf0, L_000001cee6bb45f0, C4<1>, C4<1>;
L_000001cee6bb45f0 .functor NOT 1, o000001cee6b599d8, C4<0>, C4<0>, C4<0>;
L_000001cee6bb4200 .functor OR 1, L_000001cee6bb3e80, L_000001cee6bb3b70, C4<0>, C4<0>;
v000001cee6b9bda0_0 .net "D0", 0 0, L_000001cee6bafcf0;  1 drivers
v000001cee6b9d880_0 .net "D1", 0 0, L_000001cee6bafd90;  1 drivers
v000001cee6b9be40_0 .net "S", 0 0, o000001cee6b599d8;  alias, 0 drivers
v000001cee6b9cf20_0 .net "Sbar", 0 0, L_000001cee6bb45f0;  1 drivers
v000001cee6b9c200_0 .net "T1", 0 0, L_000001cee6bb3e80;  1 drivers
v000001cee6b9d1a0_0 .net "T2", 0 0, L_000001cee6bb3b70;  1 drivers
v000001cee6b9bc60_0 .net "Y", 0 0, L_000001cee6bb4200;  1 drivers
S_000001cee6b9e030 .scope module, "mux20" "mux2x1_1" 2 29, 2 44 0, S_000001cee6af38d0;
 .timescale 0 0;
    .port_info 0 /OUTPUT 1 "Y";
    .port_info 1 /INPUT 1 "D0";
    .port_info 2 /INPUT 1 "D1";
    .port_info 3 /INPUT 1 "S";
L_000001cee6b1f4e0 .functor AND 1, L_000001cee6bb2310, o000001cee6b599d8, C4<1>, C4<1>;
L_000001cee6b1f390 .functor AND 1, L_000001cee6bb35d0, L_000001cee6b1ee50, C4<1>, C4<1>;
L_000001cee6b1ee50 .functor NOT 1, o000001cee6b599d8, C4<0>, C4<0>, C4<0>;
L_000001cee6b1f160 .functor OR 1, L_000001cee6b1f4e0, L_000001cee6b1f390, C4<0>, C4<0>;
v000001cee6b9cfc0_0 .net "D0", 0 0, L_000001cee6bb35d0;  1 drivers
v000001cee6b9d060_0 .net "D1", 0 0, L_000001cee6bb2310;  1 drivers
v000001cee6b9bd00_0 .net "S", 0 0, o000001cee6b599d8;  alias, 0 drivers
v000001cee6b9d600_0 .net "Sbar", 0 0, L_000001cee6b1ee50;  1 drivers
v000001cee6b9c2a0_0 .net "T1", 0 0, L_000001cee6b1f4e0;  1 drivers
v000001cee6b9c340_0 .net "T2", 0 0, L_000001cee6b1f390;  1 drivers
v000001cee6b9d6a0_0 .net "Y", 0 0, L_000001cee6b1f160;  1 drivers
S_000001cee6b9e1c0 .scope module, "mux21" "mux2x1_1" 2 30, 2 44 0, S_000001cee6af38d0;
 .timescale 0 0;
    .port_info 0 /OUTPUT 1 "Y";
    .port_info 1 /INPUT 1 "D0";
    .port_info 2 /INPUT 1 "D1";
    .port_info 3 /INPUT 1 "S";
L_000001cee6b1fa90 .functor AND 1, L_000001cee6bb3670, o000001cee6b599d8, C4<1>, C4<1>;
L_000001cee6b1f400 .functor AND 1, L_000001cee6bb24f0, L_000001cee6b1f780, C4<1>, C4<1>;
L_000001cee6b1f780 .functor NOT 1, o000001cee6b599d8, C4<0>, C4<0>, C4<0>;
L_000001cee6b1f7f0 .functor OR 1, L_000001cee6b1fa90, L_000001cee6b1f400, C4<0>, C4<0>;
v000001cee6b9c3e0_0 .net "D0", 0 0, L_000001cee6bb24f0;  1 drivers
v000001cee6b9cac0_0 .net "D1", 0 0, L_000001cee6bb3670;  1 drivers
v000001cee6b9c480_0 .net "S", 0 0, o000001cee6b599d8;  alias, 0 drivers
v000001cee6b9d100_0 .net "Sbar", 0 0, L_000001cee6b1f780;  1 drivers
v000001cee6b9ce80_0 .net "T1", 0 0, L_000001cee6b1fa90;  1 drivers
v000001cee6b9d740_0 .net "T2", 0 0, L_000001cee6b1f400;  1 drivers
v000001cee6b9c520_0 .net "Y", 0 0, L_000001cee6b1f7f0;  1 drivers
S_000001cee6ba8590 .scope module, "mux22" "mux2x1_1" 2 31, 2 44 0, S_000001cee6af38d0;
 .timescale 0 0;
    .port_info 0 /OUTPUT 1 "Y";
    .port_info 1 /INPUT 1 "D0";
    .port_info 2 /INPUT 1 "D1";
    .port_info 3 /INPUT 1 "S";
L_000001cee6b1f0f0 .functor AND 1, L_000001cee6bb2590, o000001cee6b599d8, C4<1>, C4<1>;
L_000001cee6b1f9b0 .functor AND 1, L_000001cee6bb2090, L_000001cee6b1fc50, C4<1>, C4<1>;
L_000001cee6b1fc50 .functor NOT 1, o000001cee6b599d8, C4<0>, C4<0>, C4<0>;
L_000001cee6b1efa0 .functor OR 1, L_000001cee6b1f0f0, L_000001cee6b1f9b0, C4<0>, C4<0>;
v000001cee6b9c8e0_0 .net "D0", 0 0, L_000001cee6bb2090;  1 drivers
v000001cee6b9c980_0 .net "D1", 0 0, L_000001cee6bb2590;  1 drivers
v000001cee6b9cb60_0 .net "S", 0 0, o000001cee6b599d8;  alias, 0 drivers
v000001cee6b9cc00_0 .net "Sbar", 0 0, L_000001cee6b1fc50;  1 drivers
v000001cee6b9d240_0 .net "T1", 0 0, L_000001cee6b1f0f0;  1 drivers
v000001cee6b9cca0_0 .net "T2", 0 0, L_000001cee6b1f9b0;  1 drivers
v000001cee6b9d2e0_0 .net "Y", 0 0, L_000001cee6b1efa0;  1 drivers
S_000001cee6ba8d60 .scope module, "mux23" "mux2x1_1" 2 32, 2 44 0, S_000001cee6af38d0;
 .timescale 0 0;
    .port_info 0 /OUTPUT 1 "Y";
    .port_info 1 /INPUT 1 "D0";
    .port_info 2 /INPUT 1 "D1";
    .port_info 3 /INPUT 1 "S";
L_000001cee6b1f630 .functor AND 1, L_000001cee6bb2810, o000001cee6b599d8, C4<1>, C4<1>;
L_000001cee6b1f550 .functor AND 1, L_000001cee6bb2630, L_000001cee6b1f6a0, C4<1>, C4<1>;
L_000001cee6b1f6a0 .functor NOT 1, o000001cee6b599d8, C4<0>, C4<0>, C4<0>;
L_000001cee6b1f010 .functor OR 1, L_000001cee6b1f630, L_000001cee6b1f550, C4<0>, C4<0>;
v000001cee6b9d420_0 .net "D0", 0 0, L_000001cee6bb2630;  1 drivers
v000001cee6b9da60_0 .net "D1", 0 0, L_000001cee6bb2810;  1 drivers
v000001cee6b9d4c0_0 .net "S", 0 0, o000001cee6b599d8;  alias, 0 drivers
v000001cee6b9d7e0_0 .net "Sbar", 0 0, L_000001cee6b1f6a0;  1 drivers
v000001cee6b9d920_0 .net "T1", 0 0, L_000001cee6b1f630;  1 drivers
v000001cee6b9bbc0_0 .net "T2", 0 0, L_000001cee6b1f550;  1 drivers
v000001cee6ba97b0_0 .net "Y", 0 0, L_000001cee6b1f010;  1 drivers
S_000001cee6ba8ef0 .scope module, "mux24" "mux2x1_1" 2 33, 2 44 0, S_000001cee6af38d0;
 .timescale 0 0;
    .port_info 0 /OUTPUT 1 "Y";
    .port_info 1 /INPUT 1 "D0";
    .port_info 2 /INPUT 1 "D1";
    .port_info 3 /INPUT 1 "S";
L_000001cee6b1f710 .functor AND 1, L_000001cee6bb2950, o000001cee6b599d8, C4<1>, C4<1>;
L_000001cee6b1f860 .functor AND 1, L_000001cee6bb2770, L_000001cee6b1f8d0, C4<1>, C4<1>;
L_000001cee6b1f8d0 .functor NOT 1, o000001cee6b599d8, C4<0>, C4<0>, C4<0>;
L_000001cee6b1f2b0 .functor OR 1, L_000001cee6b1f710, L_000001cee6b1f860, C4<0>, C4<0>;
v000001cee6baaa70_0 .net "D0", 0 0, L_000001cee6bb2770;  1 drivers
v000001cee6bab1f0_0 .net "D1", 0 0, L_000001cee6bb2950;  1 drivers
v000001cee6bab510_0 .net "S", 0 0, o000001cee6b599d8;  alias, 0 drivers
v000001cee6baa6b0_0 .net "Sbar", 0 0, L_000001cee6b1f8d0;  1 drivers
v000001cee6baa4d0_0 .net "T1", 0 0, L_000001cee6b1f710;  1 drivers
v000001cee6baac50_0 .net "T2", 0 0, L_000001cee6b1f860;  1 drivers
v000001cee6ba9df0_0 .net "Y", 0 0, L_000001cee6b1f2b0;  1 drivers
S_000001cee6ba9080 .scope module, "mux25" "mux2x1_1" 2 34, 2 44 0, S_000001cee6af38d0;
 .timescale 0 0;
    .port_info 0 /OUTPUT 1 "Y";
    .port_info 1 /INPUT 1 "D0";
    .port_info 2 /INPUT 1 "D1";
    .port_info 3 /INPUT 1 "S";
L_000001cee6b1f940 .functor AND 1, L_000001cee6bb2b30, o000001cee6b599d8, C4<1>, C4<1>;
L_000001cee6b1eec0 .functor AND 1, L_000001cee6bb29f0, L_000001cee6b1fa20, C4<1>, C4<1>;
L_000001cee6b1fa20 .functor NOT 1, o000001cee6b599d8, C4<0>, C4<0>, C4<0>;
L_000001cee6b1fb00 .functor OR 1, L_000001cee6b1f940, L_000001cee6b1eec0, C4<0>, C4<0>;
v000001cee6ba9850_0 .net "D0", 0 0, L_000001cee6bb29f0;  1 drivers
v000001cee6ba9990_0 .net "D1", 0 0, L_000001cee6bb2b30;  1 drivers
v000001cee6baacf0_0 .net "S", 0 0, o000001cee6b599d8;  alias, 0 drivers
v000001cee6baaed0_0 .net "Sbar", 0 0, L_000001cee6b1fa20;  1 drivers
v000001cee6baa750_0 .net "T1", 0 0, L_000001cee6b1f940;  1 drivers
v000001cee6baae30_0 .net "T2", 0 0, L_000001cee6b1eec0;  1 drivers
v000001cee6ba9b70_0 .net "Y", 0 0, L_000001cee6b1fb00;  1 drivers
S_000001cee6ba8a40 .scope module, "mux26" "mux2x1_1" 2 35, 2 44 0, S_000001cee6af38d0;
 .timescale 0 0;
    .port_info 0 /OUTPUT 1 "Y";
    .port_info 1 /INPUT 1 "D0";
    .port_info 2 /INPUT 1 "D1";
    .port_info 3 /INPUT 1 "S";
L_000001cee6b1fb70 .functor AND 1, L_000001cee6bbace0, o000001cee6b599d8, C4<1>, C4<1>;
L_000001cee6b1ef30 .functor AND 1, L_000001cee6bbb1e0, L_000001cee6b1fbe0, C4<1>, C4<1>;
L_000001cee6b1fbe0 .functor NOT 1, o000001cee6b599d8, C4<0>, C4<0>, C4<0>;
L_000001cee6b1f080 .functor OR 1, L_000001cee6b1fb70, L_000001cee6b1ef30, C4<0>, C4<0>;
v000001cee6baa930_0 .net "D0", 0 0, L_000001cee6bbb1e0;  1 drivers
v000001cee6baaf70_0 .net "D1", 0 0, L_000001cee6bbace0;  1 drivers
v000001cee6ba9c10_0 .net "S", 0 0, o000001cee6b599d8;  alias, 0 drivers
v000001cee6bab330_0 .net "Sbar", 0 0, L_000001cee6b1fbe0;  1 drivers
v000001cee6ba9cb0_0 .net "T1", 0 0, L_000001cee6b1fb70;  1 drivers
v000001cee6ba9e90_0 .net "T2", 0 0, L_000001cee6b1ef30;  1 drivers
v000001cee6bab3d0_0 .net "Y", 0 0, L_000001cee6b1f080;  1 drivers
S_000001cee6ba9210 .scope module, "mux27" "mux2x1_1" 2 36, 2 44 0, S_000001cee6af38d0;
 .timescale 0 0;
    .port_info 0 /OUTPUT 1 "Y";
    .port_info 1 /INPUT 1 "D0";
    .port_info 2 /INPUT 1 "D1";
    .port_info 3 /INPUT 1 "S";
L_000001cee6b1fcc0 .functor AND 1, L_000001cee6bb9ca0, o000001cee6b599d8, C4<1>, C4<1>;
L_000001cee6b1ede0 .functor AND 1, L_000001cee6bbb5a0, L_000001cee6b1f1d0, C4<1>, C4<1>;
L_000001cee6b1f1d0 .functor NOT 1, o000001cee6b599d8, C4<0>, C4<0>, C4<0>;
L_000001cee6b1f240 .functor OR 1, L_000001cee6b1fcc0, L_000001cee6b1ede0, C4<0>, C4<0>;
v000001cee6baa7f0_0 .net "D0", 0 0, L_000001cee6bbb5a0;  1 drivers
v000001cee6bab5b0_0 .net "D1", 0 0, L_000001cee6bb9ca0;  1 drivers
v000001cee6baab10_0 .net "S", 0 0, o000001cee6b599d8;  alias, 0 drivers
v000001cee6baa570_0 .net "Sbar", 0 0, L_000001cee6b1f1d0;  1 drivers
v000001cee6bab010_0 .net "T1", 0 0, L_000001cee6b1fcc0;  1 drivers
v000001cee6baad90_0 .net "T2", 0 0, L_000001cee6b1ede0;  1 drivers
v000001cee6bab290_0 .net "Y", 0 0, L_000001cee6b1f240;  1 drivers
S_000001cee6ba93a0 .scope module, "mux28" "mux2x1_1" 2 37, 2 44 0, S_000001cee6af38d0;
 .timescale 0 0;
    .port_info 0 /OUTPUT 1 "Y";
    .port_info 1 /INPUT 1 "D0";
    .port_info 2 /INPUT 1 "D1";
    .port_info 3 /INPUT 1 "S";
L_000001cee6b1f320 .functor AND 1, L_000001cee6bba060, o000001cee6b599d8, C4<1>, C4<1>;
L_000001cee6bbe640 .functor AND 1, L_000001cee6bbbdc0, L_000001cee6bbded0, C4<1>, C4<1>;
L_000001cee6bbded0 .functor NOT 1, o000001cee6b599d8, C4<0>, C4<0>, C4<0>;
L_000001cee6bbdbc0 .functor OR 1, L_000001cee6b1f320, L_000001cee6bbe640, C4<0>, C4<0>;
v000001cee6ba98f0_0 .net "D0", 0 0, L_000001cee6bbbdc0;  1 drivers
v000001cee6bab0b0_0 .net "D1", 0 0, L_000001cee6bba060;  1 drivers
v000001cee6bab470_0 .net "S", 0 0, o000001cee6b599d8;  alias, 0 drivers
v000001cee6ba9d50_0 .net "Sbar", 0 0, L_000001cee6bbded0;  1 drivers
v000001cee6baa250_0 .net "T1", 0 0, L_000001cee6b1f320;  1 drivers
v000001cee6ba9a30_0 .net "T2", 0 0, L_000001cee6bbe640;  1 drivers
v000001cee6baa1b0_0 .net "Y", 0 0, L_000001cee6bbdbc0;  1 drivers
S_000001cee6ba8bd0 .scope module, "mux29" "mux2x1_1" 2 38, 2 44 0, S_000001cee6af38d0;
 .timescale 0 0;
    .port_info 0 /OUTPUT 1 "Y";
    .port_info 1 /INPUT 1 "D0";
    .port_info 2 /INPUT 1 "D1";
    .port_info 3 /INPUT 1 "S";
L_000001cee6bbe250 .functor AND 1, L_000001cee6bb9c00, o000001cee6b599d8, C4<1>, C4<1>;
L_000001cee6bbdfb0 .functor AND 1, L_000001cee6bbac40, L_000001cee6bbd990, C4<1>, C4<1>;
L_000001cee6bbd990 .functor NOT 1, o000001cee6b599d8, C4<0>, C4<0>, C4<0>;
L_000001cee6bbddf0 .functor OR 1, L_000001cee6bbe250, L_000001cee6bbdfb0, C4<0>, C4<0>;
v000001cee6bab150_0 .net "D0", 0 0, L_000001cee6bbac40;  1 drivers
v000001cee6ba9ad0_0 .net "D1", 0 0, L_000001cee6bb9c00;  1 drivers
v000001cee6bab650_0 .net "S", 0 0, o000001cee6b599d8;  alias, 0 drivers
v000001cee6baabb0_0 .net "Sbar", 0 0, L_000001cee6bbd990;  1 drivers
v000001cee6ba9f30_0 .net "T1", 0 0, L_000001cee6bbe250;  1 drivers
v000001cee6baa610_0 .net "T2", 0 0, L_000001cee6bbdfb0;  1 drivers
v000001cee6ba9fd0_0 .net "Y", 0 0, L_000001cee6bbddf0;  1 drivers
S_000001cee6ba8720 .scope module, "mux3" "mux2x1_1" 2 12, 2 44 0, S_000001cee6af38d0;
 .timescale 0 0;
    .port_info 0 /OUTPUT 1 "Y";
    .port_info 1 /INPUT 1 "D0";
    .port_info 2 /INPUT 1 "D1";
    .port_info 3 /INPUT 1 "S";
L_000001cee6bb3860 .functor AND 1, L_000001cee6bb00b0, o000001cee6b599d8, C4<1>, C4<1>;
L_000001cee6bb3ef0 .functor AND 1, L_000001cee6bafed0, L_000001cee6bb4510, C4<1>, C4<1>;
L_000001cee6bb4510 .functor NOT 1, o000001cee6b599d8, C4<0>, C4<0>, C4<0>;
L_000001cee6bb3f60 .functor OR 1, L_000001cee6bb3860, L_000001cee6bb3ef0, C4<0>, C4<0>;
v000001cee6baa070_0 .net "D0", 0 0, L_000001cee6bafed0;  1 drivers
v000001cee6baa110_0 .net "D1", 0 0, L_000001cee6bb00b0;  1 drivers
v000001cee6baa2f0_0 .net "S", 0 0, o000001cee6b599d8;  alias, 0 drivers
v000001cee6baa390_0 .net "Sbar", 0 0, L_000001cee6bb4510;  1 drivers
v000001cee6baa430_0 .net "T1", 0 0, L_000001cee6bb3860;  1 drivers
v000001cee6baa890_0 .net "T2", 0 0, L_000001cee6bb3ef0;  1 drivers
v000001cee6baa9d0_0 .net "Y", 0 0, L_000001cee6bb3f60;  1 drivers
S_000001cee6ba88b0 .scope module, "mux30" "mux2x1_1" 2 39, 2 44 0, S_000001cee6af38d0;
 .timescale 0 0;
    .port_info 0 /OUTPUT 1 "Y";
    .port_info 1 /INPUT 1 "D0";
    .port_info 2 /INPUT 1 "D1";
    .port_info 3 /INPUT 1 "S";
L_000001cee6bbdc30 .functor AND 1, L_000001cee6bba560, o000001cee6b599d8, C4<1>, C4<1>;
L_000001cee6bbd8b0 .functor AND 1, L_000001cee6bbaf60, L_000001cee6bbe4f0, C4<1>, C4<1>;
L_000001cee6bbe4f0 .functor NOT 1, o000001cee6b599d8, C4<0>, C4<0>, C4<0>;
L_000001cee6bbe1e0 .functor OR 1, L_000001cee6bbdc30, L_000001cee6bbd8b0, C4<0>, C4<0>;
v000001cee6baca80_0 .net "D0", 0 0, L_000001cee6bbaf60;  1 drivers
v000001cee6bacbc0_0 .net "D1", 0 0, L_000001cee6bba560;  1 drivers
v000001cee6bad5c0_0 .net "S", 0 0, o000001cee6b599d8;  alias, 0 drivers
v000001cee6bac1c0_0 .net "Sbar", 0 0, L_000001cee6bbe4f0;  1 drivers
v000001cee6babae0_0 .net "T1", 0 0, L_000001cee6bbdc30;  1 drivers
v000001cee6babe00_0 .net "T2", 0 0, L_000001cee6bbd8b0;  1 drivers
v000001cee6bad200_0 .net "Y", 0 0, L_000001cee6bbe1e0;  1 drivers
S_000001cee6baef40 .scope module, "mux31" "mux2x1_1" 2 40, 2 44 0, S_000001cee6af38d0;
 .timescale 0 0;
    .port_info 0 /OUTPUT 1 "Y";
    .port_info 1 /INPUT 1 "D0";
    .port_info 2 /INPUT 1 "D1";
    .port_info 3 /INPUT 1 "S";
L_000001cee6bbe2c0 .functor AND 1, L_000001cee6bb9b60, o000001cee6b599d8, C4<1>, C4<1>;
L_000001cee6bbdf40 .functor AND 1, L_000001cee6bb9d40, L_000001cee6bbe090, C4<1>, C4<1>;
L_000001cee6bbe090 .functor NOT 1, o000001cee6b599d8, C4<0>, C4<0>, C4<0>;
L_000001cee6bbe330 .functor OR 1, L_000001cee6bbe2c0, L_000001cee6bbdf40, C4<0>, C4<0>;
v000001cee6bacc60_0 .net "D0", 0 0, L_000001cee6bb9d40;  1 drivers
v000001cee6bac940_0 .net "D1", 0 0, L_000001cee6bb9b60;  1 drivers
v000001cee6bac9e0_0 .net "S", 0 0, o000001cee6b599d8;  alias, 0 drivers
v000001cee6bac260_0 .net "Sbar", 0 0, L_000001cee6bbe090;  1 drivers
v000001cee6babd60_0 .net "T1", 0 0, L_000001cee6bbe2c0;  1 drivers
v000001cee6bac4e0_0 .net "T2", 0 0, L_000001cee6bbdf40;  1 drivers
v000001cee6bace40_0 .net "Y", 0 0, L_000001cee6bbe330;  1 drivers
S_000001cee6bae5e0 .scope module, "mux4" "mux2x1_1" 2 13, 2 44 0, S_000001cee6af38d0;
 .timescale 0 0;
    .port_info 0 /OUTPUT 1 "Y";
    .port_info 1 /INPUT 1 "D0";
    .port_info 2 /INPUT 1 "D1";
    .port_info 3 /INPUT 1 "S";
L_000001cee6bb4190 .functor AND 1, L_000001cee6bb01f0, o000001cee6b599d8, C4<1>, C4<1>;
L_000001cee6bb39b0 .functor AND 1, L_000001cee6bb0150, L_000001cee6bb44a0, C4<1>, C4<1>;
L_000001cee6bb44a0 .functor NOT 1, o000001cee6b599d8, C4<0>, C4<0>, C4<0>;
L_000001cee6bb37f0 .functor OR 1, L_000001cee6bb4190, L_000001cee6bb39b0, C4<0>, C4<0>;
v000001cee6babc20_0 .net "D0", 0 0, L_000001cee6bb0150;  1 drivers
v000001cee6bac6c0_0 .net "D1", 0 0, L_000001cee6bb01f0;  1 drivers
v000001cee6bac120_0 .net "S", 0 0, o000001cee6b599d8;  alias, 0 drivers
v000001cee6babb80_0 .net "Sbar", 0 0, L_000001cee6bb44a0;  1 drivers
v000001cee6bac800_0 .net "T1", 0 0, L_000001cee6bb4190;  1 drivers
v000001cee6babea0_0 .net "T2", 0 0, L_000001cee6bb39b0;  1 drivers
v000001cee6bad340_0 .net "Y", 0 0, L_000001cee6bb37f0;  1 drivers
S_000001cee6baedb0 .scope module, "mux5" "mux2x1_1" 2 14, 2 44 0, S_000001cee6af38d0;
 .timescale 0 0;
    .port_info 0 /OUTPUT 1 "Y";
    .port_info 1 /INPUT 1 "D0";
    .port_info 2 /INPUT 1 "D1";
    .port_info 3 /INPUT 1 "S";
L_000001cee6bb3b00 .functor AND 1, L_000001cee6bb03d0, o000001cee6b599d8, C4<1>, C4<1>;
L_000001cee6bb3be0 .functor AND 1, L_000001cee6bb0330, L_000001cee6bb4580, C4<1>, C4<1>;
L_000001cee6bb4580 .functor NOT 1, o000001cee6b599d8, C4<0>, C4<0>, C4<0>;
L_000001cee6bb4660 .functor OR 1, L_000001cee6bb3b00, L_000001cee6bb3be0, C4<0>, C4<0>;
v000001cee6bac300_0 .net "D0", 0 0, L_000001cee6bb0330;  1 drivers
v000001cee6bad020_0 .net "D1", 0 0, L_000001cee6bb03d0;  1 drivers
v000001cee6bab860_0 .net "S", 0 0, o000001cee6b599d8;  alias, 0 drivers
v000001cee6bacb20_0 .net "Sbar", 0 0, L_000001cee6bb4580;  1 drivers
v000001cee6bacee0_0 .net "T1", 0 0, L_000001cee6bb3b00;  1 drivers
v000001cee6bacd00_0 .net "T2", 0 0, L_000001cee6bb3be0;  1 drivers
v000001cee6bab900_0 .net "Y", 0 0, L_000001cee6bb4660;  1 drivers
S_000001cee6bad960 .scope module, "mux6" "mux2x1_1" 2 15, 2 44 0, S_000001cee6af38d0;
 .timescale 0 0;
    .port_info 0 /OUTPUT 1 "Y";
    .port_info 1 /INPUT 1 "D0";
    .port_info 2 /INPUT 1 "D1";
    .port_info 3 /INPUT 1 "S";
L_000001cee6bb3e10 .functor AND 1, L_000001cee6bb0650, o000001cee6b599d8, C4<1>, C4<1>;
L_000001cee6bb3fd0 .functor AND 1, L_000001cee6bb0510, L_000001cee6bb43c0, C4<1>, C4<1>;
L_000001cee6bb43c0 .functor NOT 1, o000001cee6b599d8, C4<0>, C4<0>, C4<0>;
L_000001cee6bb46d0 .functor OR 1, L_000001cee6bb3e10, L_000001cee6bb3fd0, C4<0>, C4<0>;
v000001cee6babf40_0 .net "D0", 0 0, L_000001cee6bb0510;  1 drivers
v000001cee6babfe0_0 .net "D1", 0 0, L_000001cee6bb0650;  1 drivers
v000001cee6bac3a0_0 .net "S", 0 0, o000001cee6b599d8;  alias, 0 drivers
v000001cee6bad160_0 .net "Sbar", 0 0, L_000001cee6bb43c0;  1 drivers
v000001cee6bacf80_0 .net "T1", 0 0, L_000001cee6bb3e10;  1 drivers
v000001cee6baba40_0 .net "T2", 0 0, L_000001cee6bb3fd0;  1 drivers
v000001cee6bac080_0 .net "Y", 0 0, L_000001cee6bb46d0;  1 drivers
S_000001cee6baec20 .scope module, "mux7" "mux2x1_1" 2 16, 2 44 0, S_000001cee6af38d0;
 .timescale 0 0;
    .port_info 0 /OUTPUT 1 "Y";
    .port_info 1 /INPUT 1 "D0";
    .port_info 2 /INPUT 1 "D1";
    .port_info 3 /INPUT 1 "S";
L_000001cee6bb42e0 .functor AND 1, L_000001cee6bb2db0, o000001cee6b599d8, C4<1>, C4<1>;
L_000001cee6bb38d0 .functor AND 1, L_000001cee6bb05b0, L_000001cee6bb3940, C4<1>, C4<1>;
L_000001cee6bb3940 .functor NOT 1, o000001cee6b599d8, C4<0>, C4<0>, C4<0>;
L_000001cee6bb4350 .functor OR 1, L_000001cee6bb42e0, L_000001cee6bb38d0, C4<0>, C4<0>;
v000001cee6bad2a0_0 .net "D0", 0 0, L_000001cee6bb05b0;  1 drivers
v000001cee6babcc0_0 .net "D1", 0 0, L_000001cee6bb2db0;  1 drivers
v000001cee6bac440_0 .net "S", 0 0, o000001cee6b599d8;  alias, 0 drivers
v000001cee6bad3e0_0 .net "Sbar", 0 0, L_000001cee6bb3940;  1 drivers
v000001cee6bac580_0 .net "T1", 0 0, L_000001cee6bb42e0;  1 drivers
v000001cee6bac620_0 .net "T2", 0 0, L_000001cee6bb38d0;  1 drivers
v000001cee6bac760_0 .net "Y", 0 0, L_000001cee6bb4350;  1 drivers
S_000001cee6baf3f0 .scope module, "mux8" "mux2x1_1" 2 17, 2 44 0, S_000001cee6af38d0;
 .timescale 0 0;
    .port_info 0 /OUTPUT 1 "Y";
    .port_info 1 /INPUT 1 "D0";
    .port_info 2 /INPUT 1 "D1";
    .port_info 3 /INPUT 1 "S";
L_000001cee6bb3a20 .functor AND 1, L_000001cee6bb21d0, o000001cee6b599d8, C4<1>, C4<1>;
L_000001cee6bb3a90 .functor AND 1, L_000001cee6bb23b0, L_000001cee6bb3c50, C4<1>, C4<1>;
L_000001cee6bb3c50 .functor NOT 1, o000001cee6b599d8, C4<0>, C4<0>, C4<0>;
L_000001cee6bb3cc0 .functor OR 1, L_000001cee6bb3a20, L_000001cee6bb3a90, C4<0>, C4<0>;
v000001cee6bac8a0_0 .net "D0", 0 0, L_000001cee6bb23b0;  1 drivers
v000001cee6bad0c0_0 .net "D1", 0 0, L_000001cee6bb21d0;  1 drivers
v000001cee6bacda0_0 .net "S", 0 0, o000001cee6b599d8;  alias, 0 drivers
v000001cee6bad480_0 .net "Sbar", 0 0, L_000001cee6bb3c50;  1 drivers
v000001cee6bab9a0_0 .net "T1", 0 0, L_000001cee6bb3a20;  1 drivers
v000001cee6bad520_0 .net "T2", 0 0, L_000001cee6bb3a90;  1 drivers
v000001cee6bad660_0 .net "Y", 0 0, L_000001cee6bb3cc0;  1 drivers
S_000001cee6baf0d0 .scope module, "mux9" "mux2x1_1" 2 18, 2 44 0, S_000001cee6af38d0;
 .timescale 0 0;
    .port_info 0 /OUTPUT 1 "Y";
    .port_info 1 /INPUT 1 "D0";
    .port_info 2 /INPUT 1 "D1";
    .port_info 3 /INPUT 1 "S";
L_000001cee6bb3d30 .functor AND 1, L_000001cee6bb2bd0, o000001cee6b599d8, C4<1>, C4<1>;
L_000001cee6bb4430 .functor AND 1, L_000001cee6bb2c70, L_000001cee6bb4270, C4<1>, C4<1>;
L_000001cee6bb4270 .functor NOT 1, o000001cee6b599d8, C4<0>, C4<0>, C4<0>;
L_000001cee6bb40b0 .functor OR 1, L_000001cee6bb3d30, L_000001cee6bb4430, C4<0>, C4<0>;
v000001cee6bab7c0_0 .net "D0", 0 0, L_000001cee6bb2c70;  1 drivers
v000001cee6bb0790_0 .net "D1", 0 0, L_000001cee6bb2bd0;  1 drivers
v000001cee6bb12d0_0 .net "S", 0 0, o000001cee6b599d8;  alias, 0 drivers
v000001cee6bb0d30_0 .net "Sbar", 0 0, L_000001cee6bb4270;  1 drivers
v000001cee6bb0e70_0 .net "T1", 0 0, L_000001cee6bb3d30;  1 drivers
v000001cee6bb0f10_0 .net "T2", 0 0, L_000001cee6bb4430;  1 drivers
v000001cee6bb1730_0 .net "Y", 0 0, L_000001cee6bb40b0;  1 drivers
S_000001cee6af3a60 .scope module, "mux2x1_5" "mux2x1_5" 2 62;
 .timescale 0 0;
    .port_info 0 /OUTPUT 5 "Y";
    .port_info 1 /INPUT 5 "D0";
    .port_info 2 /INPUT 5 "D1";
    .port_info 3 /INPUT 1 "S";
o000001cee6b5e088 .functor BUFZ 5, C4<zzzzz>; HiZ drive
v000001cee6bafc50_0 .net "D0", 4 0, o000001cee6b5e088;  0 drivers
o000001cee6b5e0b8 .functor BUFZ 5, C4<zzzzz>; HiZ drive
v000001cee6bb0970_0 .net "D1", 4 0, o000001cee6b5e0b8;  0 drivers
o000001cee6b5d758 .functor BUFZ 1, C4<z>; HiZ drive
v000001cee6baf890_0 .net "S", 0 0, o000001cee6b5d758;  0 drivers
v000001cee6bb0bf0_0 .net "Y", 4 0, L_000001cee6bbb500;  1 drivers
L_000001cee6bb98e0 .part o000001cee6b5e088, 0, 1;
L_000001cee6bbb000 .part o000001cee6b5e0b8, 0, 1;
L_000001cee6bba240 .part o000001cee6b5e088, 1, 1;
L_000001cee6bbaba0 .part o000001cee6b5e0b8, 1, 1;
L_000001cee6bbaec0 .part o000001cee6b5e088, 2, 1;
L_000001cee6bbb0a0 .part o000001cee6b5e0b8, 2, 1;
L_000001cee6bbb280 .part o000001cee6b5e088, 3, 1;
L_000001cee6bbb140 .part o000001cee6b5e0b8, 3, 1;
LS_000001cee6bbb500_0_0 .concat8 [ 1 1 1 1], L_000001cee6bbe100, L_000001cee6bbe6b0, L_000001cee6bbe720, L_000001cee6bbdb50;
LS_000001cee6bbb500_0_4 .concat8 [ 1 0 0 0], L_000001cee6bbda70;
L_000001cee6bbb500 .concat8 [ 4 1 0 0], LS_000001cee6bbb500_0_0, LS_000001cee6bbb500_0_4;
L_000001cee6bba6a0 .part o000001cee6b5e088, 4, 1;
L_000001cee6bbb960 .part o000001cee6b5e0b8, 4, 1;
S_000001cee6baf260 .scope module, "mux0" "mux2x1_1" 2 66, 2 44 0, S_000001cee6af3a60;
 .timescale 0 0;
    .port_info 0 /OUTPUT 1 "Y";
    .port_info 1 /INPUT 1 "D0";
    .port_info 2 /INPUT 1 "D1";
    .port_info 3 /INPUT 1 "S";
L_000001cee6bbde60 .functor AND 1, L_000001cee6bbb000, o000001cee6b5d758, C4<1>, C4<1>;
L_000001cee6bbe020 .functor AND 1, L_000001cee6bb98e0, L_000001cee6bbda00, C4<1>, C4<1>;
L_000001cee6bbda00 .functor NOT 1, o000001cee6b5d758, C4<0>, C4<0>, C4<0>;
L_000001cee6bbe100 .functor OR 1, L_000001cee6bbde60, L_000001cee6bbe020, C4<0>, C4<0>;
v000001cee6baf930_0 .net "D0", 0 0, L_000001cee6bb98e0;  1 drivers
v000001cee6bb1230_0 .net "D1", 0 0, L_000001cee6bbb000;  1 drivers
v000001cee6bb0c90_0 .net "S", 0 0, o000001cee6b5d758;  alias, 0 drivers
v000001cee6bb0ab0_0 .net "Sbar", 0 0, L_000001cee6bbda00;  1 drivers
v000001cee6bb1910_0 .net "T1", 0 0, L_000001cee6bbde60;  1 drivers
v000001cee6bb19b0_0 .net "T2", 0 0, L_000001cee6bbe020;  1 drivers
v000001cee6bb0dd0_0 .net "Y", 0 0, L_000001cee6bbe100;  1 drivers
S_000001cee6baf580 .scope module, "mux1" "mux2x1_1" 2 67, 2 44 0, S_000001cee6af3a60;
 .timescale 0 0;
    .port_info 0 /OUTPUT 1 "Y";
    .port_info 1 /INPUT 1 "D0";
    .port_info 2 /INPUT 1 "D1";
    .port_info 3 /INPUT 1 "S";
L_000001cee6bbe3a0 .functor AND 1, L_000001cee6bbaba0, o000001cee6b5d758, C4<1>, C4<1>;
L_000001cee6bbe480 .functor AND 1, L_000001cee6bba240, L_000001cee6bbdd80, C4<1>, C4<1>;
L_000001cee6bbdd80 .functor NOT 1, o000001cee6b5d758, C4<0>, C4<0>, C4<0>;
L_000001cee6bbe6b0 .functor OR 1, L_000001cee6bbe3a0, L_000001cee6bbe480, C4<0>, C4<0>;
v000001cee6bb1a50_0 .net "D0", 0 0, L_000001cee6bba240;  1 drivers
v000001cee6bb0b50_0 .net "D1", 0 0, L_000001cee6bbaba0;  1 drivers
v000001cee6bb0470_0 .net "S", 0 0, o000001cee6b5d758;  alias, 0 drivers
v000001cee6bb0fb0_0 .net "Sbar", 0 0, L_000001cee6bbdd80;  1 drivers
v000001cee6bb0010_0 .net "T1", 0 0, L_000001cee6bbe3a0;  1 drivers
v000001cee6bb1550_0 .net "T2", 0 0, L_000001cee6bbe480;  1 drivers
v000001cee6bb17d0_0 .net "Y", 0 0, L_000001cee6bbe6b0;  1 drivers
S_000001cee6bade10 .scope module, "mux2" "mux2x1_1" 2 68, 2 44 0, S_000001cee6af3a60;
 .timescale 0 0;
    .port_info 0 /OUTPUT 1 "Y";
    .port_info 1 /INPUT 1 "D0";
    .port_info 2 /INPUT 1 "D1";
    .port_info 3 /INPUT 1 "S";
L_000001cee6bbdae0 .functor AND 1, L_000001cee6bbb0a0, o000001cee6b5d758, C4<1>, C4<1>;
L_000001cee6bbe410 .functor AND 1, L_000001cee6bbaec0, L_000001cee6bbe560, C4<1>, C4<1>;
L_000001cee6bbe560 .functor NOT 1, o000001cee6b5d758, C4<0>, C4<0>, C4<0>;
L_000001cee6bbe720 .functor OR 1, L_000001cee6bbdae0, L_000001cee6bbe410, C4<0>, C4<0>;
v000001cee6bb1050_0 .net "D0", 0 0, L_000001cee6bbaec0;  1 drivers
v000001cee6bb10f0_0 .net "D1", 0 0, L_000001cee6bbb0a0;  1 drivers
v000001cee6bb06f0_0 .net "S", 0 0, o000001cee6b5d758;  alias, 0 drivers
v000001cee6bb1190_0 .net "Sbar", 0 0, L_000001cee6bbe560;  1 drivers
v000001cee6bb1b90_0 .net "T1", 0 0, L_000001cee6bbdae0;  1 drivers
v000001cee6bb1c30_0 .net "T2", 0 0, L_000001cee6bbe410;  1 drivers
v000001cee6bb1690_0 .net "Y", 0 0, L_000001cee6bbe720;  1 drivers
S_000001cee6badaf0 .scope module, "mux3" "mux2x1_1" 2 69, 2 44 0, S_000001cee6af3a60;
 .timescale 0 0;
    .port_info 0 /OUTPUT 1 "Y";
    .port_info 1 /INPUT 1 "D0";
    .port_info 2 /INPUT 1 "D1";
    .port_info 3 /INPUT 1 "S";
L_000001cee6bbe170 .functor AND 1, L_000001cee6bbb140, o000001cee6b5d758, C4<1>, C4<1>;
L_000001cee6bbe5d0 .functor AND 1, L_000001cee6bbb280, L_000001cee6bbd840, C4<1>, C4<1>;
L_000001cee6bbd840 .functor NOT 1, o000001cee6b5d758, C4<0>, C4<0>, C4<0>;
L_000001cee6bbdb50 .functor OR 1, L_000001cee6bbe170, L_000001cee6bbe5d0, C4<0>, C4<0>;
v000001cee6bb1370_0 .net "D0", 0 0, L_000001cee6bbb280;  1 drivers
v000001cee6bb0a10_0 .net "D1", 0 0, L_000001cee6bbb140;  1 drivers
v000001cee6bb1410_0 .net "S", 0 0, o000001cee6b5d758;  alias, 0 drivers
v000001cee6bb1cd0_0 .net "Sbar", 0 0, L_000001cee6bbd840;  1 drivers
v000001cee6baff70_0 .net "T1", 0 0, L_000001cee6bbe170;  1 drivers
v000001cee6bafb10_0 .net "T2", 0 0, L_000001cee6bbe5d0;  1 drivers
v000001cee6bb14b0_0 .net "Y", 0 0, L_000001cee6bbdb50;  1 drivers
S_000001cee6bae130 .scope module, "mux4" "mux2x1_1" 2 70, 2 44 0, S_000001cee6af3a60;
 .timescale 0 0;
    .port_info 0 /OUTPUT 1 "Y";
    .port_info 1 /INPUT 1 "D0";
    .port_info 2 /INPUT 1 "D1";
    .port_info 3 /INPUT 1 "S";
L_000001cee6bbd920 .functor AND 1, L_000001cee6bbb960, o000001cee6b5d758, C4<1>, C4<1>;
L_000001cee6bbdca0 .functor AND 1, L_000001cee6bba6a0, L_000001cee6bbdd10, C4<1>, C4<1>;
L_000001cee6bbdd10 .functor NOT 1, o000001cee6b5d758, C4<0>, C4<0>, C4<0>;
L_000001cee6bbda70 .functor OR 1, L_000001cee6bbd920, L_000001cee6bbdca0, C4<0>, C4<0>;
v000001cee6bb15f0_0 .net "D0", 0 0, L_000001cee6bba6a0;  1 drivers
v000001cee6bb1870_0 .net "D1", 0 0, L_000001cee6bbb960;  1 drivers
v000001cee6bb1e10_0 .net "S", 0 0, o000001cee6b5d758;  alias, 0 drivers
v000001cee6bb1eb0_0 .net "Sbar", 0 0, L_000001cee6bbdd10;  1 drivers
v000001cee6bb1f50_0 .net "T1", 0 0, L_000001cee6bbd920;  1 drivers
v000001cee6baf7f0_0 .net "T2", 0 0, L_000001cee6bbdca0;  1 drivers
v000001cee6bb08d0_0 .net "Y", 0 0, L_000001cee6bbda70;  1 drivers
# The file index is used to find the file name in the following table.
:file_names 3;
    "N/A";
    "<interactive>";
    "mux2x1_32.v";
