#! /c/Source/iverilog-install/bin/vvp
:ivl_version "12.0 (devel)" "(s20150603-1539-g2693dd32b)";
:ivl_delay_selection "TYPICAL";
:vpi_time_precision + 0;
:vpi_module "C:\iverilog\lib\ivl\system.vpi";
:vpi_module "C:\iverilog\lib\ivl\vhdl_sys.vpi";
:vpi_module "C:\iverilog\lib\ivl\vhdl_textio.vpi";
:vpi_module "C:\iverilog\lib\ivl\v2005_math.vpi";
:vpi_module "C:\iverilog\lib\ivl\va_math.vpi";
S_000002b7b8d563c0 .scope module, "PC_add_1" "PC_add_1" 2 1;
 .timescale 0 0;
    .port_info 0 /INPUT 1 "PC";
    .port_info 1 /OUTPUT 1 "PC1";
o000002b7b8fb6878 .functor BUFZ 1, C4<z>; HiZ drive
v000002b7b8d56550_0 .net "PC", 0 0, o000002b7b8fb6878;  0 drivers
v000002b7b8d565f0_0 .net "PC1", 0 0, L_000002b7b8d5ddd0;  1 drivers
v000002b7b8d56690_0 .net *"_ivl_0", 1 0, L_000002b7b8d5d880;  1 drivers
L_000002b7b8ffbce8 .functor BUFT 1, C4<0>, C4<0>, C4<0>, C4<0>;
v000002b7b8d56730_0 .net *"_ivl_3", 0 0, L_000002b7b8ffbce8;  1 drivers
L_000002b7b8ffbd30 .functor BUFT 1, C4<01>, C4<0>, C4<0>, C4<0>;
v000002b7b8d5d740_0 .net/2u *"_ivl_4", 1 0, L_000002b7b8ffbd30;  1 drivers
v000002b7b8d5d7e0_0 .net *"_ivl_6", 1 0, L_000002b7b8d5dd30;  1 drivers
L_000002b7b8d5d880 .concat [ 1 1 0 0], o000002b7b8fb6878, L_000002b7b8ffbce8;
L_000002b7b8d5dd30 .arith/sum 2, L_000002b7b8d5d880, L_000002b7b8ffbd30;
L_000002b7b8d5ddd0 .part L_000002b7b8d5dd30, 0, 1;
# The file index is used to find the file name in the following table.
:file_names 3;
    "N/A";
    "<interactive>";
    "PC_add_1.v";
