#! /c/Source/iverilog-install/bin/vvp
:ivl_version "12.0 (devel)" "(s20150603-1539-g2693dd32b)";
:ivl_delay_selection "TYPICAL";
:vpi_time_precision + 0;
:vpi_module "C:\iverilog\lib\ivl\system.vpi";
:vpi_module "C:\iverilog\lib\ivl\vhdl_sys.vpi";
:vpi_module "C:\iverilog\lib\ivl\vhdl_textio.vpi";
:vpi_module "C:\iverilog\lib\ivl\v2005_math.vpi";
:vpi_module "C:\iverilog\lib\ivl\va_math.vpi";
S_0000021826b66cf0 .scope module, "PC_sub_1" "PC_sub_1" 2 1;
 .timescale 0 0;
    .port_info 0 /INPUT 32 "PC";
    .port_info 1 /OUTPUT 32 "PCn1";
o0000021826b66e88 .functor BUFZ 32, C4<zzzzzzzzzzzzzzzzzzzzzzzzzzzzzzzz>; HiZ drive
v0000021826c46b90_0 .net "PC", 31 0, o0000021826b66e88;  0 drivers
v0000021826c467c0_0 .net "PCn1", 31 0, L_0000021826b60b10;  1 drivers
L_0000021826babef8 .functor BUFT 1, C4<00000000000000000000000000000001>, C4<0>, C4<0>, C4<0>;
v0000021826b60a70_0 .net/2u *"_ivl_0", 31 0, L_0000021826babef8;  1 drivers
L_0000021826b60b10 .arith/sub 32, o0000021826b66e88, L_0000021826babef8;
# The file index is used to find the file name in the following table.
:file_names 3;
    "N/A";
    "<interactive>";
    "PC_sub_1.v";
