#! /c/Source/iverilog-install/bin/vvp
:ivl_version "12.0 (devel)" "(s20150603-1539-g2693dd32b)";
:ivl_delay_selection "TYPICAL";
:vpi_time_precision + 0;
:vpi_module "C:\iverilog\lib\ivl\system.vpi";
:vpi_module "C:\iverilog\lib\ivl\vhdl_sys.vpi";
:vpi_module "C:\iverilog\lib\ivl\vhdl_textio.vpi";
:vpi_module "C:\iverilog\lib\ivl\v2005_math.vpi";
:vpi_module "C:\iverilog\lib\ivl\va_math.vpi";
S_000002c591bf6390 .scope module, "register_file" "register_file" 2 1;
 .timescale 0 0;
    .port_info 0 /INPUT 1 "clk";
    .port_info 1 /INPUT 1 "reset";
    .port_info 2 /INPUT 5 "rs";
    .port_info 3 /INPUT 5 "rt";
    .port_info 4 /INPUT 5 "rd";
    .port_info 5 /INPUT 5 "WB_rd";
    .port_info 6 /INPUT 1 "write_enable";
    .port_info 7 /INPUT 32 "write_data";
    .port_info 8 /OUTPUT 32 "read_data1";
    .port_info 9 /OUTPUT 32 "read_data2";
L_000002c591b89fc0 .functor BUFZ 32, L_000002c591af14d0, C4<00000000000000000000000000000000>, C4<00000000000000000000000000000000>, C4<00000000000000000000000000000000>;
L_000002c591b8a240 .functor BUFZ 32, L_000002c591af1570, C4<00000000000000000000000000000000>, C4<00000000000000000000000000000000>, C4<00000000000000000000000000000000>;
o000002c591af91b8 .functor BUFZ 1, C4<z>; HiZ drive
o000002c591af9278 .functor BUFZ 1, C4<z>; HiZ drive
L_000002c591b8a320 .functor OR 1, o000002c591af91b8, o000002c591af9278, C4<0>, C4<0>;
o000002c591af9038 .functor BUFZ 5, C4<zzzzz>; HiZ drive
v000002c591bf6760_0 .net "WB_rd", 4 0, o000002c591af9038;  0 drivers
v000002c591b41dd0_0 .net *"_ivl_0", 31 0, L_000002c591af14d0;  1 drivers
v000002c591b41e70_0 .net *"_ivl_10", 6 0, L_000002c591af1890;  1 drivers
L_000002c591b42000 .functor BUFT 1, C4<00>, C4<0>, C4<0>, C4<0>;
v000002c591b41f10_0 .net *"_ivl_13", 1 0, L_000002c591b42000;  1 drivers
v000002c591af1160_0 .net *"_ivl_18", 0 0, L_000002c591b8a320;  1 drivers
v000002c591af1200_0 .net *"_ivl_2", 6 0, L_000002c591af1c50;  1 drivers
L_000002c591b41fb8 .functor BUFT 1, C4<00>, C4<0>, C4<0>, C4<0>;
v000002c591af12a0_0 .net *"_ivl_5", 1 0, L_000002c591b41fb8;  1 drivers
v000002c591af1340_0 .net *"_ivl_8", 31 0, L_000002c591af1570;  1 drivers
v000002c591af13e0_0 .net "clk", 0 0, o000002c591af91b8;  0 drivers
o000002c591af91e8 .functor BUFZ 5, C4<zzzzz>; HiZ drive
v000002c591af2010_0 .net "rd", 4 0, o000002c591af91e8;  0 drivers
v000002c591af1a70_0 .net "read_data1", 31 0, L_000002c591b89fc0;  1 drivers
v000002c591af1e30_0 .net "read_data2", 31 0, L_000002c591b8a240;  1 drivers
v000002c591af1610 .array "registers", 31 0, 31 0;
v000002c591af1b10_0 .net "reset", 0 0, o000002c591af9278;  0 drivers
o000002c591af92a8 .functor BUFZ 5, C4<zzzzz>; HiZ drive
v000002c591af1cf0_0 .net "rs", 4 0, o000002c591af92a8;  0 drivers
o000002c591af92d8 .functor BUFZ 5, C4<zzzzz>; HiZ drive
v000002c591af1750_0 .net "rt", 4 0, o000002c591af92d8;  0 drivers
o000002c591af9308 .functor BUFZ 32, C4<zzzzzzzzzzzzzzzzzzzzzzzzzzzzzzzz>; HiZ drive
v000002c591af1bb0_0 .net "write_data", 31 0, o000002c591af9308;  0 drivers
o000002c591af9338 .functor BUFZ 1, C4<z>; HiZ drive
v000002c591af17f0_0 .net "write_enable", 0 0, o000002c591af9338;  0 drivers
E_000002c591bf94c0 .event posedge, L_000002c591b8a320;
L_000002c591af14d0 .array/port v000002c591af1610, L_000002c591af1c50;
L_000002c591af1c50 .concat [ 5 2 0 0], o000002c591af92a8, L_000002c591b41fb8;
L_000002c591af1570 .array/port v000002c591af1610, L_000002c591af1890;
L_000002c591af1890 .concat [ 5 2 0 0], o000002c591af92d8, L_000002c591b42000;
S_000002c591bf65d0 .scope begin, "$ivl_for_loop0" "$ivl_for_loop0" 2 14, 2 14 0, S_000002c591bf6390;
 .timescale 0 0;
v000002c591bf6a10_0 .var/i "i", 31 0;
S_000002c591b41c40 .scope begin, "$ivl_for_loop1" "$ivl_for_loop1" 2 20, 2 20 0, S_000002c591bf6390;
 .timescale 0 0;
v000002c591bf6c30_0 .var/i "i", 31 0;
    .scope S_000002c591bf6390;
T_0 ;
    %fork t_1, S_000002c591bf65d0;
    %jmp t_0;
    .scope S_000002c591bf65d0;
t_1 ;
    %pushi/vec4 0, 0, 32;
    %store/vec4 v000002c591bf6a10_0, 0, 32;
T_0.0 ;
    %load/vec4 v000002c591bf6a10_0;
    %cmpi/s 32, 0, 32;
    %jmp/0xz T_0.1, 5;
    %pushi/vec4 0, 0, 32;
    %ix/getv/s 4, v000002c591bf6a10_0;
    %store/vec4a v000002c591af1610, 4, 0;
    ; show_stmt_assign_vector: Get l-value for compressed += operand
    %load/vec4 v000002c591bf6a10_0;
    %pushi/vec4 1, 0, 32;
    %add;
    %store/vec4 v000002c591bf6a10_0, 0, 32;
    %jmp T_0.0;
T_0.1 ;
    %end;
    .scope S_000002c591bf6390;
t_0 %join;
    %end;
    .thread T_0;
    .scope S_000002c591bf6390;
T_1 ;
    %wait E_000002c591bf94c0;
    %load/vec4 v000002c591af1b10_0;
    %pad/u 32;
    %cmpi/e 1, 0, 32;
    %jmp/0xz  T_1.0, 4;
    %fork t_3, S_000002c591b41c40;
    %jmp t_2;
    .scope S_000002c591b41c40;
t_3 ;
    %pushi/vec4 0, 0, 32;
    %store/vec4 v000002c591bf6c30_0, 0, 32;
T_1.2 ;
    %load/vec4 v000002c591bf6c30_0;
    %cmpi/s 32, 0, 32;
    %jmp/0xz T_1.3, 5;
    %pushi/vec4 0, 0, 32;
    %ix/getv/s 4, v000002c591bf6c30_0;
    %store/vec4a v000002c591af1610, 4, 0;
    ; show_stmt_assign_vector: Get l-value for compressed += operand
    %load/vec4 v000002c591bf6c30_0;
    %pushi/vec4 1, 0, 32;
    %add;
    %store/vec4 v000002c591bf6c30_0, 0, 32;
    %jmp T_1.2;
T_1.3 ;
    %end;
    .scope S_000002c591bf6390;
t_2 %join;
    %jmp T_1.1;
T_1.0 ;
    %load/vec4 v000002c591af17f0_0;
    %flag_set/vec4 8;
    %jmp/0xz  T_1.4, 8;
    %load/vec4 v000002c591af1bb0_0;
    %load/vec4 v000002c591bf6760_0;
    %pad/u 7;
    %ix/vec4 4;
    %store/vec4a v000002c591af1610, 4, 0;
T_1.4 ;
T_1.1 ;
    %jmp T_1;
    .thread T_1;
# The file index is used to find the file name in the following table.
:file_names 3;
    "N/A";
    "<interactive>";
    "register_file.v";
