#! /c/Source/iverilog-install/bin/vvp
:ivl_version "12.0 (devel)" "(s20150603-1539-g2693dd32b)";
:ivl_delay_selection "TYPICAL";
:vpi_time_precision + 0;
:vpi_module "C:\iverilog\lib\ivl\system.vpi";
:vpi_module "C:\iverilog\lib\ivl\vhdl_sys.vpi";
:vpi_module "C:\iverilog\lib\ivl\vhdl_textio.vpi";
:vpi_module "C:\iverilog\lib\ivl\v2005_math.vpi";
:vpi_module "C:\iverilog\lib\ivl\va_math.vpi";
S_000001ada7dc63c0 .scope module, "sign_extend" "sign_extend" 2 1;
 .timescale 0 0;
    .port_info 0 /OUTPUT 32 "out32";
    .port_info 1 /INPUT 16 "in16";
v000001ada7dc6550_0 .net *"_ivl_1", 0 0, L_000001ada7dcd740;  1 drivers
v000001ada7dc65f0_0 .net *"_ivl_2", 15 0, L_000001ada7dcdbf0;  1 drivers
o000001ada7e56948 .functor BUFZ 16, C4<zzzzzzzzzzzzzzzz>; HiZ drive
v000001ada7dc6690_0 .net "in16", 15 0, o000001ada7e56948;  0 drivers
v000001ada7dc6730_0 .net "out32", 31 0, L_000001ada7dcdc90;  1 drivers
L_000001ada7dcd740 .part o000001ada7e56948, 15, 1;
LS_000001ada7dcdbf0_0_0 .concat [ 1 1 1 1], L_000001ada7dcd740, L_000001ada7dcd740, L_000001ada7dcd740, L_000001ada7dcd740;
LS_000001ada7dcdbf0_0_4 .concat [ 1 1 1 1], L_000001ada7dcd740, L_000001ada7dcd740, L_000001ada7dcd740, L_000001ada7dcd740;
LS_000001ada7dcdbf0_0_8 .concat [ 1 1 1 1], L_000001ada7dcd740, L_000001ada7dcd740, L_000001ada7dcd740, L_000001ada7dcd740;
LS_000001ada7dcdbf0_0_12 .concat [ 1 1 1 1], L_000001ada7dcd740, L_000001ada7dcd740, L_000001ada7dcd740, L_000001ada7dcd740;
L_000001ada7dcdbf0 .concat [ 4 4 4 4], LS_000001ada7dcdbf0_0_0, LS_000001ada7dcdbf0_0_4, LS_000001ada7dcdbf0_0_8, LS_000001ada7dcdbf0_0_12;
L_000001ada7dcdc90 .concat [ 16 16 0 0], o000001ada7e56948, L_000001ada7dcdbf0;
# The file index is used to find the file name in the following table.
:file_names 3;
    "N/A";
    "<interactive>";
    "sign_extend.v";
