#! /c/Source/iverilog-install/bin/vvp
:ivl_version "12.0 (devel)" "(s20150603-1539-g2693dd32b)";
:ivl_delay_selection "TYPICAL";
:vpi_time_precision + 0;
:vpi_module "C:\iverilog\lib\ivl\system.vpi";
:vpi_module "C:\iverilog\lib\ivl\vhdl_sys.vpi";
:vpi_module "C:\iverilog\lib\ivl\vhdl_textio.vpi";
:vpi_module "C:\iverilog\lib\ivl\v2005_math.vpi";
:vpi_module "C:\iverilog\lib\ivl\va_math.vpi";
S_0000019d9f0a3b50 .scope module, "Stall" "Stall" 2 2;
 .timescale 0 0;
    .port_info 0 /INPUT 5 "rs";
    .port_info 1 /INPUT 5 "rt";
    .port_info 2 /INPUT 1 "RegDst";
    .port_info 3 /INPUT 1 "EX_RegDst";
    .port_info 4 /INPUT 5 "EX_rd";
    .port_info 5 /INPUT 5 "EX_rt";
    .port_info 6 /INPUT 1 "EX_RegWrite";
    .port_info 7 /INPUT 5 "MEM_rd";
    .port_info 8 /INPUT 1 "MEM_RegWrite";
    .port_info 9 /INPUT 5 "WB_rd";
    .port_info 10 /INPUT 1 "WB_RegWrite";
    .port_info 11 /OUTPUT 1 "stall";
o0000019d9f111c98 .functor BUFZ 1, C4<z>; HiZ drive
L_0000019d9f16f650 .functor AND 1, L_0000019d9f16cd90, o0000019d9f111c98, C4<1>, C4<1>;
o0000019d9f111cc8 .functor BUFZ 1, C4<z>; HiZ drive
L_0000019d9f16fdc0 .functor AND 1, L_0000019d9f16cf70, o0000019d9f111cc8, C4<1>, C4<1>;
L_0000019d9f16fe30 .functor OR 1, L_0000019d9f16f650, L_0000019d9f16fdc0, C4<0>, C4<0>;
o0000019d9f111d58 .functor BUFZ 1, C4<z>; HiZ drive
L_0000019d9f170300 .functor AND 1, L_0000019d9f16d010, o0000019d9f111d58, C4<1>, C4<1>;
L_0000019d9f16fea0 .functor OR 1, L_0000019d9f16fe30, L_0000019d9f170300, C4<0>, C4<0>;
L_0000019d9f16f5e0 .functor AND 1, L_0000019d9f16fea0, L_0000019d9f16ca70, C4<1>, C4<1>;
L_0000019d9f170370 .functor AND 1, L_0000019d9f16c7f0, o0000019d9f111c98, C4<1>, C4<1>;
L_0000019d9f16f490 .functor AND 1, L_0000019d9f16d5b0, o0000019d9f111cc8, C4<1>, C4<1>;
L_0000019d9f16f810 .functor OR 1, L_0000019d9f170370, L_0000019d9f16f490, C4<0>, C4<0>;
L_0000019d9f16f8f0 .functor AND 1, L_0000019d9f16db50, o0000019d9f111d58, C4<1>, C4<1>;
L_0000019d9f16ff10 .functor OR 1, L_0000019d9f16f810, L_0000019d9f16f8f0, C4<0>, C4<0>;
L_0000019d9f1700d0 .functor AND 1, L_0000019d9f16ff10, L_0000019d9f16c4d0, C4<1>, C4<1>;
o0000019d9f111d28 .functor BUFZ 1, C4<z>; HiZ drive
L_0000019d9f16fc00 .functor AND 1, L_0000019d9f1700d0, o0000019d9f111d28, C4<1>, C4<1>;
L_0000019d9f16fd50 .functor OR 1, L_0000019d9f16f5e0, L_0000019d9f16fc00, C4<0>, C4<0>;
o0000019d9f111218 .functor BUFZ 1, C4<z>; HiZ drive
v0000019d9f1037c0_0 .net "EX_RegDst", 0 0, o0000019d9f111218;  0 drivers
v0000019d9f103ea0_0 .net "EX_RegWrite", 0 0, o0000019d9f111c98;  0 drivers
o0000019d9f111b78 .functor BUFZ 5, C4<zzzzz>; HiZ drive
v0000019d9f102960_0 .net "EX_rd", 4 0, o0000019d9f111b78;  0 drivers
o0000019d9f111b48 .functor BUFZ 5, C4<zzzzz>; HiZ drive
v0000019d9f102f00_0 .net "EX_rt", 4 0, o0000019d9f111b48;  0 drivers
v0000019d9f103400_0 .net "MEM_RegWrite", 0 0, o0000019d9f111cc8;  0 drivers
o0000019d9f111cf8 .functor BUFZ 5, C4<zzzzz>; HiZ drive
v0000019d9f0d6ee0_0 .net "MEM_rd", 4 0, o0000019d9f111cf8;  0 drivers
v0000019d9f0d6580_0 .net "RegDst", 0 0, o0000019d9f111d28;  0 drivers
v0000019d9f0d5c20_0 .net "WB_RegWrite", 0 0, o0000019d9f111d58;  0 drivers
o0000019d9f111d88 .functor BUFZ 5, C4<zzzzz>; HiZ drive
v0000019d9f0d6260_0 .net "WB_rd", 4 0, o0000019d9f111d88;  0 drivers
v0000019d9f0d7160_0 .net *"_ivl_0", 0 0, L_0000019d9f16cd90;  1 drivers
v0000019d9f0d7660_0 .net *"_ivl_10", 0 0, L_0000019d9f16d010;  1 drivers
v0000019d9f15dd10_0 .net *"_ivl_13", 0 0, L_0000019d9f170300;  1 drivers
v0000019d9f15d3b0_0 .net *"_ivl_15", 0 0, L_0000019d9f16fea0;  1 drivers
v0000019d9f15c730_0 .net *"_ivl_16", 31 0, L_0000019d9f16c750;  1 drivers
L_0000019d9f170458 .functor BUFT 1, C4<000000000000000000000000000>, C4<0>, C4<0>, C4<0>;
v0000019d9f15d8b0_0 .net *"_ivl_19", 26 0, L_0000019d9f170458;  1 drivers
L_0000019d9f1704a0 .functor BUFT 1, C4<00000000000000000000000000000000>, C4<0>, C4<0>, C4<0>;
v0000019d9f15d450_0 .net/2u *"_ivl_20", 31 0, L_0000019d9f1704a0;  1 drivers
v0000019d9f15ca50_0 .net *"_ivl_22", 0 0, L_0000019d9f16ca70;  1 drivers
v0000019d9f15c910_0 .net *"_ivl_25", 0 0, L_0000019d9f16f5e0;  1 drivers
v0000019d9f15caf0_0 .net *"_ivl_26", 0 0, L_0000019d9f16c7f0;  1 drivers
v0000019d9f15ce10_0 .net *"_ivl_29", 0 0, L_0000019d9f170370;  1 drivers
v0000019d9f15cd70_0 .net *"_ivl_3", 0 0, L_0000019d9f16f650;  1 drivers
v0000019d9f15cb90_0 .net *"_ivl_30", 0 0, L_0000019d9f16d5b0;  1 drivers
v0000019d9f15d950_0 .net *"_ivl_33", 0 0, L_0000019d9f16f490;  1 drivers
v0000019d9f15c0f0_0 .net *"_ivl_35", 0 0, L_0000019d9f16f810;  1 drivers
v0000019d9f15c190_0 .net *"_ivl_36", 0 0, L_0000019d9f16db50;  1 drivers
v0000019d9f15cf50_0 .net *"_ivl_39", 0 0, L_0000019d9f16f8f0;  1 drivers
v0000019d9f15c410_0 .net *"_ivl_4", 0 0, L_0000019d9f16cf70;  1 drivers
v0000019d9f15c230_0 .net *"_ivl_41", 0 0, L_0000019d9f16ff10;  1 drivers
v0000019d9f15d090_0 .net *"_ivl_42", 31 0, L_0000019d9f16d650;  1 drivers
L_0000019d9f1704e8 .functor BUFT 1, C4<000000000000000000000000000>, C4<0>, C4<0>, C4<0>;
v0000019d9f15c2d0_0 .net *"_ivl_45", 26 0, L_0000019d9f1704e8;  1 drivers
L_0000019d9f170530 .functor BUFT 1, C4<00000000000000000000000000000000>, C4<0>, C4<0>, C4<0>;
v0000019d9f15c550_0 .net/2u *"_ivl_46", 31 0, L_0000019d9f170530;  1 drivers
v0000019d9f15c7d0_0 .net *"_ivl_48", 0 0, L_0000019d9f16c4d0;  1 drivers
v0000019d9f15d270_0 .net *"_ivl_51", 0 0, L_0000019d9f1700d0;  1 drivers
v0000019d9f15c370_0 .net *"_ivl_53", 0 0, L_0000019d9f16fc00;  1 drivers
v0000019d9f15cc30_0 .net *"_ivl_7", 0 0, L_0000019d9f16fdc0;  1 drivers
v0000019d9f15d310_0 .net *"_ivl_9", 0 0, L_0000019d9f16fe30;  1 drivers
v0000019d9f15dbd0_0 .net "rd1", 4 0, L_0000019d9f16c930;  1 drivers
o0000019d9f1122c8 .functor BUFZ 5, C4<zzzzz>; HiZ drive
v0000019d9f15c4b0_0 .net "rs", 4 0, o0000019d9f1122c8;  0 drivers
o0000019d9f1122f8 .functor BUFZ 5, C4<zzzzz>; HiZ drive
v0000019d9f15ccd0_0 .net "rt", 4 0, o0000019d9f1122f8;  0 drivers
v0000019d9f15d4f0_0 .net "stall", 0 0, L_0000019d9f16fd50;  1 drivers
L_0000019d9f16cd90 .cmp/eq 5, o0000019d9f1122c8, L_0000019d9f16c930;
L_0000019d9f16cf70 .cmp/eq 5, o0000019d9f1122c8, o0000019d9f111cf8;
L_0000019d9f16d010 .cmp/eq 5, o0000019d9f1122c8, o0000019d9f111d88;
L_0000019d9f16c750 .concat [ 5 27 0 0], o0000019d9f1122c8, L_0000019d9f170458;
L_0000019d9f16ca70 .cmp/ne 32, L_0000019d9f16c750, L_0000019d9f1704a0;
L_0000019d9f16c7f0 .cmp/eq 5, o0000019d9f1122f8, o0000019d9f111b78;
L_0000019d9f16d5b0 .cmp/eq 5, o0000019d9f1122f8, o0000019d9f111cf8;
L_0000019d9f16db50 .cmp/eq 5, o0000019d9f1122f8, o0000019d9f111d88;
L_0000019d9f16d650 .concat [ 5 27 0 0], o0000019d9f1122f8, L_0000019d9f1704e8;
L_0000019d9f16c4d0 .cmp/ne 32, L_0000019d9f16d650, L_0000019d9f170530;
S_0000019d9f0a1e50 .scope module, "mx5" "mux2x1_5" 2 15, 3 62 0, S_0000019d9f0a3b50;
 .timescale 0 0;
    .port_info 0 /OUTPUT 5 "Y";
    .port_info 1 /INPUT 5 "D0";
    .port_info 2 /INPUT 5 "D1";
    .port_info 3 /INPUT 1 "S";
v0000019d9f0f05f0_0 .net "D0", 4 0, o0000019d9f111b48;  alias, 0 drivers
v0000019d9f0f0870_0 .net "D1", 4 0, o0000019d9f111b78;  alias, 0 drivers
v0000019d9f104300_0 .net "S", 0 0, o0000019d9f111218;  alias, 0 drivers
v0000019d9f1044e0_0 .net "Y", 4 0, L_0000019d9f16c930;  alias, 1 drivers
L_0000019d9f16dab0 .part o0000019d9f111b48, 0, 1;
L_0000019d9f16bdf0 .part o0000019d9f111b78, 0, 1;
L_0000019d9f16cb10 .part o0000019d9f111b48, 1, 1;
L_0000019d9f16c570 .part o0000019d9f111b78, 1, 1;
L_0000019d9f16b710 .part o0000019d9f111b48, 2, 1;
L_0000019d9f16c430 .part o0000019d9f111b78, 2, 1;
L_0000019d9f16ced0 .part o0000019d9f111b48, 3, 1;
L_0000019d9f16cc50 .part o0000019d9f111b78, 3, 1;
LS_0000019d9f16c930_0_0 .concat8 [ 1 1 1 1], L_0000019d9f16f9d0, L_0000019d9f16f6c0, L_0000019d9f16fb20, L_0000019d9f16fc70;
LS_0000019d9f16c930_0_4 .concat8 [ 1 0 0 0], L_0000019d9f16f960;
L_0000019d9f16c930 .concat8 [ 4 1 0 0], LS_0000019d9f16c930_0_0, LS_0000019d9f16c930_0_4;
L_0000019d9f16d0b0 .part o0000019d9f111b48, 4, 1;
L_0000019d9f16b8f0 .part o0000019d9f111b78, 4, 1;
S_0000019d9f0a1fe0 .scope module, "mux0" "mux2x1_1" 3 66, 3 44 0, S_0000019d9f0a1e50;
 .timescale 0 0;
    .port_info 0 /OUTPUT 1 "Y";
    .port_info 1 /INPUT 1 "D0";
    .port_info 2 /INPUT 1 "D1";
    .port_info 3 /INPUT 1 "S";
L_0000019d9f106080 .functor AND 1, L_0000019d9f16bdf0, o0000019d9f111218, C4<1>, C4<1>;
L_0000019d9f106550 .functor AND 1, L_0000019d9f16dab0, L_0000019d9f170220, C4<1>, C4<1>;
L_0000019d9f170220 .functor NOT 1, o0000019d9f111218, C4<0>, C4<0>, C4<0>;
L_0000019d9f16f9d0 .functor OR 1, L_0000019d9f106080, L_0000019d9f106550, C4<0>, C4<0>;
v0000019d9f10dc70_0 .net "D0", 0 0, L_0000019d9f16dab0;  1 drivers
v0000019d9f10e7b0_0 .net "D1", 0 0, L_0000019d9f16bdf0;  1 drivers
v0000019d9f10ca50_0 .net "S", 0 0, o0000019d9f111218;  alias, 0 drivers
v0000019d9f10dd10_0 .net "Sbar", 0 0, L_0000019d9f170220;  1 drivers
v0000019d9f10ddb0_0 .net "T1", 0 0, L_0000019d9f106080;  1 drivers
v0000019d9f10d590_0 .net "T2", 0 0, L_0000019d9f106550;  1 drivers
v0000019d9f10de50_0 .net "Y", 0 0, L_0000019d9f16f9d0;  1 drivers
S_0000019d9f0a7000 .scope module, "mux1" "mux2x1_1" 3 67, 3 44 0, S_0000019d9f0a1e50;
 .timescale 0 0;
    .port_info 0 /OUTPUT 1 "Y";
    .port_info 1 /INPUT 1 "D0";
    .port_info 2 /INPUT 1 "D1";
    .port_info 3 /INPUT 1 "S";
L_0000019d9f16f730 .functor AND 1, L_0000019d9f16c570, o0000019d9f111218, C4<1>, C4<1>;
L_0000019d9f16fce0 .functor AND 1, L_0000019d9f16cb10, L_0000019d9f170060, C4<1>, C4<1>;
L_0000019d9f170060 .functor NOT 1, o0000019d9f111218, C4<0>, C4<0>, C4<0>;
L_0000019d9f16f6c0 .functor OR 1, L_0000019d9f16f730, L_0000019d9f16fce0, C4<0>, C4<0>;
v0000019d9f10d8b0_0 .net "D0", 0 0, L_0000019d9f16cb10;  1 drivers
v0000019d9f10e170_0 .net "D1", 0 0, L_0000019d9f16c570;  1 drivers
v0000019d9f10cf50_0 .net "S", 0 0, o0000019d9f111218;  alias, 0 drivers
v0000019d9f10cb90_0 .net "Sbar", 0 0, L_0000019d9f170060;  1 drivers
v0000019d9f10e490_0 .net "T1", 0 0, L_0000019d9f16f730;  1 drivers
v0000019d9f10ccd0_0 .net "T2", 0 0, L_0000019d9f16fce0;  1 drivers
v0000019d9f10d090_0 .net "Y", 0 0, L_0000019d9f16f6c0;  1 drivers
S_0000019d9f0a7190 .scope module, "mux2" "mux2x1_1" 3 68, 3 44 0, S_0000019d9f0a1e50;
 .timescale 0 0;
    .port_info 0 /OUTPUT 1 "Y";
    .port_info 1 /INPUT 1 "D0";
    .port_info 2 /INPUT 1 "D1";
    .port_info 3 /INPUT 1 "S";
L_0000019d9f170290 .functor AND 1, L_0000019d9f16c430, o0000019d9f111218, C4<1>, C4<1>;
L_0000019d9f16fab0 .functor AND 1, L_0000019d9f16b710, L_0000019d9f16f570, C4<1>, C4<1>;
L_0000019d9f16f570 .functor NOT 1, o0000019d9f111218, C4<0>, C4<0>, C4<0>;
L_0000019d9f16fb20 .functor OR 1, L_0000019d9f170290, L_0000019d9f16fab0, C4<0>, C4<0>;
v0000019d9f10cd70_0 .net "D0", 0 0, L_0000019d9f16b710;  1 drivers
v0000019d9f10d450_0 .net "D1", 0 0, L_0000019d9f16c430;  1 drivers
v0000019d9f10cff0_0 .net "S", 0 0, o0000019d9f111218;  alias, 0 drivers
v0000019d9f10d4f0_0 .net "Sbar", 0 0, L_0000019d9f16f570;  1 drivers
v0000019d9f10d630_0 .net "T1", 0 0, L_0000019d9f170290;  1 drivers
v0000019d9f10d6d0_0 .net "T2", 0 0, L_0000019d9f16fab0;  1 drivers
v0000019d9f10d770_0 .net "Y", 0 0, L_0000019d9f16fb20;  1 drivers
S_0000019d9ee46400 .scope module, "mux3" "mux2x1_1" 3 69, 3 44 0, S_0000019d9f0a1e50;
 .timescale 0 0;
    .port_info 0 /OUTPUT 1 "Y";
    .port_info 1 /INPUT 1 "D0";
    .port_info 2 /INPUT 1 "D1";
    .port_info 3 /INPUT 1 "S";
L_0000019d9f1701b0 .functor AND 1, L_0000019d9f16cc50, o0000019d9f111218, C4<1>, C4<1>;
L_0000019d9f16fff0 .functor AND 1, L_0000019d9f16ced0, L_0000019d9f16f7a0, C4<1>, C4<1>;
L_0000019d9f16f7a0 .functor NOT 1, o0000019d9f111218, C4<0>, C4<0>, C4<0>;
L_0000019d9f16fc70 .functor OR 1, L_0000019d9f1701b0, L_0000019d9f16fff0, C4<0>, C4<0>;
v0000019d9f10e210_0 .net "D0", 0 0, L_0000019d9f16ced0;  1 drivers
v0000019d9f10e2b0_0 .net "D1", 0 0, L_0000019d9f16cc50;  1 drivers
v0000019d9f0e5ad0_0 .net "S", 0 0, o0000019d9f111218;  alias, 0 drivers
v0000019d9f0e6390_0 .net "Sbar", 0 0, L_0000019d9f16f7a0;  1 drivers
v0000019d9f0e66b0_0 .net "T1", 0 0, L_0000019d9f1701b0;  1 drivers
v0000019d9f0e5d50_0 .net "T2", 0 0, L_0000019d9f16fff0;  1 drivers
v0000019d9f0e6bb0_0 .net "Y", 0 0, L_0000019d9f16fc70;  1 drivers
S_0000019d9ee46590 .scope module, "mux4" "mux2x1_1" 3 70, 3 44 0, S_0000019d9f0a1e50;
 .timescale 0 0;
    .port_info 0 /OUTPUT 1 "Y";
    .port_info 1 /INPUT 1 "D0";
    .port_info 2 /INPUT 1 "D1";
    .port_info 3 /INPUT 1 "S";
L_0000019d9f16fb90 .functor AND 1, L_0000019d9f16b8f0, o0000019d9f111218, C4<1>, C4<1>;
L_0000019d9f16fa40 .functor AND 1, L_0000019d9f16d0b0, L_0000019d9f16f880, C4<1>, C4<1>;
L_0000019d9f16f880 .functor NOT 1, o0000019d9f111218, C4<0>, C4<0>, C4<0>;
L_0000019d9f16f960 .functor OR 1, L_0000019d9f16fb90, L_0000019d9f16fa40, C4<0>, C4<0>;
v0000019d9f0e7150_0 .net "D0", 0 0, L_0000019d9f16d0b0;  1 drivers
v0000019d9f0e5f30_0 .net "D1", 0 0, L_0000019d9f16b8f0;  1 drivers
v0000019d9f0f14f0_0 .net "S", 0 0, o0000019d9f111218;  alias, 0 drivers
v0000019d9f0f0d70_0 .net "Sbar", 0 0, L_0000019d9f16f880;  1 drivers
v0000019d9f0f1630_0 .net "T1", 0 0, L_0000019d9f16fb90;  1 drivers
v0000019d9f0f0190_0 .net "T2", 0 0, L_0000019d9f16fa40;  1 drivers
v0000019d9f0f1770_0 .net "Y", 0 0, L_0000019d9f16f960;  1 drivers
S_0000019d9f0a3db0 .scope module, "mux2x1_32" "mux2x1_32" 3 5;
 .timescale 0 0;
    .port_info 0 /OUTPUT 32 "Y";
    .port_info 1 /INPUT 32 "D0";
    .port_info 2 /INPUT 32 "D1";
    .port_info 3 /INPUT 1 "S";
o0000019d9f1161c8 .functor BUFZ 32, C4<zzzzzzzzzzzzzzzzzzzzzzzzzzzzzzzz>; HiZ drive
v0000019d9f16d830_0 .net "D0", 31 0, o0000019d9f1161c8;  0 drivers
o0000019d9f1161f8 .functor BUFZ 32, C4<zzzzzzzzzzzzzzzzzzzzzzzzzzzzzzzz>; HiZ drive
v0000019d9f16c610_0 .net "D1", 31 0, o0000019d9f1161f8;  0 drivers
o0000019d9f1125f8 .functor BUFZ 1, C4<z>; HiZ drive
v0000019d9f16c890_0 .net "S", 0 0, o0000019d9f1125f8;  0 drivers
v0000019d9f16c9d0_0 .net "Y", 31 0, L_0000019d9f16f270;  1 drivers
L_0000019d9f16c110 .part o0000019d9f1161c8, 0, 1;
L_0000019d9f16cbb0 .part o0000019d9f1161f8, 0, 1;
L_0000019d9f16ba30 .part o0000019d9f1161c8, 1, 1;
L_0000019d9f16d470 .part o0000019d9f1161f8, 1, 1;
L_0000019d9f16bb70 .part o0000019d9f1161c8, 2, 1;
L_0000019d9f16d970 .part o0000019d9f1161f8, 2, 1;
L_0000019d9f16ccf0 .part o0000019d9f1161c8, 3, 1;
L_0000019d9f16be90 .part o0000019d9f1161f8, 3, 1;
L_0000019d9f16ce30 .part o0000019d9f1161c8, 4, 1;
L_0000019d9f16d150 .part o0000019d9f1161f8, 4, 1;
L_0000019d9f16c1b0 .part o0000019d9f1161c8, 5, 1;
L_0000019d9f16d1f0 .part o0000019d9f1161f8, 5, 1;
L_0000019d9f16d290 .part o0000019d9f1161c8, 6, 1;
L_0000019d9f16da10 .part o0000019d9f1161f8, 6, 1;
L_0000019d9f16dbf0 .part o0000019d9f1161c8, 7, 1;
L_0000019d9f16bad0 .part o0000019d9f1161f8, 7, 1;
L_0000019d9f16d6f0 .part o0000019d9f1161c8, 8, 1;
L_0000019d9f16d510 .part o0000019d9f1161f8, 8, 1;
L_0000019d9f16d330 .part o0000019d9f1161c8, 9, 1;
L_0000019d9f16d3d0 .part o0000019d9f1161f8, 9, 1;
L_0000019d9f16d790 .part o0000019d9f1161c8, 10, 1;
L_0000019d9f16b490 .part o0000019d9f1161f8, 10, 1;
L_0000019d9f16bc10 .part o0000019d9f1161c8, 11, 1;
L_0000019d9f16b530 .part o0000019d9f1161f8, 11, 1;
L_0000019d9f16b5d0 .part o0000019d9f1161c8, 12, 1;
L_0000019d9f16b670 .part o0000019d9f1161f8, 12, 1;
L_0000019d9f16b7b0 .part o0000019d9f1161c8, 13, 1;
L_0000019d9f16b850 .part o0000019d9f1161f8, 13, 1;
L_0000019d9f16c250 .part o0000019d9f1161c8, 14, 1;
L_0000019d9f16c2f0 .part o0000019d9f1161f8, 14, 1;
L_0000019d9f16b990 .part o0000019d9f1161c8, 15, 1;
L_0000019d9f16bcb0 .part o0000019d9f1161f8, 15, 1;
L_0000019d9f16bd50 .part o0000019d9f1161c8, 16, 1;
L_0000019d9f16bf30 .part o0000019d9f1161f8, 16, 1;
L_0000019d9f16bfd0 .part o0000019d9f1161c8, 17, 1;
L_0000019d9f16c070 .part o0000019d9f1161f8, 17, 1;
L_0000019d9f16c390 .part o0000019d9f1161c8, 18, 1;
L_0000019d9f16eb90 .part o0000019d9f1161f8, 18, 1;
L_0000019d9f16e230 .part o0000019d9f1161c8, 19, 1;
L_0000019d9f16e410 .part o0000019d9f1161f8, 19, 1;
L_0000019d9f16e0f0 .part o0000019d9f1161c8, 20, 1;
L_0000019d9f16ddd0 .part o0000019d9f1161f8, 20, 1;
L_0000019d9f16ed70 .part o0000019d9f1161c8, 21, 1;
L_0000019d9f16e4b0 .part o0000019d9f1161f8, 21, 1;
L_0000019d9f16e550 .part o0000019d9f1161c8, 22, 1;
L_0000019d9f16e5f0 .part o0000019d9f1161f8, 22, 1;
L_0000019d9f16e190 .part o0000019d9f1161c8, 23, 1;
L_0000019d9f16ee10 .part o0000019d9f1161f8, 23, 1;
L_0000019d9f16e910 .part o0000019d9f1161c8, 24, 1;
L_0000019d9f16ec30 .part o0000019d9f1161f8, 24, 1;
L_0000019d9f16dfb0 .part o0000019d9f1161c8, 25, 1;
L_0000019d9f16de70 .part o0000019d9f1161f8, 25, 1;
L_0000019d9f16e730 .part o0000019d9f1161c8, 26, 1;
L_0000019d9f16ef50 .part o0000019d9f1161f8, 26, 1;
L_0000019d9f16e370 .part o0000019d9f1161c8, 27, 1;
L_0000019d9f16e050 .part o0000019d9f1161f8, 27, 1;
L_0000019d9f16e690 .part o0000019d9f1161c8, 28, 1;
L_0000019d9f16e2d0 .part o0000019d9f1161f8, 28, 1;
L_0000019d9f16e7d0 .part o0000019d9f1161c8, 29, 1;
L_0000019d9f16e870 .part o0000019d9f1161f8, 29, 1;
L_0000019d9f16e9b0 .part o0000019d9f1161c8, 30, 1;
L_0000019d9f16ecd0 .part o0000019d9f1161f8, 30, 1;
LS_0000019d9f16f270_0_0 .concat8 [ 1 1 1 1], L_0000019d9f1cad90, L_0000019d9f1ca4d0, L_0000019d9f1ca770, L_0000019d9f1cabd0;
LS_0000019d9f16f270_0_4 .concat8 [ 1 1 1 1], L_0000019d9f1cab60, L_0000019d9f1cacb0, L_0000019d9f1ca620, L_0000019d9f1ca7e0;
LS_0000019d9f16f270_0_8 .concat8 [ 1 1 1 1], L_0000019d9f1ca540, L_0000019d9f1ce1a0, L_0000019d9f1ce050, L_0000019d9f1cdbf0;
LS_0000019d9f16f270_0_12 .concat8 [ 1 1 1 1], L_0000019d9f1cddb0, L_0000019d9f1cdaa0, L_0000019d9f1cd950, L_0000019d9f1cdf00;
LS_0000019d9f16f270_0_16 .concat8 [ 1 1 1 1], L_0000019d9f1ce130, L_0000019d9f1cd5d0, L_0000019d9f1cf0e0, L_0000019d9f1cf9a0;
LS_0000019d9f16f270_0_20 .concat8 [ 1 1 1 1], L_0000019d9f1cfcb0, L_0000019d9f1cf770, L_0000019d9f1cfaf0, L_0000019d9f1cfbd0;
LS_0000019d9f16f270_0_24 .concat8 [ 1 1 1 1], L_0000019d9f1cf2a0, L_0000019d9f1cef90, L_0000019d9f1cf540, L_0000019d9f1d4cd0;
LS_0000019d9f16f270_0_28 .concat8 [ 1 1 1 1], L_0000019d9f1d45d0, L_0000019d9f1d4100, L_0000019d9f1d4b10, L_0000019d9f1d49c0;
LS_0000019d9f16f270_1_0 .concat8 [ 4 4 4 4], LS_0000019d9f16f270_0_0, LS_0000019d9f16f270_0_4, LS_0000019d9f16f270_0_8, LS_0000019d9f16f270_0_12;
LS_0000019d9f16f270_1_4 .concat8 [ 4 4 4 4], LS_0000019d9f16f270_0_16, LS_0000019d9f16f270_0_20, LS_0000019d9f16f270_0_24, LS_0000019d9f16f270_0_28;
L_0000019d9f16f270 .concat8 [ 16 16 0 0], LS_0000019d9f16f270_1_0, LS_0000019d9f16f270_1_4;
L_0000019d9f16ea50 .part o0000019d9f1161c8, 31, 1;
L_0000019d9f16f130 .part o0000019d9f1161f8, 31, 1;
S_0000019d9f14ec30 .scope module, "mux0" "mux2x1_1" 3 9, 3 44 0, S_0000019d9f0a3db0;
 .timescale 0 0;
    .port_info 0 /OUTPUT 1 "Y";
    .port_info 1 /INPUT 1 "D0";
    .port_info 2 /INPUT 1 "D1";
    .port_info 3 /INPUT 1 "S";
L_0000019d9f16f500 .functor AND 1, L_0000019d9f16cbb0, o0000019d9f1125f8, C4<1>, C4<1>;
L_0000019d9f16ff80 .functor AND 1, L_0000019d9f16c110, L_0000019d9f170140, C4<1>, C4<1>;
L_0000019d9f170140 .functor NOT 1, o0000019d9f1125f8, C4<0>, C4<0>, C4<0>;
L_0000019d9f1cad90 .functor OR 1, L_0000019d9f16f500, L_0000019d9f16ff80, C4<0>, C4<0>;
v0000019d9f15c5f0_0 .net "D0", 0 0, L_0000019d9f16c110;  1 drivers
v0000019d9f15df90_0 .net "D1", 0 0, L_0000019d9f16cbb0;  1 drivers
v0000019d9f15c690_0 .net "S", 0 0, o0000019d9f1125f8;  alias, 0 drivers
v0000019d9f15ddb0_0 .net "Sbar", 0 0, L_0000019d9f170140;  1 drivers
v0000019d9f15d810_0 .net "T1", 0 0, L_0000019d9f16f500;  1 drivers
v0000019d9f15c9b0_0 .net "T2", 0 0, L_0000019d9f16ff80;  1 drivers
v0000019d9f15c870_0 .net "Y", 0 0, L_0000019d9f1cad90;  1 drivers
S_0000019d9f14edc0 .scope module, "mux1" "mux2x1_1" 3 10, 3 44 0, S_0000019d9f0a3db0;
 .timescale 0 0;
    .port_info 0 /OUTPUT 1 "Y";
    .port_info 1 /INPUT 1 "D0";
    .port_info 2 /INPUT 1 "D1";
    .port_info 3 /INPUT 1 "S";
L_0000019d9f1cb340 .functor AND 1, L_0000019d9f16d470, o0000019d9f1125f8, C4<1>, C4<1>;
L_0000019d9f1cb110 .functor AND 1, L_0000019d9f16ba30, L_0000019d9f1caaf0, C4<1>, C4<1>;
L_0000019d9f1caaf0 .functor NOT 1, o0000019d9f1125f8, C4<0>, C4<0>, C4<0>;
L_0000019d9f1ca4d0 .functor OR 1, L_0000019d9f1cb340, L_0000019d9f1cb110, C4<0>, C4<0>;
v0000019d9f15d1d0_0 .net "D0", 0 0, L_0000019d9f16ba30;  1 drivers
v0000019d9f15ceb0_0 .net "D1", 0 0, L_0000019d9f16d470;  1 drivers
v0000019d9f15d9f0_0 .net "S", 0 0, o0000019d9f1125f8;  alias, 0 drivers
v0000019d9f15da90_0 .net "Sbar", 0 0, L_0000019d9f1caaf0;  1 drivers
v0000019d9f15cff0_0 .net "T1", 0 0, L_0000019d9f1cb340;  1 drivers
v0000019d9f15d130_0 .net "T2", 0 0, L_0000019d9f1cb110;  1 drivers
v0000019d9f15dc70_0 .net "Y", 0 0, L_0000019d9f1ca4d0;  1 drivers
S_0000019d9f15e0b0 .scope module, "mux10" "mux2x1_1" 3 19, 3 44 0, S_0000019d9f0a3db0;
 .timescale 0 0;
    .port_info 0 /OUTPUT 1 "Y";
    .port_info 1 /INPUT 1 "D0";
    .port_info 2 /INPUT 1 "D1";
    .port_info 3 /INPUT 1 "S";
L_0000019d9f1cd6b0 .functor AND 1, L_0000019d9f16b490, o0000019d9f1125f8, C4<1>, C4<1>;
L_0000019d9f1cd790 .functor AND 1, L_0000019d9f16d790, L_0000019d9f1cd800, C4<1>, C4<1>;
L_0000019d9f1cd800 .functor NOT 1, o0000019d9f1125f8, C4<0>, C4<0>, C4<0>;
L_0000019d9f1ce050 .functor OR 1, L_0000019d9f1cd6b0, L_0000019d9f1cd790, C4<0>, C4<0>;
v0000019d9f15d590_0 .net "D0", 0 0, L_0000019d9f16d790;  1 drivers
v0000019d9f15d630_0 .net "D1", 0 0, L_0000019d9f16b490;  1 drivers
v0000019d9f15de50_0 .net "S", 0 0, o0000019d9f1125f8;  alias, 0 drivers
v0000019d9f15def0_0 .net "Sbar", 0 0, L_0000019d9f1cd800;  1 drivers
v0000019d9f15d6d0_0 .net "T1", 0 0, L_0000019d9f1cd6b0;  1 drivers
v0000019d9f15d770_0 .net "T2", 0 0, L_0000019d9f1cd790;  1 drivers
v0000019d9f15db30_0 .net "Y", 0 0, L_0000019d9f1ce050;  1 drivers
S_0000019d9f15e240 .scope module, "mux11" "mux2x1_1" 3 20, 3 44 0, S_0000019d9f0a3db0;
 .timescale 0 0;
    .port_info 0 /OUTPUT 1 "Y";
    .port_info 1 /INPUT 1 "D0";
    .port_info 2 /INPUT 1 "D1";
    .port_info 3 /INPUT 1 "S";
L_0000019d9f1cdf70 .functor AND 1, L_0000019d9f16b530, o0000019d9f1125f8, C4<1>, C4<1>;
L_0000019d9f1cdb80 .functor AND 1, L_0000019d9f16bc10, L_0000019d9f1ce210, C4<1>, C4<1>;
L_0000019d9f1ce210 .functor NOT 1, o0000019d9f1125f8, C4<0>, C4<0>, C4<0>;
L_0000019d9f1cdbf0 .functor OR 1, L_0000019d9f1cdf70, L_0000019d9f1cdb80, C4<0>, C4<0>;
v0000019d9f15e4c0_0 .net "D0", 0 0, L_0000019d9f16bc10;  1 drivers
v0000019d9f15f140_0 .net "D1", 0 0, L_0000019d9f16b530;  1 drivers
v0000019d9f15ffa0_0 .net "S", 0 0, o0000019d9f1125f8;  alias, 0 drivers
v0000019d9f15ff00_0 .net "Sbar", 0 0, L_0000019d9f1ce210;  1 drivers
v0000019d9f160220_0 .net "T1", 0 0, L_0000019d9f1cdf70;  1 drivers
v0000019d9f15e420_0 .net "T2", 0 0, L_0000019d9f1cdb80;  1 drivers
v0000019d9f15f280_0 .net "Y", 0 0, L_0000019d9f1cdbf0;  1 drivers
S_0000019d9f0dec20 .scope module, "mux12" "mux2x1_1" 3 21, 3 44 0, S_0000019d9f0a3db0;
 .timescale 0 0;
    .port_info 0 /OUTPUT 1 "Y";
    .port_info 1 /INPUT 1 "D0";
    .port_info 2 /INPUT 1 "D1";
    .port_info 3 /INPUT 1 "S";
L_0000019d9f1ce280 .functor AND 1, L_0000019d9f16b670, o0000019d9f1125f8, C4<1>, C4<1>;
L_0000019d9f1cd8e0 .functor AND 1, L_0000019d9f16b5d0, L_0000019d9f1ce2f0, C4<1>, C4<1>;
L_0000019d9f1ce2f0 .functor NOT 1, o0000019d9f1125f8, C4<0>, C4<0>, C4<0>;
L_0000019d9f1cddb0 .functor OR 1, L_0000019d9f1ce280, L_0000019d9f1cd8e0, C4<0>, C4<0>;
v0000019d9f1602c0_0 .net "D0", 0 0, L_0000019d9f16b5d0;  1 drivers
v0000019d9f15fe60_0 .net "D1", 0 0, L_0000019d9f16b670;  1 drivers
v0000019d9f15f460_0 .net "S", 0 0, o0000019d9f1125f8;  alias, 0 drivers
v0000019d9f160040_0 .net "Sbar", 0 0, L_0000019d9f1ce2f0;  1 drivers
v0000019d9f15f820_0 .net "T1", 0 0, L_0000019d9f1ce280;  1 drivers
v0000019d9f15fc80_0 .net "T2", 0 0, L_0000019d9f1cd8e0;  1 drivers
v0000019d9f15eba0_0 .net "Y", 0 0, L_0000019d9f1cddb0;  1 drivers
S_0000019d9f0dedb0 .scope module, "mux13" "mux2x1_1" 3 22, 3 44 0, S_0000019d9f0a3db0;
 .timescale 0 0;
    .port_info 0 /OUTPUT 1 "Y";
    .port_info 1 /INPUT 1 "D0";
    .port_info 2 /INPUT 1 "D1";
    .port_info 3 /INPUT 1 "S";
L_0000019d9f1cdc60 .functor AND 1, L_0000019d9f16b850, o0000019d9f1125f8, C4<1>, C4<1>;
L_0000019d9f1cdd40 .functor AND 1, L_0000019d9f16b7b0, L_0000019d9f1ce0c0, C4<1>, C4<1>;
L_0000019d9f1ce0c0 .functor NOT 1, o0000019d9f1125f8, C4<0>, C4<0>, C4<0>;
L_0000019d9f1cdaa0 .functor OR 1, L_0000019d9f1cdc60, L_0000019d9f1cdd40, C4<0>, C4<0>;
v0000019d9f15ece0_0 .net "D0", 0 0, L_0000019d9f16b7b0;  1 drivers
v0000019d9f1600e0_0 .net "D1", 0 0, L_0000019d9f16b850;  1 drivers
v0000019d9f15f640_0 .net "S", 0 0, o0000019d9f1125f8;  alias, 0 drivers
v0000019d9f15fa00_0 .net "Sbar", 0 0, L_0000019d9f1ce0c0;  1 drivers
v0000019d9f15e600_0 .net "T1", 0 0, L_0000019d9f1cdc60;  1 drivers
v0000019d9f15fd20_0 .net "T2", 0 0, L_0000019d9f1cdd40;  1 drivers
v0000019d9f15f1e0_0 .net "Y", 0 0, L_0000019d9f1cdaa0;  1 drivers
S_0000019d9f0def40 .scope module, "mux14" "mux2x1_1" 3 23, 3 44 0, S_0000019d9f0a3db0;
 .timescale 0 0;
    .port_info 0 /OUTPUT 1 "Y";
    .port_info 1 /INPUT 1 "D0";
    .port_info 2 /INPUT 1 "D1";
    .port_info 3 /INPUT 1 "S";
L_0000019d9f1cde20 .functor AND 1, L_0000019d9f16c2f0, o0000019d9f1125f8, C4<1>, C4<1>;
L_0000019d9f1cd9c0 .functor AND 1, L_0000019d9f16c250, L_0000019d9f1cda30, C4<1>, C4<1>;
L_0000019d9f1cda30 .functor NOT 1, o0000019d9f1125f8, C4<0>, C4<0>, C4<0>;
L_0000019d9f1cd950 .functor OR 1, L_0000019d9f1cde20, L_0000019d9f1cd9c0, C4<0>, C4<0>;
v0000019d9f15faa0_0 .net "D0", 0 0, L_0000019d9f16c250;  1 drivers
v0000019d9f15ef60_0 .net "D1", 0 0, L_0000019d9f16c2f0;  1 drivers
v0000019d9f15f500_0 .net "S", 0 0, o0000019d9f1125f8;  alias, 0 drivers
v0000019d9f15ed80_0 .net "Sbar", 0 0, L_0000019d9f1cda30;  1 drivers
v0000019d9f15f3c0_0 .net "T1", 0 0, L_0000019d9f1cde20;  1 drivers
v0000019d9f160180_0 .net "T2", 0 0, L_0000019d9f1cd9c0;  1 drivers
v0000019d9f15fb40_0 .net "Y", 0 0, L_0000019d9f1cd950;  1 drivers
S_0000019d9f0df0d0 .scope module, "mux15" "mux2x1_1" 3 24, 3 44 0, S_0000019d9f0a3db0;
 .timescale 0 0;
    .port_info 0 /OUTPUT 1 "Y";
    .port_info 1 /INPUT 1 "D0";
    .port_info 2 /INPUT 1 "D1";
    .port_info 3 /INPUT 1 "S";
L_0000019d9f1cdcd0 .functor AND 1, L_0000019d9f16bcb0, o0000019d9f1125f8, C4<1>, C4<1>;
L_0000019d9f1ce3d0 .functor AND 1, L_0000019d9f16b990, L_0000019d9f1cde90, C4<1>, C4<1>;
L_0000019d9f1cde90 .functor NOT 1, o0000019d9f1125f8, C4<0>, C4<0>, C4<0>;
L_0000019d9f1cdf00 .functor OR 1, L_0000019d9f1cdcd0, L_0000019d9f1ce3d0, C4<0>, C4<0>;
v0000019d9f15e880_0 .net "D0", 0 0, L_0000019d9f16b990;  1 drivers
v0000019d9f15ea60_0 .net "D1", 0 0, L_0000019d9f16bcb0;  1 drivers
v0000019d9f15fbe0_0 .net "S", 0 0, o0000019d9f1125f8;  alias, 0 drivers
v0000019d9f15f5a0_0 .net "Sbar", 0 0, L_0000019d9f1cde90;  1 drivers
v0000019d9f15f320_0 .net "T1", 0 0, L_0000019d9f1cdcd0;  1 drivers
v0000019d9f15fdc0_0 .net "T2", 0 0, L_0000019d9f1ce3d0;  1 drivers
v0000019d9f15e560_0 .net "Y", 0 0, L_0000019d9f1cdf00;  1 drivers
S_0000019d9f0df260 .scope module, "mux16" "mux2x1_1" 3 25, 3 44 0, S_0000019d9f0a3db0;
 .timescale 0 0;
    .port_info 0 /OUTPUT 1 "Y";
    .port_info 1 /INPUT 1 "D0";
    .port_info 2 /INPUT 1 "D1";
    .port_info 3 /INPUT 1 "S";
L_0000019d9f1cd720 .functor AND 1, L_0000019d9f16bf30, o0000019d9f1125f8, C4<1>, C4<1>;
L_0000019d9f1cdb10 .functor AND 1, L_0000019d9f16bd50, L_0000019d9f1cdfe0, C4<1>, C4<1>;
L_0000019d9f1cdfe0 .functor NOT 1, o0000019d9f1125f8, C4<0>, C4<0>, C4<0>;
L_0000019d9f1ce130 .functor OR 1, L_0000019d9f1cd720, L_0000019d9f1cdb10, C4<0>, C4<0>;
v0000019d9f15ee20_0 .net "D0", 0 0, L_0000019d9f16bd50;  1 drivers
v0000019d9f15eec0_0 .net "D1", 0 0, L_0000019d9f16bf30;  1 drivers
v0000019d9f15f6e0_0 .net "S", 0 0, o0000019d9f1125f8;  alias, 0 drivers
v0000019d9f15f0a0_0 .net "Sbar", 0 0, L_0000019d9f1cdfe0;  1 drivers
v0000019d9f15f780_0 .net "T1", 0 0, L_0000019d9f1cd720;  1 drivers
v0000019d9f15e6a0_0 .net "T2", 0 0, L_0000019d9f1cdb10;  1 drivers
v0000019d9f15e740_0 .net "Y", 0 0, L_0000019d9f1ce130;  1 drivers
S_0000019d9f160f20 .scope module, "mux17" "mux2x1_1" 3 26, 3 44 0, S_0000019d9f0a3db0;
 .timescale 0 0;
    .port_info 0 /OUTPUT 1 "Y";
    .port_info 1 /INPUT 1 "D0";
    .port_info 2 /INPUT 1 "D1";
    .port_info 3 /INPUT 1 "S";
L_0000019d9f1cd4f0 .functor AND 1, L_0000019d9f16c070, o0000019d9f1125f8, C4<1>, C4<1>;
L_0000019d9f1cd560 .functor AND 1, L_0000019d9f16bfd0, L_0000019d9f1cd870, C4<1>, C4<1>;
L_0000019d9f1cd870 .functor NOT 1, o0000019d9f1125f8, C4<0>, C4<0>, C4<0>;
L_0000019d9f1cd5d0 .functor OR 1, L_0000019d9f1cd4f0, L_0000019d9f1cd560, C4<0>, C4<0>;
v0000019d9f15f000_0 .net "D0", 0 0, L_0000019d9f16bfd0;  1 drivers
v0000019d9f15e7e0_0 .net "D1", 0 0, L_0000019d9f16c070;  1 drivers
v0000019d9f15e920_0 .net "S", 0 0, o0000019d9f1125f8;  alias, 0 drivers
v0000019d9f15f8c0_0 .net "Sbar", 0 0, L_0000019d9f1cd870;  1 drivers
v0000019d9f15f960_0 .net "T1", 0 0, L_0000019d9f1cd4f0;  1 drivers
v0000019d9f15e9c0_0 .net "T2", 0 0, L_0000019d9f1cd560;  1 drivers
v0000019d9f15eb00_0 .net "Y", 0 0, L_0000019d9f1cd5d0;  1 drivers
S_0000019d9f160a70 .scope module, "mux18" "mux2x1_1" 3 27, 3 44 0, S_0000019d9f0a3db0;
 .timescale 0 0;
    .port_info 0 /OUTPUT 1 "Y";
    .port_info 1 /INPUT 1 "D0";
    .port_info 2 /INPUT 1 "D1";
    .port_info 3 /INPUT 1 "S";
L_0000019d9f1cd640 .functor AND 1, L_0000019d9f16eb90, o0000019d9f1125f8, C4<1>, C4<1>;
L_0000019d9f1cfc40 .functor AND 1, L_0000019d9f16c390, L_0000019d9f1cf7e0, C4<1>, C4<1>;
L_0000019d9f1cf7e0 .functor NOT 1, o0000019d9f1125f8, C4<0>, C4<0>, C4<0>;
L_0000019d9f1cf0e0 .functor OR 1, L_0000019d9f1cd640, L_0000019d9f1cfc40, C4<0>, C4<0>;
v0000019d9f15ec40_0 .net "D0", 0 0, L_0000019d9f16c390;  1 drivers
v0000019d9f162c00_0 .net "D1", 0 0, L_0000019d9f16eb90;  1 drivers
v0000019d9f1620c0_0 .net "S", 0 0, o0000019d9f1125f8;  alias, 0 drivers
v0000019d9f163240_0 .net "Sbar", 0 0, L_0000019d9f1cf7e0;  1 drivers
v0000019d9f163060_0 .net "T1", 0 0, L_0000019d9f1cd640;  1 drivers
v0000019d9f162660_0 .net "T2", 0 0, L_0000019d9f1cfc40;  1 drivers
v0000019d9f162de0_0 .net "Y", 0 0, L_0000019d9f1cf0e0;  1 drivers
S_0000019d9f1605c0 .scope module, "mux19" "mux2x1_1" 3 28, 3 44 0, S_0000019d9f0a3db0;
 .timescale 0 0;
    .port_info 0 /OUTPUT 1 "Y";
    .port_info 1 /INPUT 1 "D0";
    .port_info 2 /INPUT 1 "D1";
    .port_info 3 /INPUT 1 "S";
L_0000019d9f1cf700 .functor AND 1, L_0000019d9f16e410, o0000019d9f1125f8, C4<1>, C4<1>;
L_0000019d9f1cfa80 .functor AND 1, L_0000019d9f16e230, L_0000019d9f1cf850, C4<1>, C4<1>;
L_0000019d9f1cf850 .functor NOT 1, o0000019d9f1125f8, C4<0>, C4<0>, C4<0>;
L_0000019d9f1cf9a0 .functor OR 1, L_0000019d9f1cf700, L_0000019d9f1cfa80, C4<0>, C4<0>;
v0000019d9f162020_0 .net "D0", 0 0, L_0000019d9f16e230;  1 drivers
v0000019d9f162b60_0 .net "D1", 0 0, L_0000019d9f16e410;  1 drivers
v0000019d9f162e80_0 .net "S", 0 0, o0000019d9f1125f8;  alias, 0 drivers
v0000019d9f162a20_0 .net "Sbar", 0 0, L_0000019d9f1cf850;  1 drivers
v0000019d9f1618a0_0 .net "T1", 0 0, L_0000019d9f1cf700;  1 drivers
v0000019d9f162ca0_0 .net "T2", 0 0, L_0000019d9f1cfa80;  1 drivers
v0000019d9f162fc0_0 .net "Y", 0 0, L_0000019d9f1cf9a0;  1 drivers
S_0000019d9f160750 .scope module, "mux2" "mux2x1_1" 3 11, 3 44 0, S_0000019d9f0a3db0;
 .timescale 0 0;
    .port_info 0 /OUTPUT 1 "Y";
    .port_info 1 /INPUT 1 "D0";
    .port_info 2 /INPUT 1 "D1";
    .port_info 3 /INPUT 1 "S";
L_0000019d9f1cae00 .functor AND 1, L_0000019d9f16d970, o0000019d9f1125f8, C4<1>, C4<1>;
L_0000019d9f1cac40 .functor AND 1, L_0000019d9f16bb70, L_0000019d9f1caa10, C4<1>, C4<1>;
L_0000019d9f1caa10 .functor NOT 1, o0000019d9f1125f8, C4<0>, C4<0>, C4<0>;
L_0000019d9f1ca770 .functor OR 1, L_0000019d9f1cae00, L_0000019d9f1cac40, C4<0>, C4<0>;
v0000019d9f161940_0 .net "D0", 0 0, L_0000019d9f16bb70;  1 drivers
v0000019d9f161e40_0 .net "D1", 0 0, L_0000019d9f16d970;  1 drivers
v0000019d9f162700_0 .net "S", 0 0, o0000019d9f1125f8;  alias, 0 drivers
v0000019d9f161a80_0 .net "Sbar", 0 0, L_0000019d9f1caa10;  1 drivers
v0000019d9f162ac0_0 .net "T1", 0 0, L_0000019d9f1cae00;  1 drivers
v0000019d9f162d40_0 .net "T2", 0 0, L_0000019d9f1cac40;  1 drivers
v0000019d9f1619e0_0 .net "Y", 0 0, L_0000019d9f1ca770;  1 drivers
S_0000019d9f1608e0 .scope module, "mux20" "mux2x1_1" 3 29, 3 44 0, S_0000019d9f0a3db0;
 .timescale 0 0;
    .port_info 0 /OUTPUT 1 "Y";
    .port_info 1 /INPUT 1 "D0";
    .port_info 2 /INPUT 1 "D1";
    .port_info 3 /INPUT 1 "S";
L_0000019d9f1cf8c0 .functor AND 1, L_0000019d9f16ddd0, o0000019d9f1125f8, C4<1>, C4<1>;
L_0000019d9f1cf620 .functor AND 1, L_0000019d9f16e0f0, L_0000019d9f1cf1c0, C4<1>, C4<1>;
L_0000019d9f1cf1c0 .functor NOT 1, o0000019d9f1125f8, C4<0>, C4<0>, C4<0>;
L_0000019d9f1cfcb0 .functor OR 1, L_0000019d9f1cf8c0, L_0000019d9f1cf620, C4<0>, C4<0>;
v0000019d9f162f20_0 .net "D0", 0 0, L_0000019d9f16e0f0;  1 drivers
v0000019d9f1623e0_0 .net "D1", 0 0, L_0000019d9f16ddd0;  1 drivers
v0000019d9f163100_0 .net "S", 0 0, o0000019d9f1125f8;  alias, 0 drivers
v0000019d9f1631a0_0 .net "Sbar", 0 0, L_0000019d9f1cf1c0;  1 drivers
v0000019d9f162520_0 .net "T1", 0 0, L_0000019d9f1cf8c0;  1 drivers
v0000019d9f161b20_0 .net "T2", 0 0, L_0000019d9f1cf620;  1 drivers
v0000019d9f1632e0_0 .net "Y", 0 0, L_0000019d9f1cfcb0;  1 drivers
S_0000019d9f1610b0 .scope module, "mux21" "mux2x1_1" 3 30, 3 44 0, S_0000019d9f0a3db0;
 .timescale 0 0;
    .port_info 0 /OUTPUT 1 "Y";
    .port_info 1 /INPUT 1 "D0";
    .port_info 2 /INPUT 1 "D1";
    .port_info 3 /INPUT 1 "S";
L_0000019d9f1cf3f0 .functor AND 1, L_0000019d9f16e4b0, o0000019d9f1125f8, C4<1>, C4<1>;
L_0000019d9f1cf930 .functor AND 1, L_0000019d9f16ed70, L_0000019d9f1cf690, C4<1>, C4<1>;
L_0000019d9f1cf690 .functor NOT 1, o0000019d9f1125f8, C4<0>, C4<0>, C4<0>;
L_0000019d9f1cf770 .functor OR 1, L_0000019d9f1cf3f0, L_0000019d9f1cf930, C4<0>, C4<0>;
v0000019d9f161440_0 .net "D0", 0 0, L_0000019d9f16ed70;  1 drivers
v0000019d9f161f80_0 .net "D1", 0 0, L_0000019d9f16e4b0;  1 drivers
v0000019d9f1614e0_0 .net "S", 0 0, o0000019d9f1125f8;  alias, 0 drivers
v0000019d9f1627a0_0 .net "Sbar", 0 0, L_0000019d9f1cf690;  1 drivers
v0000019d9f161580_0 .net "T1", 0 0, L_0000019d9f1cf3f0;  1 drivers
v0000019d9f1622a0_0 .net "T2", 0 0, L_0000019d9f1cf930;  1 drivers
v0000019d9f162160_0 .net "Y", 0 0, L_0000019d9f1cf770;  1 drivers
S_0000019d9f161240 .scope module, "mux22" "mux2x1_1" 3 31, 3 44 0, S_0000019d9f0a3db0;
 .timescale 0 0;
    .port_info 0 /OUTPUT 1 "Y";
    .port_info 1 /INPUT 1 "D0";
    .port_info 2 /INPUT 1 "D1";
    .port_info 3 /INPUT 1 "S";
L_0000019d9f1cf150 .functor AND 1, L_0000019d9f16e5f0, o0000019d9f1125f8, C4<1>, C4<1>;
L_0000019d9f1cf4d0 .functor AND 1, L_0000019d9f16e550, L_0000019d9f1cfa10, C4<1>, C4<1>;
L_0000019d9f1cfa10 .functor NOT 1, o0000019d9f1125f8, C4<0>, C4<0>, C4<0>;
L_0000019d9f1cfaf0 .functor OR 1, L_0000019d9f1cf150, L_0000019d9f1cf4d0, C4<0>, C4<0>;
v0000019d9f161620_0 .net "D0", 0 0, L_0000019d9f16e550;  1 drivers
v0000019d9f162480_0 .net "D1", 0 0, L_0000019d9f16e5f0;  1 drivers
v0000019d9f1616c0_0 .net "S", 0 0, o0000019d9f1125f8;  alias, 0 drivers
v0000019d9f161760_0 .net "Sbar", 0 0, L_0000019d9f1cfa10;  1 drivers
v0000019d9f161d00_0 .net "T1", 0 0, L_0000019d9f1cf150;  1 drivers
v0000019d9f1625c0_0 .net "T2", 0 0, L_0000019d9f1cf4d0;  1 drivers
v0000019d9f162980_0 .net "Y", 0 0, L_0000019d9f1cfaf0;  1 drivers
S_0000019d9f160430 .scope module, "mux23" "mux2x1_1" 3 32, 3 44 0, S_0000019d9f0a3db0;
 .timescale 0 0;
    .port_info 0 /OUTPUT 1 "Y";
    .port_info 1 /INPUT 1 "D0";
    .port_info 2 /INPUT 1 "D1";
    .port_info 3 /INPUT 1 "S";
L_0000019d9f1cfb60 .functor AND 1, L_0000019d9f16ee10, o0000019d9f1125f8, C4<1>, C4<1>;
L_0000019d9f1cf380 .functor AND 1, L_0000019d9f16e190, L_0000019d9f1cf460, C4<1>, C4<1>;
L_0000019d9f1cf460 .functor NOT 1, o0000019d9f1125f8, C4<0>, C4<0>, C4<0>;
L_0000019d9f1cfbd0 .functor OR 1, L_0000019d9f1cfb60, L_0000019d9f1cf380, C4<0>, C4<0>;
v0000019d9f161bc0_0 .net "D0", 0 0, L_0000019d9f16e190;  1 drivers
v0000019d9f161c60_0 .net "D1", 0 0, L_0000019d9f16ee10;  1 drivers
v0000019d9f161800_0 .net "S", 0 0, o0000019d9f1125f8;  alias, 0 drivers
v0000019d9f161da0_0 .net "Sbar", 0 0, L_0000019d9f1cf460;  1 drivers
v0000019d9f161ee0_0 .net "T1", 0 0, L_0000019d9f1cfb60;  1 drivers
v0000019d9f162200_0 .net "T2", 0 0, L_0000019d9f1cf380;  1 drivers
v0000019d9f162340_0 .net "Y", 0 0, L_0000019d9f1cfbd0;  1 drivers
S_0000019d9f160c00 .scope module, "mux24" "mux2x1_1" 3 33, 3 44 0, S_0000019d9f0a3db0;
 .timescale 0 0;
    .port_info 0 /OUTPUT 1 "Y";
    .port_info 1 /INPUT 1 "D0";
    .port_info 2 /INPUT 1 "D1";
    .port_info 3 /INPUT 1 "S";
L_0000019d9f1cf230 .functor AND 1, L_0000019d9f16ec30, o0000019d9f1125f8, C4<1>, C4<1>;
L_0000019d9f1cfd20 .functor AND 1, L_0000019d9f16e910, L_0000019d9f1cfd90, C4<1>, C4<1>;
L_0000019d9f1cfd90 .functor NOT 1, o0000019d9f1125f8, C4<0>, C4<0>, C4<0>;
L_0000019d9f1cf2a0 .functor OR 1, L_0000019d9f1cf230, L_0000019d9f1cfd20, C4<0>, C4<0>;
v0000019d9f162840_0 .net "D0", 0 0, L_0000019d9f16e910;  1 drivers
v0000019d9f1628e0_0 .net "D1", 0 0, L_0000019d9f16ec30;  1 drivers
v0000019d9f166020_0 .net "S", 0 0, o0000019d9f1125f8;  alias, 0 drivers
v0000019d9f1663e0_0 .net "Sbar", 0 0, L_0000019d9f1cfd90;  1 drivers
v0000019d9f165da0_0 .net "T1", 0 0, L_0000019d9f1cf230;  1 drivers
v0000019d9f166200_0 .net "T2", 0 0, L_0000019d9f1cfd20;  1 drivers
v0000019d9f166700_0 .net "Y", 0 0, L_0000019d9f1cf2a0;  1 drivers
S_0000019d9f160d90 .scope module, "mux25" "mux2x1_1" 3 34, 3 44 0, S_0000019d9f0a3db0;
 .timescale 0 0;
    .port_info 0 /OUTPUT 1 "Y";
    .port_info 1 /INPUT 1 "D0";
    .port_info 2 /INPUT 1 "D1";
    .port_info 3 /INPUT 1 "S";
L_0000019d9f1cfe00 .functor AND 1, L_0000019d9f16de70, o0000019d9f1125f8, C4<1>, C4<1>;
L_0000019d9f1cef20 .functor AND 1, L_0000019d9f16dfb0, L_0000019d9f1cf5b0, C4<1>, C4<1>;
L_0000019d9f1cf5b0 .functor NOT 1, o0000019d9f1125f8, C4<0>, C4<0>, C4<0>;
L_0000019d9f1cef90 .functor OR 1, L_0000019d9f1cfe00, L_0000019d9f1cef20, C4<0>, C4<0>;
v0000019d9f166ac0_0 .net "D0", 0 0, L_0000019d9f16dfb0;  1 drivers
v0000019d9f1662a0_0 .net "D1", 0 0, L_0000019d9f16de70;  1 drivers
v0000019d9f166480_0 .net "S", 0 0, o0000019d9f1125f8;  alias, 0 drivers
v0000019d9f1667a0_0 .net "Sbar", 0 0, L_0000019d9f1cf5b0;  1 drivers
v0000019d9f166b60_0 .net "T1", 0 0, L_0000019d9f1cfe00;  1 drivers
v0000019d9f1660c0_0 .net "T2", 0 0, L_0000019d9f1cef20;  1 drivers
v0000019d9f166a20_0 .net "Y", 0 0, L_0000019d9f1cef90;  1 drivers
S_0000019d9f168720 .scope module, "mux26" "mux2x1_1" 3 35, 3 44 0, S_0000019d9f0a3db0;
 .timescale 0 0;
    .port_info 0 /OUTPUT 1 "Y";
    .port_info 1 /INPUT 1 "D0";
    .port_info 2 /INPUT 1 "D1";
    .port_info 3 /INPUT 1 "S";
L_0000019d9f1cf000 .functor AND 1, L_0000019d9f16ef50, o0000019d9f1125f8, C4<1>, C4<1>;
L_0000019d9f1cf070 .functor AND 1, L_0000019d9f16e730, L_0000019d9f1cf310, C4<1>, C4<1>;
L_0000019d9f1cf310 .functor NOT 1, o0000019d9f1125f8, C4<0>, C4<0>, C4<0>;
L_0000019d9f1cf540 .functor OR 1, L_0000019d9f1cf000, L_0000019d9f1cf070, C4<0>, C4<0>;
v0000019d9f166c00_0 .net "D0", 0 0, L_0000019d9f16e730;  1 drivers
v0000019d9f166340_0 .net "D1", 0 0, L_0000019d9f16ef50;  1 drivers
v0000019d9f166520_0 .net "S", 0 0, o0000019d9f1125f8;  alias, 0 drivers
v0000019d9f1665c0_0 .net "Sbar", 0 0, L_0000019d9f1cf310;  1 drivers
v0000019d9f166ca0_0 .net "T1", 0 0, L_0000019d9f1cf000;  1 drivers
v0000019d9f165e40_0 .net "T2", 0 0, L_0000019d9f1cf070;  1 drivers
v0000019d9f166840_0 .net "Y", 0 0, L_0000019d9f1cf540;  1 drivers
S_0000019d9f169210 .scope module, "mux27" "mux2x1_1" 3 36, 3 44 0, S_0000019d9f0a3db0;
 .timescale 0 0;
    .port_info 0 /OUTPUT 1 "Y";
    .port_info 1 /INPUT 1 "D0";
    .port_info 2 /INPUT 1 "D1";
    .port_info 3 /INPUT 1 "S";
L_0000019d9f1d4a30 .functor AND 1, L_0000019d9f16e050, o0000019d9f1125f8, C4<1>, C4<1>;
L_0000019d9f1d4560 .functor AND 1, L_0000019d9f16e370, L_0000019d9f1d44f0, C4<1>, C4<1>;
L_0000019d9f1d44f0 .functor NOT 1, o0000019d9f1125f8, C4<0>, C4<0>, C4<0>;
L_0000019d9f1d4cd0 .functor OR 1, L_0000019d9f1d4a30, L_0000019d9f1d4560, C4<0>, C4<0>;
v0000019d9f1672e0_0 .net "D0", 0 0, L_0000019d9f16e370;  1 drivers
v0000019d9f166160_0 .net "D1", 0 0, L_0000019d9f16e050;  1 drivers
v0000019d9f1668e0_0 .net "S", 0 0, o0000019d9f1125f8;  alias, 0 drivers
v0000019d9f1671a0_0 .net "Sbar", 0 0, L_0000019d9f1d44f0;  1 drivers
v0000019d9f165ee0_0 .net "T1", 0 0, L_0000019d9f1d4a30;  1 drivers
v0000019d9f166980_0 .net "T2", 0 0, L_0000019d9f1d4560;  1 drivers
v0000019d9f166660_0 .net "Y", 0 0, L_0000019d9f1d4cd0;  1 drivers
S_0000019d9f168400 .scope module, "mux28" "mux2x1_1" 3 37, 3 44 0, S_0000019d9f0a3db0;
 .timescale 0 0;
    .port_info 0 /OUTPUT 1 "Y";
    .port_info 1 /INPUT 1 "D0";
    .port_info 2 /INPUT 1 "D1";
    .port_info 3 /INPUT 1 "S";
L_0000019d9f1d4090 .functor AND 1, L_0000019d9f16e2d0, o0000019d9f1125f8, C4<1>, C4<1>;
L_0000019d9f1d4480 .functor AND 1, L_0000019d9f16e690, L_0000019d9f1d4410, C4<1>, C4<1>;
L_0000019d9f1d4410 .functor NOT 1, o0000019d9f1125f8, C4<0>, C4<0>, C4<0>;
L_0000019d9f1d45d0 .functor OR 1, L_0000019d9f1d4090, L_0000019d9f1d4480, C4<0>, C4<0>;
v0000019d9f166d40_0 .net "D0", 0 0, L_0000019d9f16e690;  1 drivers
v0000019d9f166de0_0 .net "D1", 0 0, L_0000019d9f16e2d0;  1 drivers
v0000019d9f166e80_0 .net "S", 0 0, o0000019d9f1125f8;  alias, 0 drivers
v0000019d9f165f80_0 .net "Sbar", 0 0, L_0000019d9f1d4410;  1 drivers
v0000019d9f167060_0 .net "T1", 0 0, L_0000019d9f1d4090;  1 drivers
v0000019d9f166f20_0 .net "T2", 0 0, L_0000019d9f1d4480;  1 drivers
v0000019d9f166fc0_0 .net "Y", 0 0, L_0000019d9f1d45d0;  1 drivers
S_0000019d9f168bd0 .scope module, "mux29" "mux2x1_1" 3 38, 3 44 0, S_0000019d9f0a3db0;
 .timescale 0 0;
    .port_info 0 /OUTPUT 1 "Y";
    .port_info 1 /INPUT 1 "D0";
    .port_info 2 /INPUT 1 "D1";
    .port_info 3 /INPUT 1 "S";
L_0000019d9f1d4640 .functor AND 1, L_0000019d9f16e870, o0000019d9f1125f8, C4<1>, C4<1>;
L_0000019d9f1d4870 .functor AND 1, L_0000019d9f16e7d0, L_0000019d9f1d4d40, C4<1>, C4<1>;
L_0000019d9f1d4d40 .functor NOT 1, o0000019d9f1125f8, C4<0>, C4<0>, C4<0>;
L_0000019d9f1d4100 .functor OR 1, L_0000019d9f1d4640, L_0000019d9f1d4870, C4<0>, C4<0>;
v0000019d9f167100_0 .net "D0", 0 0, L_0000019d9f16e7d0;  1 drivers
v0000019d9f167240_0 .net "D1", 0 0, L_0000019d9f16e870;  1 drivers
v0000019d9f165c60_0 .net "S", 0 0, o0000019d9f1125f8;  alias, 0 drivers
v0000019d9f165d00_0 .net "Sbar", 0 0, L_0000019d9f1d4d40;  1 drivers
v0000019d9f165300_0 .net "T1", 0 0, L_0000019d9f1d4640;  1 drivers
v0000019d9f1656c0_0 .net "T2", 0 0, L_0000019d9f1d4870;  1 drivers
v0000019d9f165440_0 .net "Y", 0 0, L_0000019d9f1d4100;  1 drivers
S_0000019d9f167dc0 .scope module, "mux3" "mux2x1_1" 3 12, 3 44 0, S_0000019d9f0a3db0;
 .timescale 0 0;
    .port_info 0 /OUTPUT 1 "Y";
    .port_info 1 /INPUT 1 "D0";
    .port_info 2 /INPUT 1 "D1";
    .port_info 3 /INPUT 1 "S";
L_0000019d9f1caa80 .functor AND 1, L_0000019d9f16be90, o0000019d9f1125f8, C4<1>, C4<1>;
L_0000019d9f1cb0a0 .functor AND 1, L_0000019d9f16ccf0, L_0000019d9f1cb2d0, C4<1>, C4<1>;
L_0000019d9f1cb2d0 .functor NOT 1, o0000019d9f1125f8, C4<0>, C4<0>, C4<0>;
L_0000019d9f1cabd0 .functor OR 1, L_0000019d9f1caa80, L_0000019d9f1cb0a0, C4<0>, C4<0>;
v0000019d9f1638c0_0 .net "D0", 0 0, L_0000019d9f16ccf0;  1 drivers
v0000019d9f164d60_0 .net "D1", 0 0, L_0000019d9f16be90;  1 drivers
v0000019d9f164040_0 .net "S", 0 0, o0000019d9f1125f8;  alias, 0 drivers
v0000019d9f165800_0 .net "Sbar", 0 0, L_0000019d9f1cb2d0;  1 drivers
v0000019d9f163b40_0 .net "T1", 0 0, L_0000019d9f1caa80;  1 drivers
v0000019d9f164f40_0 .net "T2", 0 0, L_0000019d9f1cb0a0;  1 drivers
v0000019d9f164900_0 .net "Y", 0 0, L_0000019d9f1cabd0;  1 drivers
S_0000019d9f168d60 .scope module, "mux30" "mux2x1_1" 3 39, 3 44 0, S_0000019d9f0a3db0;
 .timescale 0 0;
    .port_info 0 /OUTPUT 1 "Y";
    .port_info 1 /INPUT 1 "D0";
    .port_info 2 /INPUT 1 "D1";
    .port_info 3 /INPUT 1 "S";
L_0000019d9f1d4aa0 .functor AND 1, L_0000019d9f16ecd0, o0000019d9f1125f8, C4<1>, C4<1>;
L_0000019d9f1d3fb0 .functor AND 1, L_0000019d9f16e9b0, L_0000019d9f1d46b0, C4<1>, C4<1>;
L_0000019d9f1d46b0 .functor NOT 1, o0000019d9f1125f8, C4<0>, C4<0>, C4<0>;
L_0000019d9f1d4b10 .functor OR 1, L_0000019d9f1d4aa0, L_0000019d9f1d3fb0, C4<0>, C4<0>;
v0000019d9f164cc0_0 .net "D0", 0 0, L_0000019d9f16e9b0;  1 drivers
v0000019d9f163820_0 .net "D1", 0 0, L_0000019d9f16ecd0;  1 drivers
v0000019d9f163fa0_0 .net "S", 0 0, o0000019d9f1125f8;  alias, 0 drivers
v0000019d9f1659e0_0 .net "Sbar", 0 0, L_0000019d9f1d46b0;  1 drivers
v0000019d9f163f00_0 .net "T1", 0 0, L_0000019d9f1d4aa0;  1 drivers
v0000019d9f164680_0 .net "T2", 0 0, L_0000019d9f1d3fb0;  1 drivers
v0000019d9f165760_0 .net "Y", 0 0, L_0000019d9f1d4b10;  1 drivers
S_0000019d9f168a40 .scope module, "mux31" "mux2x1_1" 3 40, 3 44 0, S_0000019d9f0a3db0;
 .timescale 0 0;
    .port_info 0 /OUTPUT 1 "Y";
    .port_info 1 /INPUT 1 "D0";
    .port_info 2 /INPUT 1 "D1";
    .port_info 3 /INPUT 1 "S";
L_0000019d9f1d4b80 .functor AND 1, L_0000019d9f16f130, o0000019d9f1125f8, C4<1>, C4<1>;
L_0000019d9f1d4c60 .functor AND 1, L_0000019d9f16ea50, L_0000019d9f1d4720, C4<1>, C4<1>;
L_0000019d9f1d4720 .functor NOT 1, o0000019d9f1125f8, C4<0>, C4<0>, C4<0>;
L_0000019d9f1d49c0 .functor OR 1, L_0000019d9f1d4b80, L_0000019d9f1d4c60, C4<0>, C4<0>;
v0000019d9f165b20_0 .net "D0", 0 0, L_0000019d9f16ea50;  1 drivers
v0000019d9f1658a0_0 .net "D1", 0 0, L_0000019d9f16f130;  1 drivers
v0000019d9f164860_0 .net "S", 0 0, o0000019d9f1125f8;  alias, 0 drivers
v0000019d9f1640e0_0 .net "Sbar", 0 0, L_0000019d9f1d4720;  1 drivers
v0000019d9f164720_0 .net "T1", 0 0, L_0000019d9f1d4b80;  1 drivers
v0000019d9f1649a0_0 .net "T2", 0 0, L_0000019d9f1d4c60;  1 drivers
v0000019d9f164a40_0 .net "Y", 0 0, L_0000019d9f1d49c0;  1 drivers
S_0000019d9f167f50 .scope module, "mux4" "mux2x1_1" 3 13, 3 44 0, S_0000019d9f0a3db0;
 .timescale 0 0;
    .port_info 0 /OUTPUT 1 "Y";
    .port_info 1 /INPUT 1 "D0";
    .port_info 2 /INPUT 1 "D1";
    .port_info 3 /INPUT 1 "S";
L_0000019d9f1cb180 .functor AND 1, L_0000019d9f16d150, o0000019d9f1125f8, C4<1>, C4<1>;
L_0000019d9f1cafc0 .functor AND 1, L_0000019d9f16ce30, L_0000019d9f1ca700, C4<1>, C4<1>;
L_0000019d9f1ca700 .functor NOT 1, o0000019d9f1125f8, C4<0>, C4<0>, C4<0>;
L_0000019d9f1cab60 .functor OR 1, L_0000019d9f1cb180, L_0000019d9f1cafc0, C4<0>, C4<0>;
v0000019d9f164ae0_0 .net "D0", 0 0, L_0000019d9f16ce30;  1 drivers
v0000019d9f164180_0 .net "D1", 0 0, L_0000019d9f16d150;  1 drivers
v0000019d9f165bc0_0 .net "S", 0 0, o0000019d9f1125f8;  alias, 0 drivers
v0000019d9f1651c0_0 .net "Sbar", 0 0, L_0000019d9f1ca700;  1 drivers
v0000019d9f1642c0_0 .net "T1", 0 0, L_0000019d9f1cb180;  1 drivers
v0000019d9f1653a0_0 .net "T2", 0 0, L_0000019d9f1cafc0;  1 drivers
v0000019d9f165940_0 .net "Y", 0 0, L_0000019d9f1cab60;  1 drivers
S_0000019d9f1675f0 .scope module, "mux5" "mux2x1_1" 3 14, 3 44 0, S_0000019d9f0a3db0;
 .timescale 0 0;
    .port_info 0 /OUTPUT 1 "Y";
    .port_info 1 /INPUT 1 "D0";
    .port_info 2 /INPUT 1 "D1";
    .port_info 3 /INPUT 1 "S";
L_0000019d9f1ca930 .functor AND 1, L_0000019d9f16d1f0, o0000019d9f1125f8, C4<1>, C4<1>;
L_0000019d9f1cae70 .functor AND 1, L_0000019d9f16c1b0, L_0000019d9f1ca9a0, C4<1>, C4<1>;
L_0000019d9f1ca9a0 .functor NOT 1, o0000019d9f1125f8, C4<0>, C4<0>, C4<0>;
L_0000019d9f1cacb0 .functor OR 1, L_0000019d9f1ca930, L_0000019d9f1cae70, C4<0>, C4<0>;
v0000019d9f1654e0_0 .net "D0", 0 0, L_0000019d9f16c1b0;  1 drivers
v0000019d9f165580_0 .net "D1", 0 0, L_0000019d9f16d1f0;  1 drivers
v0000019d9f163960_0 .net "S", 0 0, o0000019d9f1125f8;  alias, 0 drivers
v0000019d9f164b80_0 .net "Sbar", 0 0, L_0000019d9f1ca9a0;  1 drivers
v0000019d9f164400_0 .net "T1", 0 0, L_0000019d9f1ca930;  1 drivers
v0000019d9f165260_0 .net "T2", 0 0, L_0000019d9f1cae70;  1 drivers
v0000019d9f164220_0 .net "Y", 0 0, L_0000019d9f1cacb0;  1 drivers
S_0000019d9f1680e0 .scope module, "mux6" "mux2x1_1" 3 15, 3 44 0, S_0000019d9f0a3db0;
 .timescale 0 0;
    .port_info 0 /OUTPUT 1 "Y";
    .port_info 1 /INPUT 1 "D0";
    .port_info 2 /INPUT 1 "D1";
    .port_info 3 /INPUT 1 "S";
L_0000019d9f1cb030 .functor AND 1, L_0000019d9f16da10, o0000019d9f1125f8, C4<1>, C4<1>;
L_0000019d9f1cad20 .functor AND 1, L_0000019d9f16d290, L_0000019d9f1ca8c0, C4<1>, C4<1>;
L_0000019d9f1ca8c0 .functor NOT 1, o0000019d9f1125f8, C4<0>, C4<0>, C4<0>;
L_0000019d9f1ca620 .functor OR 1, L_0000019d9f1cb030, L_0000019d9f1cad20, C4<0>, C4<0>;
v0000019d9f164c20_0 .net "D0", 0 0, L_0000019d9f16d290;  1 drivers
v0000019d9f165a80_0 .net "D1", 0 0, L_0000019d9f16da10;  1 drivers
v0000019d9f163dc0_0 .net "S", 0 0, o0000019d9f1125f8;  alias, 0 drivers
v0000019d9f165620_0 .net "Sbar", 0 0, L_0000019d9f1ca8c0;  1 drivers
v0000019d9f163be0_0 .net "T1", 0 0, L_0000019d9f1cb030;  1 drivers
v0000019d9f164360_0 .net "T2", 0 0, L_0000019d9f1cad20;  1 drivers
v0000019d9f164e00_0 .net "Y", 0 0, L_0000019d9f1ca620;  1 drivers
S_0000019d9f167aa0 .scope module, "mux7" "mux2x1_1" 3 16, 3 44 0, S_0000019d9f0a3db0;
 .timescale 0 0;
    .port_info 0 /OUTPUT 1 "Y";
    .port_info 1 /INPUT 1 "D0";
    .port_info 2 /INPUT 1 "D1";
    .port_info 3 /INPUT 1 "S";
L_0000019d9f1cb3b0 .functor AND 1, L_0000019d9f16bad0, o0000019d9f1125f8, C4<1>, C4<1>;
L_0000019d9f1caee0 .functor AND 1, L_0000019d9f16dbf0, L_0000019d9f1cb1f0, C4<1>, C4<1>;
L_0000019d9f1cb1f0 .functor NOT 1, o0000019d9f1125f8, C4<0>, C4<0>, C4<0>;
L_0000019d9f1ca7e0 .functor OR 1, L_0000019d9f1cb3b0, L_0000019d9f1caee0, C4<0>, C4<0>;
v0000019d9f1644a0_0 .net "D0", 0 0, L_0000019d9f16dbf0;  1 drivers
v0000019d9f163460_0 .net "D1", 0 0, L_0000019d9f16bad0;  1 drivers
v0000019d9f164540_0 .net "S", 0 0, o0000019d9f1125f8;  alias, 0 drivers
v0000019d9f1645e0_0 .net "Sbar", 0 0, L_0000019d9f1cb1f0;  1 drivers
v0000019d9f1647c0_0 .net "T1", 0 0, L_0000019d9f1cb3b0;  1 drivers
v0000019d9f163500_0 .net "T2", 0 0, L_0000019d9f1caee0;  1 drivers
v0000019d9f164ea0_0 .net "Y", 0 0, L_0000019d9f1ca7e0;  1 drivers
S_0000019d9f1688b0 .scope module, "mux8" "mux2x1_1" 3 17, 3 44 0, S_0000019d9f0a3db0;
 .timescale 0 0;
    .port_info 0 /OUTPUT 1 "Y";
    .port_info 1 /INPUT 1 "D0";
    .port_info 2 /INPUT 1 "D1";
    .port_info 3 /INPUT 1 "S";
L_0000019d9f1caf50 .functor AND 1, L_0000019d9f16d510, o0000019d9f1125f8, C4<1>, C4<1>;
L_0000019d9f1ca850 .functor AND 1, L_0000019d9f16d6f0, L_0000019d9f1cb260, C4<1>, C4<1>;
L_0000019d9f1cb260 .functor NOT 1, o0000019d9f1125f8, C4<0>, C4<0>, C4<0>;
L_0000019d9f1ca540 .functor OR 1, L_0000019d9f1caf50, L_0000019d9f1ca850, C4<0>, C4<0>;
v0000019d9f1635a0_0 .net "D0", 0 0, L_0000019d9f16d6f0;  1 drivers
v0000019d9f163a00_0 .net "D1", 0 0, L_0000019d9f16d510;  1 drivers
v0000019d9f163aa0_0 .net "S", 0 0, o0000019d9f1125f8;  alias, 0 drivers
v0000019d9f163c80_0 .net "Sbar", 0 0, L_0000019d9f1cb260;  1 drivers
v0000019d9f164fe0_0 .net "T1", 0 0, L_0000019d9f1caf50;  1 drivers
v0000019d9f163640_0 .net "T2", 0 0, L_0000019d9f1ca850;  1 drivers
v0000019d9f165080_0 .net "Y", 0 0, L_0000019d9f1ca540;  1 drivers
S_0000019d9f168270 .scope module, "mux9" "mux2x1_1" 3 18, 3 44 0, S_0000019d9f0a3db0;
 .timescale 0 0;
    .port_info 0 /OUTPUT 1 "Y";
    .port_info 1 /INPUT 1 "D0";
    .port_info 2 /INPUT 1 "D1";
    .port_info 3 /INPUT 1 "S";
L_0000019d9f1ca5b0 .functor AND 1, L_0000019d9f16d3d0, o0000019d9f1125f8, C4<1>, C4<1>;
L_0000019d9f1ca690 .functor AND 1, L_0000019d9f16d330, L_0000019d9f1ce360, C4<1>, C4<1>;
L_0000019d9f1ce360 .functor NOT 1, o0000019d9f1125f8, C4<0>, C4<0>, C4<0>;
L_0000019d9f1ce1a0 .functor OR 1, L_0000019d9f1ca5b0, L_0000019d9f1ca690, C4<0>, C4<0>;
v0000019d9f163d20_0 .net "D0", 0 0, L_0000019d9f16d330;  1 drivers
v0000019d9f1636e0_0 .net "D1", 0 0, L_0000019d9f16d3d0;  1 drivers
v0000019d9f163e60_0 .net "S", 0 0, o0000019d9f1125f8;  alias, 0 drivers
v0000019d9f165120_0 .net "Sbar", 0 0, L_0000019d9f1ce360;  1 drivers
v0000019d9f163780_0 .net "T1", 0 0, L_0000019d9f1ca5b0;  1 drivers
v0000019d9f16c6b0_0 .net "T2", 0 0, L_0000019d9f1ca690;  1 drivers
v0000019d9f16d8d0_0 .net "Y", 0 0, L_0000019d9f1ce1a0;  1 drivers
# The file index is used to find the file name in the following table.
:file_names 4;
    "N/A";
    "<interactive>";
    "Stall.v";
    "./mux2x1_32.v";
