#! /c/Source/iverilog-install/bin/vvp
:ivl_version "12.0 (devel)" "(s20150603-1539-g2693dd32b)";
:ivl_delay_selection "TYPICAL";
:vpi_time_precision + 0;
:vpi_module "C:\iverilog\lib\ivl\system.vpi";
:vpi_module "C:\iverilog\lib\ivl\vhdl_sys.vpi";
:vpi_module "C:\iverilog\lib\ivl\vhdl_textio.vpi";
:vpi_module "C:\iverilog\lib\ivl\v2005_math.vpi";
:vpi_module "C:\iverilog\lib\ivl\va_math.vpi";
S_000001b2f95564d0 .scope module, "write_back" "write_back" 2 1;
 .timescale 0 0;
    .port_info 0 /INPUT 1 "clk";
    .port_info 1 /INPUT 1 "mem_to_reg";
    .port_info 2 /INPUT 32 "data_from_mem";
    .port_info 3 /INPUT 32 "data_from_ALU";
    .port_info 4 /OUTPUT 32 "write_to_reg";
o000001b2f9716fd8 .functor BUFZ 1, C4<z>; HiZ drive
v000001b2f9556a20_0 .net "clk", 0 0, o000001b2f9716fd8;  0 drivers
o000001b2f9717008 .functor BUFZ 32, C4<zzzzzzzzzzzzzzzzzzzzzzzzzzzzzzzz>; HiZ drive
v000001b2f9556660_0 .net "data_from_ALU", 31 0, o000001b2f9717008;  0 drivers
o000001b2f9717038 .functor BUFZ 32, C4<zzzzzzzzzzzzzzzzzzzzzzzzzzzzzzzz>; HiZ drive
v000001b2f9556700_0 .net "data_from_mem", 31 0, o000001b2f9717038;  0 drivers
o000001b2f9717068 .functor BUFZ 1, C4<z>; HiZ drive
v000001b2f95567a0_0 .net "mem_to_reg", 0 0, o000001b2f9717068;  0 drivers
v000001b2f955eb70_0 .var "write_to_reg", 31 0;
E_000001b2f9714df0 .event posedge, v000001b2f9556a20_0;
    .scope S_000001b2f95564d0;
T_0 ;
    %wait E_000001b2f9714df0;
    %load/vec4 v000001b2f95567a0_0;
    %flag_set/vec4 8;
    %jmp/0xz  T_0.0, 8;
    %load/vec4 v000001b2f9556700_0;
    %assign/vec4 v000001b2f955eb70_0, 0;
    %jmp T_0.1;
T_0.0 ;
    %load/vec4 v000001b2f9556660_0;
    %assign/vec4 v000001b2f955eb70_0, 0;
T_0.1 ;
    %jmp T_0;
    .thread T_0;
# The file index is used to find the file name in the following table.
:file_names 3;
    "N/A";
    "<interactive>";
    "write_back.v";
